[INFO] [11:21:13.568] [JavaFX Application Thread] [] com.toolplat.generator.gui.util.ConnectionManager.getConnection:20 --> database FilePath :/Users/suyin/Documents/MySpace/mybatis-generator-tddl/./config/sqlite3.db
[INFO] [11:21:55.472] [JavaFX Application Thread] [] com.toolplat.generator.gui.util.ConnectionManager.getConnection:20 --> database FilePath :/Users/suyin/Documents/MySpace/mybatis-generator-tddl/./config/sqlite3.db
[INFO] [11:21:55.473] [JavaFX Application Thread] [] com.toolplat.generator.gui.util.ConfigHelper.loadGeneratorConfigs:216 --> sql: SELECT * FROM generator_config
[INFO] [11:21:56.571] [JavaFX Application Thread] [] com.toolplat.generator.gui.util.ConnectionManager.getConnection:20 --> database FilePath :/Users/suyin/Documents/MySpace/mybatis-generator-tddl/./config/sqlite3.db
[INFO] [11:21:56.572] [JavaFX Application Thread] [] com.toolplat.generator.gui.util.ConfigHelper.loadGeneratorConfig:187 --> sql: SELECT * FROM generator_config where name='test'
[INFO] [11:21:57.592] [JavaFX Application Thread] [] com.toolplat.generator.gui.util.ConfigHelper.getAllJDBCDriverJarPaths:276 --> jar lib path: /Users/suyin/Documents/MySpace/mybatis-generator-tddl/src/main/resources/lib
[INFO] [11:21:57.594] [JavaFX Application Thread] [] com.toolplat.generator.gui.util.DbUtil.loadDbDriver:237 --> load driver class: com.mysql.cj.jdbc.Driver@614ac08a
[INFO] [11:21:57.594] [JavaFX Application Thread] [] com.toolplat.generator.gui.util.DbUtil.getConnectionUrlWithSchema:223 --> getConnectionUrlWithSchema, connection url: jdbc:mysql://127.0.0.1:3306/temp_utf8?serverTimezone=UTC&useUnicode=true&useSSL=false&characterEncoding=utf8&allowPublicKeyRetrieval=true
[INFO] [11:21:57.835] [JavaFX Application Thread] [] com.toolplat.generator.gui.util.DbUtil.getConnection:148 --> getConnection, connection url: com.mysql.cj.jdbc.ConnectionImpl@1ee361a4
[INFO] [11:21:59.446] [JavaFX Application Thread] [] com.toolplat.generator.gui.util.DbUtil.getConnectionUrlWithSchema:223 --> getConnectionUrlWithSchema, connection url: jdbc:mysql://127.0.0.1:3306/temp_utf8?serverTimezone=UTC&useUnicode=true&useSSL=false&characterEncoding=utf8&allowPublicKeyRetrieval=true
[INFO] [11:21:59.446] [JavaFX Application Thread] [] com.toolplat.generator.gui.util.DbUtil.getUniqueKeys:247 --> getTableColumns, connection url: jdbc:mysql://127.0.0.1:3306/temp_utf8?serverTimezone=UTC&useUnicode=true&useSSL=false&characterEncoding=utf8&allowPublicKeyRetrieval=true
[INFO] [11:21:59.446] [JavaFX Application Thread] [] com.toolplat.generator.gui.util.DbUtil.getConnectionUrlWithSchema:223 --> getConnectionUrlWithSchema, connection url: jdbc:mysql://127.0.0.1:3306/temp_utf8?serverTimezone=UTC&useUnicode=true&useSSL=false&characterEncoding=utf8&allowPublicKeyRetrieval=true
[INFO] [11:21:59.455] [JavaFX Application Thread] [] com.toolplat.generator.gui.util.DbUtil.getConnection:148 --> getConnection, connection url: com.mysql.cj.jdbc.ConnectionImpl@5b5b91f0
[INFO] [11:22:03.176] [JavaFX Application Thread] [] com.toolplat.generator.gui.util.ConfigHelper.findConnectorLibPath:253 --> jar resource: file:/Users/suyin/Documents/MySpace/mybatis-generator-tddl/generator-gui/target/classes/logback.xml
[INFO] [11:22:03.177] [JavaFX Application Thread] [] com.toolplat.generator.gui.bridge.MybatisGeneratorBridge.generate:80 --> connectorLibPath: /Users/suyin/Documents/MySpace/mybatis-generator-tddl/generator-gui/target/classes/lib/mysql-connector-java-8.0.11.jar
[INFO] [11:22:03.179] [JavaFX Application Thread] [] com.toolplat.generator.gui.util.DbUtil.getConnectionUrlWithSchema:223 --> getConnectionUrlWithSchema, connection url: jdbc:mysql://127.0.0.1:3306/temp_utf8?serverTimezone=UTC&useUnicode=true&useSSL=false&characterEncoding=utf8&allowPublicKeyRetrieval=true
[DEBUG] [11:22:03.236] [JavaFX Application Thread] [] org.mybatis.generator.logging.LogFactory.setImplementation:105 --> Logging initialized using 'org.mybatis.generator.logging.slf4j.Slf4jLoggingLogFactory@7e78e440' adapter.
[DEBUG] [11:22:03.238] [JavaFX Application Thread] [] org.mybatis.generator.internal.db.DatabaseIntrospector.getColumns:501 --> Retrieving column information for table "temp_utf8.table_one_unique_key"
[DEBUG] [11:22:03.249] [JavaFX Application Thread] [] org.mybatis.generator.internal.db.DatabaseIntrospector.getColumns:559 --> Found column "id", data type -5, in table "temp_utf8..table_one_unique_key"
[DEBUG] [11:22:03.249] [JavaFX Application Thread] [] org.mybatis.generator.internal.db.DatabaseIntrospector.getColumns:559 --> Found column "gmt_create", data type 93, in table "temp_utf8..table_one_unique_key"
[DEBUG] [11:22:03.249] [JavaFX Application Thread] [] org.mybatis.generator.internal.db.DatabaseIntrospector.getColumns:559 --> Found column "gmt_modified", data type 93, in table "temp_utf8..table_one_unique_key"
[DEBUG] [11:22:03.250] [JavaFX Application Thread] [] org.mybatis.generator.internal.db.DatabaseIntrospector.getColumns:559 --> Found column "org_id", data type -5, in table "temp_utf8..table_one_unique_key"
[DEBUG] [11:22:03.250] [JavaFX Application Thread] [] org.mybatis.generator.internal.db.DatabaseIntrospector.getColumns:559 --> Found column "cid", data type 12, in table "temp_utf8..table_one_unique_key"
[DEBUG] [11:22:03.250] [JavaFX Application Thread] [] org.mybatis.generator.internal.db.DatabaseIntrospector.getColumns:559 --> Found column "code", data type 12, in table "temp_utf8..table_one_unique_key"
[INFO] [11:23:43.564] [JavaFX Application Thread] [] com.toolplat.generator.gui.util.ConnectionManager.getConnection:20 --> database FilePath :/Users/suyin/Documents/MySpace/mybatis-generator-tddl/./config/sqlite3.db
[INFO] [11:23:46.021] [JavaFX Application Thread] [] com.toolplat.generator.gui.util.ConnectionManager.getConnection:20 --> database FilePath :/Users/suyin/Documents/MySpace/mybatis-generator-tddl/./config/sqlite3.db
[INFO] [11:23:46.022] [JavaFX Application Thread] [] com.toolplat.generator.gui.util.ConfigHelper.loadGeneratorConfigs:216 --> sql: SELECT * FROM generator_config
[INFO] [11:23:46.986] [JavaFX Application Thread] [] com.toolplat.generator.gui.util.ConnectionManager.getConnection:20 --> database FilePath :/Users/suyin/Documents/MySpace/mybatis-generator-tddl/./config/sqlite3.db
[INFO] [11:23:46.987] [JavaFX Application Thread] [] com.toolplat.generator.gui.util.ConfigHelper.loadGeneratorConfig:187 --> sql: SELECT * FROM generator_config where name='test'
[INFO] [11:23:48.002] [JavaFX Application Thread] [] com.toolplat.generator.gui.util.ConfigHelper.getAllJDBCDriverJarPaths:276 --> jar lib path: /Users/suyin/Documents/MySpace/mybatis-generator-tddl/src/main/resources/lib
[INFO] [11:23:48.003] [JavaFX Application Thread] [] com.toolplat.generator.gui.util.DbUtil.loadDbDriver:237 --> load driver class: com.mysql.cj.jdbc.Driver@16bd960f
[INFO] [11:23:48.003] [JavaFX Application Thread] [] com.toolplat.generator.gui.util.DbUtil.getConnectionUrlWithSchema:223 --> getConnectionUrlWithSchema, connection url: jdbc:mysql://127.0.0.1:3306/temp_utf8?serverTimezone=UTC&useUnicode=true&useSSL=false&characterEncoding=utf8&allowPublicKeyRetrieval=true
[INFO] [11:23:48.126] [JavaFX Application Thread] [] com.toolplat.generator.gui.util.DbUtil.getConnection:148 --> getConnection, connection url: com.mysql.cj.jdbc.ConnectionImpl@5def6274
[INFO] [11:23:49.864] [JavaFX Application Thread] [] com.toolplat.generator.gui.util.DbUtil.getConnectionUrlWithSchema:223 --> getConnectionUrlWithSchema, connection url: jdbc:mysql://127.0.0.1:3306/temp_utf8?serverTimezone=UTC&useUnicode=true&useSSL=false&characterEncoding=utf8&allowPublicKeyRetrieval=true
[INFO] [11:23:49.864] [JavaFX Application Thread] [] com.toolplat.generator.gui.util.DbUtil.getUniqueKeys:247 --> getTableColumns, connection url: jdbc:mysql://127.0.0.1:3306/temp_utf8?serverTimezone=UTC&useUnicode=true&useSSL=false&characterEncoding=utf8&allowPublicKeyRetrieval=true
[INFO] [11:23:49.865] [JavaFX Application Thread] [] com.toolplat.generator.gui.util.DbUtil.getConnectionUrlWithSchema:223 --> getConnectionUrlWithSchema, connection url: jdbc:mysql://127.0.0.1:3306/temp_utf8?serverTimezone=UTC&useUnicode=true&useSSL=false&characterEncoding=utf8&allowPublicKeyRetrieval=true
[INFO] [11:23:49.869] [JavaFX Application Thread] [] com.toolplat.generator.gui.util.DbUtil.getConnection:148 --> getConnection, connection url: com.mysql.cj.jdbc.ConnectionImpl@2d3e5a63
[INFO] [11:23:54.111] [JavaFX Application Thread] [] com.toolplat.generator.gui.util.ConfigHelper.findConnectorLibPath:253 --> jar resource: file:/Users/suyin/Documents/MySpace/mybatis-generator-tddl/generator-gui/target/classes/logback.xml
[INFO] [11:23:54.111] [JavaFX Application Thread] [] com.toolplat.generator.gui.bridge.MybatisGeneratorBridge.generate:80 --> connectorLibPath: /Users/suyin/Documents/MySpace/mybatis-generator-tddl/generator-gui/target/classes/lib/mysql-connector-java-8.0.11.jar
[INFO] [11:23:54.113] [JavaFX Application Thread] [] com.toolplat.generator.gui.util.DbUtil.getConnectionUrlWithSchema:223 --> getConnectionUrlWithSchema, connection url: jdbc:mysql://127.0.0.1:3306/temp_utf8?serverTimezone=UTC&useUnicode=true&useSSL=false&characterEncoding=utf8&allowPublicKeyRetrieval=true
[DEBUG] [11:23:54.155] [JavaFX Application Thread] [] org.mybatis.generator.logging.LogFactory.setImplementation:105 --> Logging initialized using 'org.mybatis.generator.logging.slf4j.Slf4jLoggingLogFactory@462d8295' adapter.
[DEBUG] [11:23:54.157] [JavaFX Application Thread] [] org.mybatis.generator.internal.db.DatabaseIntrospector.getColumns:501 --> Retrieving column information for table "temp_utf8.table_one_unique_key"
[DEBUG] [11:23:54.164] [JavaFX Application Thread] [] org.mybatis.generator.internal.db.DatabaseIntrospector.getColumns:559 --> Found column "id", data type -5, in table "temp_utf8..table_one_unique_key"
[DEBUG] [11:23:54.164] [JavaFX Application Thread] [] org.mybatis.generator.internal.db.DatabaseIntrospector.getColumns:559 --> Found column "gmt_create", data type 93, in table "temp_utf8..table_one_unique_key"
[DEBUG] [11:23:54.164] [JavaFX Application Thread] [] org.mybatis.generator.internal.db.DatabaseIntrospector.getColumns:559 --> Found column "gmt_modified", data type 93, in table "temp_utf8..table_one_unique_key"
[DEBUG] [11:23:54.165] [JavaFX Application Thread] [] org.mybatis.generator.internal.db.DatabaseIntrospector.getColumns:559 --> Found column "org_id", data type -5, in table "temp_utf8..table_one_unique_key"
[DEBUG] [11:23:54.165] [JavaFX Application Thread] [] org.mybatis.generator.internal.db.DatabaseIntrospector.getColumns:559 --> Found column "cid", data type 12, in table "temp_utf8..table_one_unique_key"
[DEBUG] [11:23:54.165] [JavaFX Application Thread] [] org.mybatis.generator.internal.db.DatabaseIntrospector.getColumns:559 --> Found column "code", data type 12, in table "temp_utf8..table_one_unique_key"
[INFO] [11:24:15.821] [JavaFX Application Thread] [] com.toolplat.generator.gui.util.ConfigHelper.findConnectorLibPath:253 --> jar resource: file:/Users/suyin/Documents/MySpace/mybatis-generator-tddl/generator-gui/target/classes/logback.xml
[INFO] [11:24:15.821] [JavaFX Application Thread] [] com.toolplat.generator.gui.bridge.MybatisGeneratorBridge.generate:80 --> connectorLibPath: /Users/suyin/Documents/MySpace/mybatis-generator-tddl/generator-gui/target/classes/lib/mysql-connector-java-8.0.11.jar
[INFO] [11:24:15.821] [JavaFX Application Thread] [] com.toolplat.generator.gui.util.DbUtil.getConnectionUrlWithSchema:223 --> getConnectionUrlWithSchema, connection url: jdbc:mysql://127.0.0.1:3306/temp_utf8?serverTimezone=UTC&useUnicode=true&useSSL=false&characterEncoding=utf8&allowPublicKeyRetrieval=true
[DEBUG] [11:24:15.826] [JavaFX Application Thread] [] org.mybatis.generator.internal.db.DatabaseIntrospector.getColumns:501 --> Retrieving column information for table "temp_utf8.table_one_unique_key"
[DEBUG] [11:24:15.829] [JavaFX Application Thread] [] org.mybatis.generator.internal.db.DatabaseIntrospector.getColumns:559 --> Found column "id", data type -5, in table "temp_utf8..table_one_unique_key"
[DEBUG] [11:24:15.829] [JavaFX Application Thread] [] org.mybatis.generator.internal.db.DatabaseIntrospector.getColumns:559 --> Found column "gmt_create", data type 93, in table "temp_utf8..table_one_unique_key"
[DEBUG] [11:24:15.829] [JavaFX Application Thread] [] org.mybatis.generator.internal.db.DatabaseIntrospector.getColumns:559 --> Found column "gmt_modified", data type 93, in table "temp_utf8..table_one_unique_key"
[DEBUG] [11:24:15.830] [JavaFX Application Thread] [] org.mybatis.generator.internal.db.DatabaseIntrospector.getColumns:559 --> Found column "org_id", data type -5, in table "temp_utf8..table_one_unique_key"
[DEBUG] [11:24:15.830] [JavaFX Application Thread] [] org.mybatis.generator.internal.db.DatabaseIntrospector.getColumns:559 --> Found column "cid", data type 12, in table "temp_utf8..table_one_unique_key"
[DEBUG] [11:24:15.830] [JavaFX Application Thread] [] org.mybatis.generator.internal.db.DatabaseIntrospector.getColumns:559 --> Found column "code", data type 12, in table "temp_utf8..table_one_unique_key"
[INFO] [11:25:05.332] [JavaFX Application Thread] [] com.toolplat.generator.gui.util.ConfigHelper.findConnectorLibPath:253 --> jar resource: file:/Users/suyin/Documents/MySpace/mybatis-generator-tddl/generator-gui/target/classes/logback.xml
[INFO] [11:25:05.332] [JavaFX Application Thread] [] com.toolplat.generator.gui.bridge.MybatisGeneratorBridge.generate:80 --> connectorLibPath: /Users/suyin/Documents/MySpace/mybatis-generator-tddl/generator-gui/target/classes/lib/mysql-connector-java-8.0.11.jar
[INFO] [11:25:05.333] [JavaFX Application Thread] [] com.toolplat.generator.gui.util.DbUtil.getConnectionUrlWithSchema:223 --> getConnectionUrlWithSchema, connection url: jdbc:mysql://127.0.0.1:3306/temp_utf8?serverTimezone=UTC&useUnicode=true&useSSL=false&characterEncoding=utf8&allowPublicKeyRetrieval=true
[DEBUG] [11:25:05.337] [JavaFX Application Thread] [] org.mybatis.generator.internal.db.DatabaseIntrospector.getColumns:501 --> Retrieving column information for table "temp_utf8.table_one_unique_key"
[DEBUG] [11:25:05.340] [JavaFX Application Thread] [] org.mybatis.generator.internal.db.DatabaseIntrospector.getColumns:559 --> Found column "id", data type -5, in table "temp_utf8..table_one_unique_key"
[DEBUG] [11:25:05.340] [JavaFX Application Thread] [] org.mybatis.generator.internal.db.DatabaseIntrospector.getColumns:559 --> Found column "gmt_create", data type 93, in table "temp_utf8..table_one_unique_key"
[DEBUG] [11:25:05.340] [JavaFX Application Thread] [] org.mybatis.generator.internal.db.DatabaseIntrospector.getColumns:559 --> Found column "gmt_modified", data type 93, in table "temp_utf8..table_one_unique_key"
[DEBUG] [11:25:05.341] [JavaFX Application Thread] [] org.mybatis.generator.internal.db.DatabaseIntrospector.getColumns:559 --> Found column "org_id", data type -5, in table "temp_utf8..table_one_unique_key"
[DEBUG] [11:25:05.341] [JavaFX Application Thread] [] org.mybatis.generator.internal.db.DatabaseIntrospector.getColumns:559 --> Found column "cid", data type 12, in table "temp_utf8..table_one_unique_key"
[DEBUG] [11:25:05.341] [JavaFX Application Thread] [] org.mybatis.generator.internal.db.DatabaseIntrospector.getColumns:559 --> Found column "code", data type 12, in table "temp_utf8..table_one_unique_key"
