[INFO] [11:01:46.244] [JavaFX Application Thread] [] com.dingtalk.generator.gui.util.ConnectionManager.getConnection:20 --> database FilePath :/Users/suyin/Documents/MySpace/mybatis-generator-tddl/./config/sqlite3.db
[INFO] [11:01:49.237] [JavaFX Application Thread] [] com.dingtalk.generator.gui.util.ConnectionManager.getConnection:20 --> database FilePath :/Users/suyin/Documents/MySpace/mybatis-generator-tddl/./config/sqlite3.db
[INFO] [11:01:49.238] [JavaFX Application Thread] [] com.dingtalk.generator.gui.util.ConfigHelper.loadGeneratorConfigs:216 --> sql: SELECT * FROM generator_config
[INFO] [11:02:34.063] [JavaFX Application Thread] [] com.dingtalk.generator.gui.util.ConfigHelper.getAllJDBCDriverJarPaths:276 --> jar lib path: /Users/suyin/Documents/MySpace/mybatis-generator-tddl/src/main/resources/lib
[INFO] [11:02:34.064] [JavaFX Application Thread] [] com.dingtalk.generator.gui.util.DbUtil.loadDbDriver:236 --> load driver class: com.mysql.cj.jdbc.Driver@7b49ed8c
[INFO] [11:02:34.065] [JavaFX Application Thread] [] com.dingtalk.generator.gui.util.DbUtil.getConnectionUrlWithSchema:222 --> getConnectionUrlWithSchema, connection url: jdbc:mysql://127.0.0.1:3306/temp_utf8?serverTimezone=UTC&useUnicode=true&useSSL=false&characterEncoding=utf8
[ERROR] [11:02:34.245] [JavaFX Application Thread] [] com.dingtalk.generator.gui.controller.TabPaneController.testConnection:159 --> Public Key Retrieval is not allowed
java.sql.SQLNonTransientConnectionException: Public Key Retrieval is not allowed
	at com.mysql.cj.jdbc.exceptions.SQLError.createSQLException(SQLError.java:110) ~[mysql-connector-java-8.0.20.jar:8.0.20]
	at com.mysql.cj.jdbc.exceptions.SQLError.createSQLException(SQLError.java:97) ~[mysql-connector-java-8.0.20.jar:8.0.20]
	at com.mysql.cj.jdbc.exceptions.SQLExceptionsMapping.translateException(SQLExceptionsMapping.java:122) ~[mysql-connector-java-8.0.20.jar:8.0.20]
	at com.mysql.cj.jdbc.ConnectionImpl.createNewIO(ConnectionImpl.java:836) ~[mysql-connector-java-8.0.20.jar:8.0.20]
	at com.mysql.cj.jdbc.ConnectionImpl.<init>(ConnectionImpl.java:456) ~[mysql-connector-java-8.0.20.jar:8.0.20]
	at com.mysql.cj.jdbc.ConnectionImpl.getInstance(ConnectionImpl.java:246) ~[mysql-connector-java-8.0.20.jar:8.0.20]
	at com.mysql.cj.jdbc.NonRegisteringDriver.connect(NonRegisteringDriver.java:197) ~[mysql-connector-java-8.0.20.jar:8.0.20]
	at com.dingtalk.generator.gui.util.DbUtil.getConnection(DbUtil.java:146) ~[classes/:na]
	at com.dingtalk.generator.gui.controller.TabPaneController.testConnection(TabPaneController.java:153) ~[classes/:na]
	at sun.reflect.NativeMethodAccessorImpl.invoke0(Native Method) ~[na:1.8.0_151]
	at sun.reflect.NativeMethodAccessorImpl.invoke(NativeMethodAccessorImpl.java:62) ~[na:1.8.0_151]
	at sun.reflect.DelegatingMethodAccessorImpl.invoke(DelegatingMethodAccessorImpl.java:43) ~[na:1.8.0_151]
	at java.lang.reflect.Method.invoke(Method.java:498) ~[na:1.8.0_151]
	at sun.reflect.misc.Trampoline.invoke(MethodUtil.java:71) [na:1.8.0_151]
	at sun.reflect.GeneratedMethodAccessor1.invoke(Unknown Source) ~[na:na]
	at sun.reflect.DelegatingMethodAccessorImpl.invoke(DelegatingMethodAccessorImpl.java:43) ~[na:1.8.0_151]
	at java.lang.reflect.Method.invoke(Method.java:498) ~[na:1.8.0_151]
	at sun.reflect.misc.MethodUtil.invoke(MethodUtil.java:275) [na:1.8.0_151]
	at javafx.fxml.FXMLLoader$MethodHandler.invoke(FXMLLoader.java:1771) [jfxrt.jar:na]
	at javafx.fxml.FXMLLoader$ControllerMethodEventHandler.handle(FXMLLoader.java:1657) [jfxrt.jar:na]
	at com.sun.javafx.event.CompositeEventHandler.dispatchBubblingEvent(CompositeEventHandler.java:86) [jfxrt.jar:na]
	at com.sun.javafx.event.EventHandlerManager.dispatchBubblingEvent(EventHandlerManager.java:238) [jfxrt.jar:na]
	at com.sun.javafx.event.EventHandlerManager.dispatchBubblingEvent(EventHandlerManager.java:191) [jfxrt.jar:na]
	at com.sun.javafx.event.CompositeEventDispatcher.dispatchBubblingEvent(CompositeEventDispatcher.java:59) [jfxrt.jar:na]
	at com.sun.javafx.event.BasicEventDispatcher.dispatchEvent(BasicEventDispatcher.java:58) [jfxrt.jar:na]
	at com.sun.javafx.event.EventDispatchChainImpl.dispatchEvent(EventDispatchChainImpl.java:114) [jfxrt.jar:na]
	at com.sun.javafx.event.BasicEventDispatcher.dispatchEvent(BasicEventDispatcher.java:56) [jfxrt.jar:na]
	at com.sun.javafx.event.EventDispatchChainImpl.dispatchEvent(EventDispatchChainImpl.java:114) [jfxrt.jar:na]
	at com.sun.javafx.event.BasicEventDispatcher.dispatchEvent(BasicEventDispatcher.java:56) [jfxrt.jar:na]
	at com.sun.javafx.event.EventDispatchChainImpl.dispatchEvent(EventDispatchChainImpl.java:114) [jfxrt.jar:na]
	at com.sun.javafx.event.EventUtil.fireEventImpl(EventUtil.java:74) [jfxrt.jar:na]
	at com.sun.javafx.event.EventUtil.fireEvent(EventUtil.java:49) [jfxrt.jar:na]
	at javafx.event.Event.fireEvent(Event.java:198) [jfxrt.jar:na]
	at javafx.scene.Node.fireEvent(Node.java:8413) [jfxrt.jar:na]
	at javafx.scene.control.Button.fire(Button.java:185) [jfxrt.jar:na]
	at com.sun.javafx.scene.control.behavior.ButtonBehavior.mouseReleased(ButtonBehavior.java:182) [jfxrt.jar:na]
	at com.sun.javafx.scene.control.skin.BehaviorSkinBase$1.handle(BehaviorSkinBase.java:96) [jfxrt.jar:na]
	at com.sun.javafx.scene.control.skin.BehaviorSkinBase$1.handle(BehaviorSkinBase.java:89) [jfxrt.jar:na]
	at com.sun.javafx.event.CompositeEventHandler$NormalEventHandlerRecord.handleBubblingEvent(CompositeEventHandler.java:218) [jfxrt.jar:na]
	at com.sun.javafx.event.CompositeEventHandler.dispatchBubblingEvent(CompositeEventHandler.java:80) [jfxrt.jar:na]
	at com.sun.javafx.event.EventHandlerManager.dispatchBubblingEvent(EventHandlerManager.java:238) [jfxrt.jar:na]
	at com.sun.javafx.event.EventHandlerManager.dispatchBubblingEvent(EventHandlerManager.java:191) [jfxrt.jar:na]
	at com.sun.javafx.event.CompositeEventDispatcher.dispatchBubblingEvent(CompositeEventDispatcher.java:59) [jfxrt.jar:na]
	at com.sun.javafx.event.BasicEventDispatcher.dispatchEvent(BasicEventDispatcher.java:58) [jfxrt.jar:na]
	at com.sun.javafx.event.EventDispatchChainImpl.dispatchEvent(EventDispatchChainImpl.java:114) [jfxrt.jar:na]
	at com.sun.javafx.event.BasicEventDispatcher.dispatchEvent(BasicEventDispatcher.java:56) [jfxrt.jar:na]
	at com.sun.javafx.event.EventDispatchChainImpl.dispatchEvent(EventDispatchChainImpl.java:114) [jfxrt.jar:na]
	at com.sun.javafx.event.BasicEventDispatcher.dispatchEvent(BasicEventDispatcher.java:56) [jfxrt.jar:na]
	at com.sun.javafx.event.EventDispatchChainImpl.dispatchEvent(EventDispatchChainImpl.java:114) [jfxrt.jar:na]
	at com.sun.javafx.event.EventUtil.fireEventImpl(EventUtil.java:74) [jfxrt.jar:na]
	at com.sun.javafx.event.EventUtil.fireEvent(EventUtil.java:54) [jfxrt.jar:na]
	at javafx.event.Event.fireEvent(Event.java:198) [jfxrt.jar:na]
	at javafx.scene.Scene$MouseHandler.process(Scene.java:3757) [jfxrt.jar:na]
	at javafx.scene.Scene$MouseHandler.access$1500(Scene.java:3485) [jfxrt.jar:na]
	at javafx.scene.Scene.impl_processMouseEvent(Scene.java:1762) [jfxrt.jar:na]
	at javafx.scene.Scene$ScenePeerListener.mouseEvent(Scene.java:2494) [jfxrt.jar:na]
	at com.sun.javafx.tk.quantum.GlassViewEventHandler$MouseEventNotification.run(GlassViewEventHandler.java:381) [jfxrt.jar:na]
	at com.sun.javafx.tk.quantum.GlassViewEventHandler$MouseEventNotification.run(GlassViewEventHandler.java:295) [jfxrt.jar:na]
	at java.security.AccessController.doPrivileged(Native Method) [na:1.8.0_151]
	at com.sun.javafx.tk.quantum.GlassViewEventHandler.lambda$handleMouseEvent$353(GlassViewEventHandler.java:417) [jfxrt.jar:na]
	at com.sun.javafx.tk.quantum.QuantumToolkit.runWithoutRenderLock(QuantumToolkit.java:389) ~[jfxrt.jar:na]
	at com.sun.javafx.tk.quantum.GlassViewEventHandler.handleMouseEvent(GlassViewEventHandler.java:416) [jfxrt.jar:na]
	at com.sun.glass.ui.View.handleMouseEvent(View.java:555) ~[jfxrt.jar:na]
	at com.sun.glass.ui.View.notifyMouse(View.java:937) ~[jfxrt.jar:na]
[INFO] [11:03:01.814] [JavaFX Application Thread] [] com.dingtalk.generator.gui.util.ConfigHelper.getAllJDBCDriverJarPaths:276 --> jar lib path: /Users/suyin/Documents/MySpace/mybatis-generator-tddl/src/main/resources/lib
[INFO] [11:03:01.816] [JavaFX Application Thread] [] com.dingtalk.generator.gui.util.DbUtil.loadDbDriver:236 --> load driver class: com.mysql.jdbc.Driver@7f98e61a
[INFO] [11:03:01.816] [JavaFX Application Thread] [] com.dingtalk.generator.gui.util.DbUtil.getConnectionUrlWithSchema:222 --> getConnectionUrlWithSchema, connection url: jdbc:mysql://127.0.0.1:3306/temp_utf8?useUnicode=true&useSSL=false&characterEncoding=utf8
[ERROR] [11:03:01.820] [JavaFX Application Thread] [] com.dingtalk.generator.gui.controller.TabPaneController.testConnection:159 --> Public Key Retrieval is not allowed
java.sql.SQLNonTransientConnectionException: Public Key Retrieval is not allowed
	at com.mysql.cj.jdbc.exceptions.SQLError.createSQLException(SQLError.java:110) ~[mysql-connector-java-8.0.20.jar:8.0.20]
	at com.mysql.cj.jdbc.exceptions.SQLError.createSQLException(SQLError.java:97) ~[mysql-connector-java-8.0.20.jar:8.0.20]
	at com.mysql.cj.jdbc.exceptions.SQLExceptionsMapping.translateException(SQLExceptionsMapping.java:122) ~[mysql-connector-java-8.0.20.jar:8.0.20]
	at com.mysql.cj.jdbc.ConnectionImpl.createNewIO(ConnectionImpl.java:836) ~[mysql-connector-java-8.0.20.jar:8.0.20]
	at com.mysql.cj.jdbc.ConnectionImpl.<init>(ConnectionImpl.java:456) ~[mysql-connector-java-8.0.20.jar:8.0.20]
	at com.mysql.cj.jdbc.ConnectionImpl.getInstance(ConnectionImpl.java:246) ~[mysql-connector-java-8.0.20.jar:8.0.20]
	at com.mysql.cj.jdbc.NonRegisteringDriver.connect(NonRegisteringDriver.java:197) ~[mysql-connector-java-8.0.20.jar:8.0.20]
	at com.dingtalk.generator.gui.util.DbUtil.getConnection(DbUtil.java:146) ~[classes/:na]
	at com.dingtalk.generator.gui.controller.TabPaneController.testConnection(TabPaneController.java:153) ~[classes/:na]
	at sun.reflect.NativeMethodAccessorImpl.invoke0(Native Method) ~[na:1.8.0_151]
	at sun.reflect.NativeMethodAccessorImpl.invoke(NativeMethodAccessorImpl.java:62) ~[na:1.8.0_151]
	at sun.reflect.DelegatingMethodAccessorImpl.invoke(DelegatingMethodAccessorImpl.java:43) ~[na:1.8.0_151]
	at java.lang.reflect.Method.invoke(Method.java:498) ~[na:1.8.0_151]
	at sun.reflect.misc.Trampoline.invoke(MethodUtil.java:71) [na:1.8.0_151]
	at sun.reflect.GeneratedMethodAccessor1.invoke(Unknown Source) ~[na:na]
	at sun.reflect.DelegatingMethodAccessorImpl.invoke(DelegatingMethodAccessorImpl.java:43) ~[na:1.8.0_151]
	at java.lang.reflect.Method.invoke(Method.java:498) ~[na:1.8.0_151]
	at sun.reflect.misc.MethodUtil.invoke(MethodUtil.java:275) [na:1.8.0_151]
	at javafx.fxml.FXMLLoader$MethodHandler.invoke(FXMLLoader.java:1771) [jfxrt.jar:na]
	at javafx.fxml.FXMLLoader$ControllerMethodEventHandler.handle(FXMLLoader.java:1657) [jfxrt.jar:na]
	at com.sun.javafx.event.CompositeEventHandler.dispatchBubblingEvent(CompositeEventHandler.java:86) [jfxrt.jar:na]
	at com.sun.javafx.event.EventHandlerManager.dispatchBubblingEvent(EventHandlerManager.java:238) [jfxrt.jar:na]
	at com.sun.javafx.event.EventHandlerManager.dispatchBubblingEvent(EventHandlerManager.java:191) [jfxrt.jar:na]
	at com.sun.javafx.event.CompositeEventDispatcher.dispatchBubblingEvent(CompositeEventDispatcher.java:59) [jfxrt.jar:na]
	at com.sun.javafx.event.BasicEventDispatcher.dispatchEvent(BasicEventDispatcher.java:58) [jfxrt.jar:na]
	at com.sun.javafx.event.EventDispatchChainImpl.dispatchEvent(EventDispatchChainImpl.java:114) [jfxrt.jar:na]
	at com.sun.javafx.event.BasicEventDispatcher.dispatchEvent(BasicEventDispatcher.java:56) [jfxrt.jar:na]
	at com.sun.javafx.event.EventDispatchChainImpl.dispatchEvent(EventDispatchChainImpl.java:114) [jfxrt.jar:na]
	at com.sun.javafx.event.BasicEventDispatcher.dispatchEvent(BasicEventDispatcher.java:56) [jfxrt.jar:na]
	at com.sun.javafx.event.EventDispatchChainImpl.dispatchEvent(EventDispatchChainImpl.java:114) [jfxrt.jar:na]
	at com.sun.javafx.event.EventUtil.fireEventImpl(EventUtil.java:74) [jfxrt.jar:na]
	at com.sun.javafx.event.EventUtil.fireEvent(EventUtil.java:49) [jfxrt.jar:na]
	at javafx.event.Event.fireEvent(Event.java:198) [jfxrt.jar:na]
	at javafx.scene.Node.fireEvent(Node.java:8413) [jfxrt.jar:na]
	at javafx.scene.control.Button.fire(Button.java:185) [jfxrt.jar:na]
	at com.sun.javafx.scene.control.behavior.ButtonBehavior.mouseReleased(ButtonBehavior.java:182) [jfxrt.jar:na]
	at com.sun.javafx.scene.control.skin.BehaviorSkinBase$1.handle(BehaviorSkinBase.java:96) [jfxrt.jar:na]
	at com.sun.javafx.scene.control.skin.BehaviorSkinBase$1.handle(BehaviorSkinBase.java:89) [jfxrt.jar:na]
	at com.sun.javafx.event.CompositeEventHandler$NormalEventHandlerRecord.handleBubblingEvent(CompositeEventHandler.java:218) [jfxrt.jar:na]
	at com.sun.javafx.event.CompositeEventHandler.dispatchBubblingEvent(CompositeEventHandler.java:80) [jfxrt.jar:na]
	at com.sun.javafx.event.EventHandlerManager.dispatchBubblingEvent(EventHandlerManager.java:238) [jfxrt.jar:na]
	at com.sun.javafx.event.EventHandlerManager.dispatchBubblingEvent(EventHandlerManager.java:191) [jfxrt.jar:na]
	at com.sun.javafx.event.CompositeEventDispatcher.dispatchBubblingEvent(CompositeEventDispatcher.java:59) [jfxrt.jar:na]
	at com.sun.javafx.event.BasicEventDispatcher.dispatchEvent(BasicEventDispatcher.java:58) [jfxrt.jar:na]
	at com.sun.javafx.event.EventDispatchChainImpl.dispatchEvent(EventDispatchChainImpl.java:114) [jfxrt.jar:na]
	at com.sun.javafx.event.BasicEventDispatcher.dispatchEvent(BasicEventDispatcher.java:56) [jfxrt.jar:na]
	at com.sun.javafx.event.EventDispatchChainImpl.dispatchEvent(EventDispatchChainImpl.java:114) [jfxrt.jar:na]
	at com.sun.javafx.event.BasicEventDispatcher.dispatchEvent(BasicEventDispatcher.java:56) [jfxrt.jar:na]
	at com.sun.javafx.event.EventDispatchChainImpl.dispatchEvent(EventDispatchChainImpl.java:114) [jfxrt.jar:na]
	at com.sun.javafx.event.EventUtil.fireEventImpl(EventUtil.java:74) [jfxrt.jar:na]
	at com.sun.javafx.event.EventUtil.fireEvent(EventUtil.java:54) [jfxrt.jar:na]
	at javafx.event.Event.fireEvent(Event.java:198) [jfxrt.jar:na]
	at javafx.scene.Scene$MouseHandler.process(Scene.java:3757) [jfxrt.jar:na]
	at javafx.scene.Scene$MouseHandler.access$1500(Scene.java:3485) [jfxrt.jar:na]
	at javafx.scene.Scene.impl_processMouseEvent(Scene.java:1762) [jfxrt.jar:na]
	at javafx.scene.Scene$ScenePeerListener.mouseEvent(Scene.java:2494) [jfxrt.jar:na]
	at com.sun.javafx.tk.quantum.GlassViewEventHandler$MouseEventNotification.run(GlassViewEventHandler.java:381) [jfxrt.jar:na]
	at com.sun.javafx.tk.quantum.GlassViewEventHandler$MouseEventNotification.run(GlassViewEventHandler.java:295) [jfxrt.jar:na]
	at java.security.AccessController.doPrivileged(Native Method) [na:1.8.0_151]
	at com.sun.javafx.tk.quantum.GlassViewEventHandler.lambda$handleMouseEvent$353(GlassViewEventHandler.java:417) [jfxrt.jar:na]
	at com.sun.javafx.tk.quantum.QuantumToolkit.runWithoutRenderLock(QuantumToolkit.java:389) ~[jfxrt.jar:na]
	at com.sun.javafx.tk.quantum.GlassViewEventHandler.handleMouseEvent(GlassViewEventHandler.java:416) [jfxrt.jar:na]
	at com.sun.glass.ui.View.handleMouseEvent(View.java:555) ~[jfxrt.jar:na]
	at com.sun.glass.ui.View.notifyMouse(View.java:937) ~[jfxrt.jar:na]
[INFO] [11:03:06.589] [JavaFX Application Thread] [] com.dingtalk.generator.gui.util.DbUtil.getConnectionUrlWithSchema:222 --> getConnectionUrlWithSchema, connection url: jdbc:mysql://127.0.0.1:3306/temp_utf8?serverTimezone=UTC&useUnicode=true&useSSL=false&characterEncoding=utf8
[ERROR] [11:03:06.593] [JavaFX Application Thread] [] com.dingtalk.generator.gui.controller.TabPaneController.testConnection:159 --> Public Key Retrieval is not allowed
java.sql.SQLNonTransientConnectionException: Public Key Retrieval is not allowed
	at com.mysql.cj.jdbc.exceptions.SQLError.createSQLException(SQLError.java:110) ~[mysql-connector-java-8.0.20.jar:8.0.20]
	at com.mysql.cj.jdbc.exceptions.SQLError.createSQLException(SQLError.java:97) ~[mysql-connector-java-8.0.20.jar:8.0.20]
	at com.mysql.cj.jdbc.exceptions.SQLExceptionsMapping.translateException(SQLExceptionsMapping.java:122) ~[mysql-connector-java-8.0.20.jar:8.0.20]
	at com.mysql.cj.jdbc.ConnectionImpl.createNewIO(ConnectionImpl.java:836) ~[mysql-connector-java-8.0.20.jar:8.0.20]
	at com.mysql.cj.jdbc.ConnectionImpl.<init>(ConnectionImpl.java:456) ~[mysql-connector-java-8.0.20.jar:8.0.20]
	at com.mysql.cj.jdbc.ConnectionImpl.getInstance(ConnectionImpl.java:246) ~[mysql-connector-java-8.0.20.jar:8.0.20]
	at com.mysql.cj.jdbc.NonRegisteringDriver.connect(NonRegisteringDriver.java:197) ~[mysql-connector-java-8.0.20.jar:8.0.20]
	at com.dingtalk.generator.gui.util.DbUtil.getConnection(DbUtil.java:146) ~[classes/:na]
	at com.dingtalk.generator.gui.controller.TabPaneController.testConnection(TabPaneController.java:153) ~[classes/:na]
	at sun.reflect.NativeMethodAccessorImpl.invoke0(Native Method) ~[na:1.8.0_151]
	at sun.reflect.NativeMethodAccessorImpl.invoke(NativeMethodAccessorImpl.java:62) ~[na:1.8.0_151]
	at sun.reflect.DelegatingMethodAccessorImpl.invoke(DelegatingMethodAccessorImpl.java:43) ~[na:1.8.0_151]
	at java.lang.reflect.Method.invoke(Method.java:498) ~[na:1.8.0_151]
	at sun.reflect.misc.Trampoline.invoke(MethodUtil.java:71) [na:1.8.0_151]
	at sun.reflect.GeneratedMethodAccessor1.invoke(Unknown Source) ~[na:na]
	at sun.reflect.DelegatingMethodAccessorImpl.invoke(DelegatingMethodAccessorImpl.java:43) ~[na:1.8.0_151]
	at java.lang.reflect.Method.invoke(Method.java:498) ~[na:1.8.0_151]
	at sun.reflect.misc.MethodUtil.invoke(MethodUtil.java:275) [na:1.8.0_151]
	at javafx.fxml.FXMLLoader$MethodHandler.invoke(FXMLLoader.java:1771) [jfxrt.jar:na]
	at javafx.fxml.FXMLLoader$ControllerMethodEventHandler.handle(FXMLLoader.java:1657) [jfxrt.jar:na]
	at com.sun.javafx.event.CompositeEventHandler.dispatchBubblingEvent(CompositeEventHandler.java:86) [jfxrt.jar:na]
	at com.sun.javafx.event.EventHandlerManager.dispatchBubblingEvent(EventHandlerManager.java:238) [jfxrt.jar:na]
	at com.sun.javafx.event.EventHandlerManager.dispatchBubblingEvent(EventHandlerManager.java:191) [jfxrt.jar:na]
	at com.sun.javafx.event.CompositeEventDispatcher.dispatchBubblingEvent(CompositeEventDispatcher.java:59) [jfxrt.jar:na]
	at com.sun.javafx.event.BasicEventDispatcher.dispatchEvent(BasicEventDispatcher.java:58) [jfxrt.jar:na]
	at com.sun.javafx.event.EventDispatchChainImpl.dispatchEvent(EventDispatchChainImpl.java:114) [jfxrt.jar:na]
	at com.sun.javafx.event.BasicEventDispatcher.dispatchEvent(BasicEventDispatcher.java:56) [jfxrt.jar:na]
	at com.sun.javafx.event.EventDispatchChainImpl.dispatchEvent(EventDispatchChainImpl.java:114) [jfxrt.jar:na]
	at com.sun.javafx.event.BasicEventDispatcher.dispatchEvent(BasicEventDispatcher.java:56) [jfxrt.jar:na]
	at com.sun.javafx.event.EventDispatchChainImpl.dispatchEvent(EventDispatchChainImpl.java:114) [jfxrt.jar:na]
	at com.sun.javafx.event.EventUtil.fireEventImpl(EventUtil.java:74) [jfxrt.jar:na]
	at com.sun.javafx.event.EventUtil.fireEvent(EventUtil.java:49) [jfxrt.jar:na]
	at javafx.event.Event.fireEvent(Event.java:198) [jfxrt.jar:na]
	at javafx.scene.Node.fireEvent(Node.java:8413) [jfxrt.jar:na]
	at javafx.scene.control.Button.fire(Button.java:185) [jfxrt.jar:na]
	at com.sun.javafx.scene.control.behavior.ButtonBehavior.mouseReleased(ButtonBehavior.java:182) [jfxrt.jar:na]
	at com.sun.javafx.scene.control.skin.BehaviorSkinBase$1.handle(BehaviorSkinBase.java:96) [jfxrt.jar:na]
	at com.sun.javafx.scene.control.skin.BehaviorSkinBase$1.handle(BehaviorSkinBase.java:89) [jfxrt.jar:na]
	at com.sun.javafx.event.CompositeEventHandler$NormalEventHandlerRecord.handleBubblingEvent(CompositeEventHandler.java:218) [jfxrt.jar:na]
	at com.sun.javafx.event.CompositeEventHandler.dispatchBubblingEvent(CompositeEventHandler.java:80) [jfxrt.jar:na]
	at com.sun.javafx.event.EventHandlerManager.dispatchBubblingEvent(EventHandlerManager.java:238) [jfxrt.jar:na]
	at com.sun.javafx.event.EventHandlerManager.dispatchBubblingEvent(EventHandlerManager.java:191) [jfxrt.jar:na]
	at com.sun.javafx.event.CompositeEventDispatcher.dispatchBubblingEvent(CompositeEventDispatcher.java:59) [jfxrt.jar:na]
	at com.sun.javafx.event.BasicEventDispatcher.dispatchEvent(BasicEventDispatcher.java:58) [jfxrt.jar:na]
	at com.sun.javafx.event.EventDispatchChainImpl.dispatchEvent(EventDispatchChainImpl.java:114) [jfxrt.jar:na]
	at com.sun.javafx.event.BasicEventDispatcher.dispatchEvent(BasicEventDispatcher.java:56) [jfxrt.jar:na]
	at com.sun.javafx.event.EventDispatchChainImpl.dispatchEvent(EventDispatchChainImpl.java:114) [jfxrt.jar:na]
	at com.sun.javafx.event.BasicEventDispatcher.dispatchEvent(BasicEventDispatcher.java:56) [jfxrt.jar:na]
	at com.sun.javafx.event.EventDispatchChainImpl.dispatchEvent(EventDispatchChainImpl.java:114) [jfxrt.jar:na]
	at com.sun.javafx.event.EventUtil.fireEventImpl(EventUtil.java:74) [jfxrt.jar:na]
	at com.sun.javafx.event.EventUtil.fireEvent(EventUtil.java:54) [jfxrt.jar:na]
	at javafx.event.Event.fireEvent(Event.java:198) [jfxrt.jar:na]
	at javafx.scene.Scene$MouseHandler.process(Scene.java:3757) [jfxrt.jar:na]
	at javafx.scene.Scene$MouseHandler.access$1500(Scene.java:3485) [jfxrt.jar:na]
	at javafx.scene.Scene.impl_processMouseEvent(Scene.java:1762) [jfxrt.jar:na]
	at javafx.scene.Scene$ScenePeerListener.mouseEvent(Scene.java:2494) [jfxrt.jar:na]
	at com.sun.javafx.tk.quantum.GlassViewEventHandler$MouseEventNotification.run(GlassViewEventHandler.java:381) [jfxrt.jar:na]
	at com.sun.javafx.tk.quantum.GlassViewEventHandler$MouseEventNotification.run(GlassViewEventHandler.java:295) [jfxrt.jar:na]
	at java.security.AccessController.doPrivileged(Native Method) [na:1.8.0_151]
	at com.sun.javafx.tk.quantum.GlassViewEventHandler.lambda$handleMouseEvent$353(GlassViewEventHandler.java:417) [jfxrt.jar:na]
	at com.sun.javafx.tk.quantum.QuantumToolkit.runWithoutRenderLock(QuantumToolkit.java:389) ~[jfxrt.jar:na]
	at com.sun.javafx.tk.quantum.GlassViewEventHandler.handleMouseEvent(GlassViewEventHandler.java:416) [jfxrt.jar:na]
	at com.sun.glass.ui.View.handleMouseEvent(View.java:555) ~[jfxrt.jar:na]
	at com.sun.glass.ui.View.notifyMouse(View.java:937) ~[jfxrt.jar:na]
[INFO] [11:04:25.811] [JavaFX Application Thread] [] com.dingtalk.generator.gui.util.DbUtil.getConnectionUrlWithSchema:222 --> getConnectionUrlWithSchema, connection url: jdbc:mysql://127.0.0.1:3306/temp_utf8?serverTimezone=UTC&useUnicode=true&useSSL=false&characterEncoding=utf8
[ERROR] [11:04:25.814] [JavaFX Application Thread] [] com.dingtalk.generator.gui.controller.TabPaneController.testConnection:159 --> Public Key Retrieval is not allowed
java.sql.SQLNonTransientConnectionException: Public Key Retrieval is not allowed
	at com.mysql.cj.jdbc.exceptions.SQLError.createSQLException(SQLError.java:110) ~[mysql-connector-java-8.0.20.jar:8.0.20]
	at com.mysql.cj.jdbc.exceptions.SQLError.createSQLException(SQLError.java:97) ~[mysql-connector-java-8.0.20.jar:8.0.20]
	at com.mysql.cj.jdbc.exceptions.SQLExceptionsMapping.translateException(SQLExceptionsMapping.java:122) ~[mysql-connector-java-8.0.20.jar:8.0.20]
	at com.mysql.cj.jdbc.ConnectionImpl.createNewIO(ConnectionImpl.java:836) ~[mysql-connector-java-8.0.20.jar:8.0.20]
	at com.mysql.cj.jdbc.ConnectionImpl.<init>(ConnectionImpl.java:456) ~[mysql-connector-java-8.0.20.jar:8.0.20]
	at com.mysql.cj.jdbc.ConnectionImpl.getInstance(ConnectionImpl.java:246) ~[mysql-connector-java-8.0.20.jar:8.0.20]
	at com.mysql.cj.jdbc.NonRegisteringDriver.connect(NonRegisteringDriver.java:197) ~[mysql-connector-java-8.0.20.jar:8.0.20]
	at com.dingtalk.generator.gui.util.DbUtil.getConnection(DbUtil.java:146) ~[classes/:na]
	at com.dingtalk.generator.gui.controller.TabPaneController.testConnection(TabPaneController.java:153) ~[classes/:na]
	at sun.reflect.NativeMethodAccessorImpl.invoke0(Native Method) ~[na:1.8.0_151]
	at sun.reflect.NativeMethodAccessorImpl.invoke(NativeMethodAccessorImpl.java:62) ~[na:1.8.0_151]
	at sun.reflect.DelegatingMethodAccessorImpl.invoke(DelegatingMethodAccessorImpl.java:43) ~[na:1.8.0_151]
	at java.lang.reflect.Method.invoke(Method.java:498) ~[na:1.8.0_151]
	at sun.reflect.misc.Trampoline.invoke(MethodUtil.java:71) [na:1.8.0_151]
	at sun.reflect.GeneratedMethodAccessor1.invoke(Unknown Source) ~[na:na]
	at sun.reflect.DelegatingMethodAccessorImpl.invoke(DelegatingMethodAccessorImpl.java:43) ~[na:1.8.0_151]
	at java.lang.reflect.Method.invoke(Method.java:498) ~[na:1.8.0_151]
	at sun.reflect.misc.MethodUtil.invoke(MethodUtil.java:275) [na:1.8.0_151]
	at javafx.fxml.FXMLLoader$MethodHandler.invoke(FXMLLoader.java:1771) [jfxrt.jar:na]
	at javafx.fxml.FXMLLoader$ControllerMethodEventHandler.handle(FXMLLoader.java:1657) [jfxrt.jar:na]
	at com.sun.javafx.event.CompositeEventHandler.dispatchBubblingEvent(CompositeEventHandler.java:86) [jfxrt.jar:na]
	at com.sun.javafx.event.EventHandlerManager.dispatchBubblingEvent(EventHandlerManager.java:238) [jfxrt.jar:na]
	at com.sun.javafx.event.EventHandlerManager.dispatchBubblingEvent(EventHandlerManager.java:191) [jfxrt.jar:na]
	at com.sun.javafx.event.CompositeEventDispatcher.dispatchBubblingEvent(CompositeEventDispatcher.java:59) [jfxrt.jar:na]
	at com.sun.javafx.event.BasicEventDispatcher.dispatchEvent(BasicEventDispatcher.java:58) [jfxrt.jar:na]
	at com.sun.javafx.event.EventDispatchChainImpl.dispatchEvent(EventDispatchChainImpl.java:114) [jfxrt.jar:na]
	at com.sun.javafx.event.BasicEventDispatcher.dispatchEvent(BasicEventDispatcher.java:56) [jfxrt.jar:na]
	at com.sun.javafx.event.EventDispatchChainImpl.dispatchEvent(EventDispatchChainImpl.java:114) [jfxrt.jar:na]
	at com.sun.javafx.event.BasicEventDispatcher.dispatchEvent(BasicEventDispatcher.java:56) [jfxrt.jar:na]
	at com.sun.javafx.event.EventDispatchChainImpl.dispatchEvent(EventDispatchChainImpl.java:114) [jfxrt.jar:na]
	at com.sun.javafx.event.EventUtil.fireEventImpl(EventUtil.java:74) [jfxrt.jar:na]
	at com.sun.javafx.event.EventUtil.fireEvent(EventUtil.java:49) [jfxrt.jar:na]
	at javafx.event.Event.fireEvent(Event.java:198) [jfxrt.jar:na]
	at javafx.scene.Node.fireEvent(Node.java:8413) [jfxrt.jar:na]
	at javafx.scene.control.Button.fire(Button.java:185) [jfxrt.jar:na]
	at com.sun.javafx.scene.control.behavior.ButtonBehavior.mouseReleased(ButtonBehavior.java:182) [jfxrt.jar:na]
	at com.sun.javafx.scene.control.skin.BehaviorSkinBase$1.handle(BehaviorSkinBase.java:96) [jfxrt.jar:na]
	at com.sun.javafx.scene.control.skin.BehaviorSkinBase$1.handle(BehaviorSkinBase.java:89) [jfxrt.jar:na]
	at com.sun.javafx.event.CompositeEventHandler$NormalEventHandlerRecord.handleBubblingEvent(CompositeEventHandler.java:218) [jfxrt.jar:na]
	at com.sun.javafx.event.CompositeEventHandler.dispatchBubblingEvent(CompositeEventHandler.java:80) [jfxrt.jar:na]
	at com.sun.javafx.event.EventHandlerManager.dispatchBubblingEvent(EventHandlerManager.java:238) [jfxrt.jar:na]
	at com.sun.javafx.event.EventHandlerManager.dispatchBubblingEvent(EventHandlerManager.java:191) [jfxrt.jar:na]
	at com.sun.javafx.event.CompositeEventDispatcher.dispatchBubblingEvent(CompositeEventDispatcher.java:59) [jfxrt.jar:na]
	at com.sun.javafx.event.BasicEventDispatcher.dispatchEvent(BasicEventDispatcher.java:58) [jfxrt.jar:na]
	at com.sun.javafx.event.EventDispatchChainImpl.dispatchEvent(EventDispatchChainImpl.java:114) [jfxrt.jar:na]
	at com.sun.javafx.event.BasicEventDispatcher.dispatchEvent(BasicEventDispatcher.java:56) [jfxrt.jar:na]
	at com.sun.javafx.event.EventDispatchChainImpl.dispatchEvent(EventDispatchChainImpl.java:114) [jfxrt.jar:na]
	at com.sun.javafx.event.BasicEventDispatcher.dispatchEvent(BasicEventDispatcher.java:56) [jfxrt.jar:na]
	at com.sun.javafx.event.EventDispatchChainImpl.dispatchEvent(EventDispatchChainImpl.java:114) [jfxrt.jar:na]
	at com.sun.javafx.event.EventUtil.fireEventImpl(EventUtil.java:74) [jfxrt.jar:na]
	at com.sun.javafx.event.EventUtil.fireEvent(EventUtil.java:54) [jfxrt.jar:na]
	at javafx.event.Event.fireEvent(Event.java:198) [jfxrt.jar:na]
	at javafx.scene.Scene$MouseHandler.process(Scene.java:3757) [jfxrt.jar:na]
	at javafx.scene.Scene$MouseHandler.access$1500(Scene.java:3485) [jfxrt.jar:na]
	at javafx.scene.Scene.impl_processMouseEvent(Scene.java:1762) [jfxrt.jar:na]
	at javafx.scene.Scene$ScenePeerListener.mouseEvent(Scene.java:2494) [jfxrt.jar:na]
	at com.sun.javafx.tk.quantum.GlassViewEventHandler$MouseEventNotification.run(GlassViewEventHandler.java:381) [jfxrt.jar:na]
	at com.sun.javafx.tk.quantum.GlassViewEventHandler$MouseEventNotification.run(GlassViewEventHandler.java:295) [jfxrt.jar:na]
	at java.security.AccessController.doPrivileged(Native Method) [na:1.8.0_151]
	at com.sun.javafx.tk.quantum.GlassViewEventHandler.lambda$handleMouseEvent$353(GlassViewEventHandler.java:417) [jfxrt.jar:na]
	at com.sun.javafx.tk.quantum.QuantumToolkit.runWithoutRenderLock(QuantumToolkit.java:389) ~[jfxrt.jar:na]
	at com.sun.javafx.tk.quantum.GlassViewEventHandler.handleMouseEvent(GlassViewEventHandler.java:416) [jfxrt.jar:na]
	at com.sun.glass.ui.View.handleMouseEvent(View.java:555) ~[jfxrt.jar:na]
	at com.sun.glass.ui.View.notifyMouse(View.java:937) ~[jfxrt.jar:na]
[INFO] [11:04:29.760] [JavaFX Application Thread] [] com.dingtalk.generator.gui.util.ConnectionManager.getConnection:20 --> database FilePath :/Users/suyin/Documents/MySpace/mybatis-generator-tddl/./config/sqlite3.db
[INFO] [11:04:29.859] [JavaFX Application Thread] [] com.dingtalk.generator.gui.util.ConnectionManager.getConnection:20 --> database FilePath :/Users/suyin/Documents/MySpace/mybatis-generator-tddl/./config/sqlite3.db
[INFO] [11:04:31.609] [JavaFX Application Thread] [] com.dingtalk.generator.gui.util.DbUtil.getConnectionUrlWithSchema:222 --> getConnectionUrlWithSchema, connection url: jdbc:mysql://127.0.0.1:3306/temp_utf8?serverTimezone=UTC&useUnicode=true&useSSL=false&characterEncoding=utf8
[ERROR] [11:04:31.612] [JavaFX Application Thread] [] com.dingtalk.generator.gui.controller.MainUIController.lambda$null$7:219 --> Public Key Retrieval is not allowed
java.sql.SQLNonTransientConnectionException: Public Key Retrieval is not allowed
	at com.mysql.cj.jdbc.exceptions.SQLError.createSQLException(SQLError.java:110) ~[mysql-connector-java-8.0.20.jar:8.0.20]
	at com.mysql.cj.jdbc.exceptions.SQLError.createSQLException(SQLError.java:97) ~[mysql-connector-java-8.0.20.jar:8.0.20]
	at com.mysql.cj.jdbc.exceptions.SQLExceptionsMapping.translateException(SQLExceptionsMapping.java:122) ~[mysql-connector-java-8.0.20.jar:8.0.20]
	at com.mysql.cj.jdbc.ConnectionImpl.createNewIO(ConnectionImpl.java:836) ~[mysql-connector-java-8.0.20.jar:8.0.20]
	at com.mysql.cj.jdbc.ConnectionImpl.<init>(ConnectionImpl.java:456) ~[mysql-connector-java-8.0.20.jar:8.0.20]
	at com.mysql.cj.jdbc.ConnectionImpl.getInstance(ConnectionImpl.java:246) ~[mysql-connector-java-8.0.20.jar:8.0.20]
	at com.mysql.cj.jdbc.NonRegisteringDriver.connect(NonRegisteringDriver.java:197) ~[mysql-connector-java-8.0.20.jar:8.0.20]
	at com.dingtalk.generator.gui.util.DbUtil.getConnection(DbUtil.java:146) ~[classes/:na]
	at com.dingtalk.generator.gui.util.DbUtil.getTableNames(DbUtil.java:154) ~[classes/:na]
	at com.dingtalk.generator.gui.controller.MainUIController.lambda$null$7(MainUIController.java:201) ~[classes/:na]
	at com.sun.javafx.event.CompositeEventHandler$NormalEventHandlerRecord.handleBubblingEvent(CompositeEventHandler.java:218) ~[jfxrt.jar:na]
	at com.sun.javafx.event.CompositeEventHandler.dispatchBubblingEvent(CompositeEventHandler.java:80) ~[jfxrt.jar:na]
	at com.sun.javafx.event.EventHandlerManager.dispatchBubblingEvent(EventHandlerManager.java:238) ~[jfxrt.jar:na]
	at com.sun.javafx.event.EventHandlerManager.dispatchBubblingEvent(EventHandlerManager.java:191) ~[jfxrt.jar:na]
	at com.sun.javafx.event.CompositeEventDispatcher.dispatchBubblingEvent(CompositeEventDispatcher.java:59) ~[jfxrt.jar:na]
	at com.sun.javafx.event.BasicEventDispatcher.dispatchEvent(BasicEventDispatcher.java:58) ~[jfxrt.jar:na]
	at com.sun.javafx.event.EventDispatchChainImpl.dispatchEvent(EventDispatchChainImpl.java:114) ~[jfxrt.jar:na]
	at com.sun.javafx.event.BasicEventDispatcher.dispatchEvent(BasicEventDispatcher.java:56) ~[jfxrt.jar:na]
	at com.sun.javafx.event.EventDispatchChainImpl.dispatchEvent(EventDispatchChainImpl.java:114) ~[jfxrt.jar:na]
	at com.sun.javafx.event.BasicEventDispatcher.dispatchEvent(BasicEventDispatcher.java:56) ~[jfxrt.jar:na]
	at com.sun.javafx.event.EventDispatchChainImpl.dispatchEvent(EventDispatchChainImpl.java:114) ~[jfxrt.jar:na]
	at com.sun.javafx.event.BasicEventDispatcher.dispatchEvent(BasicEventDispatcher.java:56) ~[jfxrt.jar:na]
	at com.sun.javafx.event.EventDispatchChainImpl.dispatchEvent(EventDispatchChainImpl.java:114) ~[jfxrt.jar:na]
	at com.sun.javafx.event.BasicEventDispatcher.dispatchEvent(BasicEventDispatcher.java:56) ~[jfxrt.jar:na]
	at com.sun.javafx.event.EventDispatchChainImpl.dispatchEvent(EventDispatchChainImpl.java:114) ~[jfxrt.jar:na]
	at com.sun.javafx.event.BasicEventDispatcher.dispatchEvent(BasicEventDispatcher.java:56) ~[jfxrt.jar:na]
	at com.sun.javafx.event.EventDispatchChainImpl.dispatchEvent(EventDispatchChainImpl.java:114) ~[jfxrt.jar:na]
	at com.sun.javafx.event.EventUtil.fireEventImpl(EventUtil.java:74) ~[jfxrt.jar:na]
	at com.sun.javafx.event.EventUtil.fireEvent(EventUtil.java:54) ~[jfxrt.jar:na]
	at javafx.event.Event.fireEvent(Event.java:198) ~[jfxrt.jar:na]
	at javafx.scene.Scene$ClickGenerator.postProcess(Scene.java:3470) ~[jfxrt.jar:na]
	at javafx.scene.Scene$ClickGenerator.access$8100(Scene.java:3398) ~[jfxrt.jar:na]
	at javafx.scene.Scene$MouseHandler.process(Scene.java:3766) ~[jfxrt.jar:na]
	at javafx.scene.Scene$MouseHandler.access$1500(Scene.java:3485) ~[jfxrt.jar:na]
	at javafx.scene.Scene.impl_processMouseEvent(Scene.java:1762) ~[jfxrt.jar:na]
	at javafx.scene.Scene$ScenePeerListener.mouseEvent(Scene.java:2494) ~[jfxrt.jar:na]
	at com.sun.javafx.tk.quantum.GlassViewEventHandler$MouseEventNotification.run(GlassViewEventHandler.java:381) ~[jfxrt.jar:na]
	at com.sun.javafx.tk.quantum.GlassViewEventHandler$MouseEventNotification.run(GlassViewEventHandler.java:295) ~[jfxrt.jar:na]
	at java.security.AccessController.doPrivileged(Native Method) ~[na:1.8.0_151]
	at com.sun.javafx.tk.quantum.GlassViewEventHandler.lambda$handleMouseEvent$353(GlassViewEventHandler.java:417) ~[jfxrt.jar:na]
	at com.sun.javafx.tk.quantum.QuantumToolkit.runWithoutRenderLock(QuantumToolkit.java:389) ~[jfxrt.jar:na]
	at com.sun.javafx.tk.quantum.GlassViewEventHandler.handleMouseEvent(GlassViewEventHandler.java:416) ~[jfxrt.jar:na]
	at com.sun.glass.ui.View.handleMouseEvent(View.java:555) ~[jfxrt.jar:na]
	at com.sun.glass.ui.View.notifyMouse(View.java:937) ~[jfxrt.jar:na]
[INFO] [11:06:50.685] [JavaFX Application Thread] [] com.dingtalk.generator.gui.util.ConnectionManager.getConnection:20 --> database FilePath :/Users/suyin/Documents/MySpace/mybatis-generator-tddl/./config/sqlite3.db
[INFO] [11:06:54.500] [JavaFX Application Thread] [] com.dingtalk.generator.gui.util.ConfigHelper.getAllJDBCDriverJarPaths:276 --> jar lib path: /Users/suyin/Documents/MySpace/mybatis-generator-tddl/src/main/resources/lib
[INFO] [11:06:54.501] [JavaFX Application Thread] [] com.dingtalk.generator.gui.util.DbUtil.loadDbDriver:236 --> load driver class: com.mysql.cj.jdbc.Driver@3226c6b
[INFO] [11:07:19.933] [JavaFX Application Thread] [] com.dingtalk.generator.gui.util.DbUtil.getConnectionUrlWithSchema:222 --> getConnectionUrlWithSchema, connection url: jdbc:mysql://127.0.0.1:3306/temp_utf8?serverTimezone=UTC&useUnicode=true&useSSL=false&characterEncoding=utf8
[INFO] [11:08:05.430] [JavaFX Application Thread] [] com.dingtalk.generator.gui.util.ConnectionManager.getConnection:20 --> database FilePath :/Users/suyin/Documents/MySpace/mybatis-generator-tddl/./config/sqlite3.db
[INFO] [11:08:09.425] [JavaFX Application Thread] [] com.dingtalk.generator.gui.util.ConfigHelper.getAllJDBCDriverJarPaths:276 --> jar lib path: /Users/suyin/Documents/MySpace/mybatis-generator-tddl/src/main/resources/lib
[INFO] [11:08:09.425] [JavaFX Application Thread] [] com.dingtalk.generator.gui.util.DbUtil.loadDbDriver:236 --> load driver class: com.mysql.cj.jdbc.Driver@4a445a55
[INFO] [11:08:09.426] [JavaFX Application Thread] [] com.dingtalk.generator.gui.util.DbUtil.getConnectionUrlWithSchema:222 --> getConnectionUrlWithSchema, connection url: jdbc:mysql://127.0.0.1:3306/temp_utf8?serverTimezone=UTC&useUnicode=true&useSSL=false&characterEncoding=utf8&allowPublicKeyRetrieval=true
[INFO] [11:08:09.757] [JavaFX Application Thread] [] com.dingtalk.generator.gui.util.DbUtil.getConnection:147 --> getConnection, connection url: com.mysql.cj.jdbc.ConnectionImpl@1786851a
[INFO] [11:08:18.069] [JavaFX Application Thread] [] com.dingtalk.generator.gui.util.ConnectionManager.getConnection:20 --> database FilePath :/Users/suyin/Documents/MySpace/mybatis-generator-tddl/./config/sqlite3.db
[INFO] [11:08:18.070] [JavaFX Application Thread] [] com.dingtalk.generator.gui.util.ConfigHelper.loadGeneratorConfigs:216 --> sql: SELECT * FROM generator_config
[INFO] [11:10:50.088] [JavaFX Application Thread] [] com.dingtalk.generator.gui.util.ConnectionManager.getConnection:20 --> database FilePath :/Users/suyin/Documents/MySpace/mybatis-generator-tddl/./config/sqlite3.db
[INFO] [11:19:10.901] [JavaFX Application Thread] [] com.dingtalk.generator.gui.util.ConnectionManager.getConnection:20 --> database FilePath :/Users/suyin/Documents/MySpace/mybatis-generator-tddl/./config/sqlite3.db
[INFO] [11:37:14.657] [JavaFX Application Thread] [] com.dingtalk.generator.gui.util.ConnectionManager.getConnection:20 --> database FilePath :/Users/suyin/Documents/MySpace/mybatis-generator-tddl/./config/sqlite3.db
[INFO] [11:39:05.025] [JavaFX Application Thread] [] com.dingtalk.generator.gui.util.ConnectionManager.getConnection:20 --> database FilePath :/Users/suyin/Documents/MySpace/mybatis-generator-tddl/./config/sqlite3.db
[INFO] [11:40:04.869] [JavaFX Application Thread] [] com.dingtalk.generator.gui.util.ConnectionManager.getConnection:20 --> database FilePath :/Users/suyin/Documents/MySpace/mybatis-generator-tddl/./config/sqlite3.db
[INFO] [11:45:52.891] [JavaFX Application Thread] [] com.dingtalk.generator.gui.util.ConnectionManager.getConnection:20 --> database FilePath :/Users/suyin/Documents/MySpace/mybatis-generator-tddl/./config/sqlite3.db
[INFO] [11:45:52.892] [JavaFX Application Thread] [] com.dingtalk.generator.gui.util.ConfigHelper.loadGeneratorConfigs:216 --> sql: SELECT * FROM generator_config
[INFO] [11:46:01.810] [JavaFX Application Thread] [] com.dingtalk.generator.gui.util.ConfigHelper.getAllJDBCDriverJarPaths:276 --> jar lib path: /Users/suyin/Documents/MySpace/mybatis-generator-tddl/src/main/resources/lib
[INFO] [11:46:01.811] [JavaFX Application Thread] [] com.dingtalk.generator.gui.util.DbUtil.loadDbDriver:236 --> load driver class: com.mysql.cj.jdbc.Driver@58614846
[INFO] [11:46:01.811] [JavaFX Application Thread] [] com.dingtalk.generator.gui.util.DbUtil.getConnectionUrlWithSchema:222 --> getConnectionUrlWithSchema, connection url: jdbc:mysql://127.0.0.1:3306/temp_utf8?serverTimezone=UTC&useUnicode=true&useSSL=false&characterEncoding=utf8&allowPublicKeyRetrieval=true
[INFO] [11:46:01.935] [JavaFX Application Thread] [] com.dingtalk.generator.gui.util.DbUtil.getConnection:147 --> getConnection, connection url: com.mysql.cj.jdbc.ConnectionImpl@dc48b29
[INFO] [11:48:14.252] [JavaFX Application Thread] [] com.dingtalk.generator.gui.util.ConnectionManager.getConnection:20 --> database FilePath :/Users/suyin/Documents/MySpace/mybatis-generator-tddl/./config/sqlite3.db
[INFO] [11:48:32.692] [JavaFX Application Thread] [] com.dingtalk.generator.gui.util.ConfigHelper.getAllJDBCDriverJarPaths:276 --> jar lib path: /Users/suyin/Documents/MySpace/mybatis-generator-tddl/src/main/resources/lib
[INFO] [11:48:32.693] [JavaFX Application Thread] [] com.dingtalk.generator.gui.util.DbUtil.loadDbDriver:236 --> load driver class: com.mysql.cj.jdbc.Driver@5591d40e
[INFO] [11:48:32.694] [JavaFX Application Thread] [] com.dingtalk.generator.gui.util.DbUtil.getConnectionUrlWithSchema:222 --> getConnectionUrlWithSchema, connection url: jdbc:mysql://127.0.0.1:3306/temp_utf8?serverTimezone=UTC&useUnicode=true&useSSL=false&characterEncoding=utf8&allowPublicKeyRetrieval=true
[INFO] [11:48:32.824] [JavaFX Application Thread] [] com.dingtalk.generator.gui.util.DbUtil.getConnection:147 --> getConnection, connection url: com.mysql.cj.jdbc.ConnectionImpl@7b6ff784
[INFO] [14:37:50.880] [JavaFX Application Thread] [] com.dingtalk.generator.gui.util.ConnectionManager.getConnection:20 --> database FilePath :/Users/suyin/Documents/MySpace/mybatis-generator-tddl/./config/sqlite3.db
[INFO] [14:37:55.048] [JavaFX Application Thread] [] com.dingtalk.generator.gui.util.ConfigHelper.getAllJDBCDriverJarPaths:276 --> jar lib path: /Users/suyin/Documents/MySpace/mybatis-generator-tddl/src/main/resources/lib
[INFO] [14:37:55.049] [JavaFX Application Thread] [] com.dingtalk.generator.gui.util.DbUtil.loadDbDriver:236 --> load driver class: com.mysql.cj.jdbc.Driver@5bb40b18
[INFO] [14:37:55.050] [JavaFX Application Thread] [] com.dingtalk.generator.gui.util.DbUtil.getConnectionUrlWithSchema:222 --> getConnectionUrlWithSchema, connection url: jdbc:mysql://127.0.0.1:3306/temp_utf8?serverTimezone=UTC&useUnicode=true&useSSL=false&characterEncoding=utf8&allowPublicKeyRetrieval=true
[INFO] [14:37:55.178] [JavaFX Application Thread] [] com.dingtalk.generator.gui.util.DbUtil.getConnection:147 --> getConnection, connection url: com.mysql.cj.jdbc.ConnectionImpl@495b2fbb
[INFO] [14:43:43.828] [JavaFX Application Thread] [] com.dingtalk.generator.gui.util.ConnectionManager.getConnection:20 --> database FilePath :/Users/suyin/Documents/MySpace/mybatis-generator-tddl/./config/sqlite3.db
[INFO] [14:44:01.315] [JavaFX Application Thread] [] com.dingtalk.generator.gui.util.ConfigHelper.getAllJDBCDriverJarPaths:276 --> jar lib path: /Users/suyin/Documents/MySpace/mybatis-generator-tddl/src/main/resources/lib
[INFO] [14:44:01.316] [JavaFX Application Thread] [] com.dingtalk.generator.gui.util.DbUtil.loadDbDriver:236 --> load driver class: com.mysql.cj.jdbc.Driver@7ca9f8be
[INFO] [14:44:01.317] [JavaFX Application Thread] [] com.dingtalk.generator.gui.util.DbUtil.getConnectionUrlWithSchema:222 --> getConnectionUrlWithSchema, connection url: jdbc:mysql://127.0.0.1:3306/temp_utf8?serverTimezone=UTC&useUnicode=true&useSSL=false&characterEncoding=utf8&allowPublicKeyRetrieval=true
[INFO] [14:44:01.440] [JavaFX Application Thread] [] com.dingtalk.generator.gui.util.DbUtil.getConnection:147 --> getConnection, connection url: com.mysql.cj.jdbc.ConnectionImpl@76aeebbe
[INFO] [14:44:26.393] [JavaFX Application Thread] [] com.dingtalk.generator.gui.util.ConfigHelper.findConnectorLibPath:253 --> jar resource: file:/Users/suyin/Documents/MySpace/mybatis-generator-tddl/generator-gui/target/classes/logback.xml
[INFO] [14:44:26.394] [JavaFX Application Thread] [] com.dingtalk.generator.gui.bridge.MybatisGeneratorBridge.generate:78 --> connectorLibPath: /Users/suyin/Documents/MySpace/mybatis-generator-tddl/generator-gui/target/classes/lib/mysql-connector-java-8.0.11.jar
[INFO] [14:44:26.396] [JavaFX Application Thread] [] com.dingtalk.generator.gui.util.DbUtil.getConnectionUrlWithSchema:222 --> getConnectionUrlWithSchema, connection url: jdbc:mysql://127.0.0.1:3306/temp_utf8?serverTimezone=UTC&useUnicode=true&useSSL=false&characterEncoding=utf8&allowPublicKeyRetrieval=true
[DEBUG] [14:44:26.433] [JavaFX Application Thread] [] org.mybatis.generator.logging.LogFactory.setImplementation:105 --> Logging initialized using 'org.mybatis.generator.logging.slf4j.Slf4jLoggingLogFactory@512a8031' adapter.
[DEBUG] [14:44:26.438] [JavaFX Application Thread] [] org.mybatis.generator.internal.db.DatabaseIntrospector.getColumns:501 --> Retrieving column information for table "temp_utf8.invite_record"
[DEBUG] [14:44:26.448] [JavaFX Application Thread] [] org.mybatis.generator.internal.db.DatabaseIntrospector.getColumns:559 --> Found column "id", data type -5, in table "temp_utf8..invite_record"
[DEBUG] [14:44:26.448] [JavaFX Application Thread] [] org.mybatis.generator.internal.db.DatabaseIntrospector.getColumns:559 --> Found column "gmt_create", data type 93, in table "temp_utf8..invite_record"
[DEBUG] [14:44:26.448] [JavaFX Application Thread] [] org.mybatis.generator.internal.db.DatabaseIntrospector.getColumns:559 --> Found column "gmt_modified", data type 93, in table "temp_utf8..invite_record"
[DEBUG] [14:44:26.449] [JavaFX Application Thread] [] org.mybatis.generator.internal.db.DatabaseIntrospector.getColumns:559 --> Found column "uid", data type -5, in table "temp_utf8..invite_record"
[DEBUG] [14:44:26.449] [JavaFX Application Thread] [] org.mybatis.generator.internal.db.DatabaseIntrospector.getColumns:559 --> Found column "join_date", data type 4, in table "temp_utf8..invite_record"
[DEBUG] [14:44:26.449] [JavaFX Application Thread] [] org.mybatis.generator.internal.db.DatabaseIntrospector.getColumns:559 --> Found column "invite_uid", data type -5, in table "temp_utf8..invite_record"
[DEBUG] [14:44:26.450] [JavaFX Application Thread] [] org.mybatis.generator.internal.db.DatabaseIntrospector.getColumns:559 --> Found column "org_id", data type -5, in table "temp_utf8..invite_record"
[DEBUG] [14:44:26.450] [JavaFX Application Thread] [] org.mybatis.generator.internal.db.DatabaseIntrospector.getColumns:559 --> Found column "status", data type -6, in table "temp_utf8..invite_record"
[DEBUG] [14:44:26.450] [JavaFX Application Thread] [] org.mybatis.generator.internal.db.DatabaseIntrospector.getColumns:559 --> Found column "channel", data type 12, in table "temp_utf8..invite_record"
[DEBUG] [14:44:26.451] [JavaFX Application Thread] [] org.mybatis.generator.internal.db.DatabaseIntrospector.getColumns:559 --> Found column "notify_status", data type -6, in table "temp_utf8..invite_record"
[DEBUG] [14:44:26.451] [JavaFX Application Thread] [] org.mybatis.generator.internal.db.DatabaseIntrospector.getColumns:559 --> Found column "extension", data type -1, in table "temp_utf8..invite_record"
[INFO] [14:48:20.929] [JavaFX Application Thread] [] com.dingtalk.generator.gui.util.ConnectionManager.getConnection:20 --> database FilePath :/Users/suyin/Documents/MySpace/mybatis-generator-tddl/./config/sqlite3.db
[INFO] [14:48:25.082] [JavaFX Application Thread] [] com.dingtalk.generator.gui.util.ConfigHelper.getAllJDBCDriverJarPaths:276 --> jar lib path: /Users/suyin/Documents/MySpace/mybatis-generator-tddl/src/main/resources/lib
[INFO] [14:48:25.083] [JavaFX Application Thread] [] com.dingtalk.generator.gui.util.DbUtil.loadDbDriver:236 --> load driver class: com.mysql.cj.jdbc.Driver@44c7ceae
[INFO] [14:48:25.084] [JavaFX Application Thread] [] com.dingtalk.generator.gui.util.DbUtil.getConnectionUrlWithSchema:222 --> getConnectionUrlWithSchema, connection url: jdbc:mysql://127.0.0.1:3306/temp_utf8?serverTimezone=UTC&useUnicode=true&useSSL=false&characterEncoding=utf8&allowPublicKeyRetrieval=true
[INFO] [14:48:25.205] [JavaFX Application Thread] [] com.dingtalk.generator.gui.util.DbUtil.getConnection:147 --> getConnection, connection url: com.mysql.cj.jdbc.ConnectionImpl@c79803b
[INFO] [14:48:26.213] [JavaFX Application Thread] [] com.dingtalk.generator.gui.util.ConnectionManager.getConnection:20 --> database FilePath :/Users/suyin/Documents/MySpace/mybatis-generator-tddl/./config/sqlite3.db
[INFO] [14:48:26.213] [JavaFX Application Thread] [] com.dingtalk.generator.gui.util.ConfigHelper.loadGeneratorConfigs:216 --> sql: SELECT * FROM generator_config
[INFO] [14:51:56.228] [JavaFX Application Thread] [] com.dingtalk.generator.gui.util.ConnectionManager.getConnection:20 --> database FilePath :/Users/suyin/Documents/MySpace/mybatis-generator-tddl/./config/sqlite3.db
[INFO] [14:51:59.777] [JavaFX Application Thread] [] com.dingtalk.generator.gui.util.ConfigHelper.getAllJDBCDriverJarPaths:276 --> jar lib path: /Users/suyin/Documents/MySpace/mybatis-generator-tddl/src/main/resources/lib
[INFO] [14:51:59.778] [JavaFX Application Thread] [] com.dingtalk.generator.gui.util.DbUtil.loadDbDriver:236 --> load driver class: com.mysql.cj.jdbc.Driver@638d2071
[INFO] [14:51:59.778] [JavaFX Application Thread] [] com.dingtalk.generator.gui.util.DbUtil.getConnectionUrlWithSchema:222 --> getConnectionUrlWithSchema, connection url: jdbc:mysql://127.0.0.1:3306/temp_utf8?serverTimezone=UTC&useUnicode=true&useSSL=false&characterEncoding=utf8&allowPublicKeyRetrieval=true
[INFO] [14:51:59.903] [JavaFX Application Thread] [] com.dingtalk.generator.gui.util.DbUtil.getConnection:147 --> getConnection, connection url: com.mysql.cj.jdbc.ConnectionImpl@193b17d0
[INFO] [14:53:07.172] [JavaFX Application Thread] [] com.dingtalk.generator.gui.util.ConnectionManager.getConnection:20 --> database FilePath :/Users/suyin/Documents/MySpace/mybatis-generator-tddl/./config/sqlite3.db
[INFO] [14:53:50.227] [JavaFX Application Thread] [] com.dingtalk.generator.gui.util.ConnectionManager.getConnection:20 --> database FilePath :/Users/suyin/Documents/MySpace/mybatis-generator-tddl/./config/sqlite3.db
[INFO] [14:53:53.305] [JavaFX Application Thread] [] com.dingtalk.generator.gui.util.ConfigHelper.getAllJDBCDriverJarPaths:276 --> jar lib path: /Users/suyin/Documents/MySpace/mybatis-generator-tddl/src/main/resources/lib
[INFO] [14:53:53.306] [JavaFX Application Thread] [] com.dingtalk.generator.gui.util.DbUtil.loadDbDriver:236 --> load driver class: com.mysql.cj.jdbc.Driver@1642bb8c
[INFO] [14:53:53.306] [JavaFX Application Thread] [] com.dingtalk.generator.gui.util.DbUtil.getConnectionUrlWithSchema:222 --> getConnectionUrlWithSchema, connection url: jdbc:mysql://127.0.0.1:3306/temp_utf8?serverTimezone=UTC&useUnicode=true&useSSL=false&characterEncoding=utf8&allowPublicKeyRetrieval=true
[INFO] [14:53:53.428] [JavaFX Application Thread] [] com.dingtalk.generator.gui.util.DbUtil.getConnection:147 --> getConnection, connection url: com.mysql.cj.jdbc.ConnectionImpl@6e1a0dc5
[INFO] [14:55:35.596] [JavaFX Application Thread] [] com.dingtalk.generator.gui.util.ConnectionManager.getConnection:20 --> database FilePath :/Users/suyin/Documents/MySpace/mybatis-generator-tddl/./config/sqlite3.db
[INFO] [14:55:38.828] [JavaFX Application Thread] [] com.dingtalk.generator.gui.util.ConfigHelper.getAllJDBCDriverJarPaths:276 --> jar lib path: /Users/suyin/Documents/MySpace/mybatis-generator-tddl/src/main/resources/lib
[INFO] [14:55:38.829] [JavaFX Application Thread] [] com.dingtalk.generator.gui.util.DbUtil.loadDbDriver:236 --> load driver class: com.mysql.cj.jdbc.Driver@7cdac388
[INFO] [14:55:38.829] [JavaFX Application Thread] [] com.dingtalk.generator.gui.util.DbUtil.getConnectionUrlWithSchema:222 --> getConnectionUrlWithSchema, connection url: jdbc:mysql://127.0.0.1:3306/temp_utf8?serverTimezone=UTC&useUnicode=true&useSSL=false&characterEncoding=utf8&allowPublicKeyRetrieval=true
[INFO] [14:55:38.986] [JavaFX Application Thread] [] com.dingtalk.generator.gui.util.DbUtil.getConnection:147 --> getConnection, connection url: com.mysql.cj.jdbc.ConnectionImpl@173998fd
[INFO] [14:59:04.921] [JavaFX Application Thread] [] com.dingtalk.generator.gui.util.ConfigHelper.findConnectorLibPath:253 --> jar resource: file:/Users/suyin/Documents/MySpace/mybatis-generator-tddl/generator-gui/target/classes/logback.xml
[INFO] [14:59:04.922] [JavaFX Application Thread] [] com.dingtalk.generator.gui.bridge.MybatisGeneratorBridge.generate:78 --> connectorLibPath: /Users/suyin/Documents/MySpace/mybatis-generator-tddl/generator-gui/target/classes/lib/mysql-connector-java-8.0.11.jar
[INFO] [14:59:04.924] [JavaFX Application Thread] [] com.dingtalk.generator.gui.util.DbUtil.getConnectionUrlWithSchema:222 --> getConnectionUrlWithSchema, connection url: jdbc:mysql://127.0.0.1:3306/temp_utf8?serverTimezone=UTC&useUnicode=true&useSSL=false&characterEncoding=utf8&allowPublicKeyRetrieval=true
[DEBUG] [14:59:04.951] [JavaFX Application Thread] [] org.mybatis.generator.logging.LogFactory.setImplementation:105 --> Logging initialized using 'org.mybatis.generator.logging.slf4j.Slf4jLoggingLogFactory@310d532a' adapter.
[DEBUG] [14:59:04.952] [JavaFX Application Thread] [] org.mybatis.generator.internal.db.DatabaseIntrospector.getColumns:501 --> Retrieving column information for table "temp_utf8.table_one_unique_key"
[DEBUG] [14:59:04.959] [JavaFX Application Thread] [] org.mybatis.generator.internal.db.DatabaseIntrospector.getColumns:559 --> Found column "id", data type -5, in table "temp_utf8..table_one_unique_key"
[DEBUG] [14:59:04.960] [JavaFX Application Thread] [] org.mybatis.generator.internal.db.DatabaseIntrospector.getColumns:559 --> Found column "gmt_create", data type 93, in table "temp_utf8..table_one_unique_key"
[DEBUG] [14:59:04.960] [JavaFX Application Thread] [] org.mybatis.generator.internal.db.DatabaseIntrospector.getColumns:559 --> Found column "gmt_modified", data type 93, in table "temp_utf8..table_one_unique_key"
[DEBUG] [14:59:04.960] [JavaFX Application Thread] [] org.mybatis.generator.internal.db.DatabaseIntrospector.getColumns:559 --> Found column "org_id", data type -5, in table "temp_utf8..table_one_unique_key"
[DEBUG] [14:59:04.961] [JavaFX Application Thread] [] org.mybatis.generator.internal.db.DatabaseIntrospector.getColumns:559 --> Found column "cid", data type 12, in table "temp_utf8..table_one_unique_key"
[DEBUG] [14:59:04.961] [JavaFX Application Thread] [] org.mybatis.generator.internal.db.DatabaseIntrospector.getColumns:559 --> Found column "code", data type 12, in table "temp_utf8..table_one_unique_key"
[INFO] [14:59:41.023] [JavaFX Application Thread] [] com.dingtalk.generator.gui.util.ConfigHelper.findConnectorLibPath:253 --> jar resource: file:/Users/suyin/Documents/MySpace/mybatis-generator-tddl/generator-gui/target/classes/logback.xml
[INFO] [14:59:41.024] [JavaFX Application Thread] [] com.dingtalk.generator.gui.bridge.MybatisGeneratorBridge.generate:78 --> connectorLibPath: /Users/suyin/Documents/MySpace/mybatis-generator-tddl/generator-gui/target/classes/lib/mysql-connector-java-8.0.11.jar
[INFO] [14:59:41.025] [JavaFX Application Thread] [] com.dingtalk.generator.gui.util.DbUtil.getConnectionUrlWithSchema:222 --> getConnectionUrlWithSchema, connection url: jdbc:mysql://127.0.0.1:3306/temp_utf8?serverTimezone=UTC&useUnicode=true&useSSL=false&characterEncoding=utf8&allowPublicKeyRetrieval=true
[DEBUG] [14:59:41.029] [JavaFX Application Thread] [] org.mybatis.generator.internal.db.DatabaseIntrospector.getColumns:501 --> Retrieving column information for table "temp_utf8.table_one_unique_key"
[DEBUG] [14:59:41.033] [JavaFX Application Thread] [] org.mybatis.generator.internal.db.DatabaseIntrospector.getColumns:559 --> Found column "id", data type -5, in table "temp_utf8..table_one_unique_key"
[DEBUG] [14:59:41.033] [JavaFX Application Thread] [] org.mybatis.generator.internal.db.DatabaseIntrospector.getColumns:559 --> Found column "gmt_create", data type 93, in table "temp_utf8..table_one_unique_key"
[DEBUG] [14:59:41.033] [JavaFX Application Thread] [] org.mybatis.generator.internal.db.DatabaseIntrospector.getColumns:559 --> Found column "gmt_modified", data type 93, in table "temp_utf8..table_one_unique_key"
[DEBUG] [14:59:41.034] [JavaFX Application Thread] [] org.mybatis.generator.internal.db.DatabaseIntrospector.getColumns:559 --> Found column "org_id", data type -5, in table "temp_utf8..table_one_unique_key"
[DEBUG] [14:59:41.034] [JavaFX Application Thread] [] org.mybatis.generator.internal.db.DatabaseIntrospector.getColumns:559 --> Found column "cid", data type 12, in table "temp_utf8..table_one_unique_key"
[DEBUG] [14:59:41.034] [JavaFX Application Thread] [] org.mybatis.generator.internal.db.DatabaseIntrospector.getColumns:559 --> Found column "code", data type 12, in table "temp_utf8..table_one_unique_key"
[INFO] [14:59:58.001] [JavaFX Application Thread] [] com.dingtalk.generator.gui.controller.MainUIController.saveGeneratorConfig:362 --> user choose name: test
[INFO] [14:59:58.002] [JavaFX Application Thread] [] com.dingtalk.generator.gui.util.ConnectionManager.getConnection:20 --> database FilePath :/Users/suyin/Documents/MySpace/mybatis-generator-tddl/./config/sqlite3.db
[INFO] [14:59:58.003] [JavaFX Application Thread] [] com.dingtalk.generator.gui.util.ConfigHelper.deleteGeneratorConfig:238 --> sql: DELETE FROM generator_config where name='test'
[INFO] [14:59:58.005] [JavaFX Application Thread] [] com.dingtalk.generator.gui.util.ConnectionManager.getConnection:20 --> database FilePath :/Users/suyin/Documents/MySpace/mybatis-generator-tddl/./config/sqlite3.db
[INFO] [15:00:01.157] [JavaFX Application Thread] [] com.dingtalk.generator.gui.util.ConfigHelper.findConnectorLibPath:253 --> jar resource: file:/Users/suyin/Documents/MySpace/mybatis-generator-tddl/generator-gui/target/classes/logback.xml
[INFO] [15:00:01.158] [JavaFX Application Thread] [] com.dingtalk.generator.gui.bridge.MybatisGeneratorBridge.generate:78 --> connectorLibPath: /Users/suyin/Documents/MySpace/mybatis-generator-tddl/generator-gui/target/classes/lib/mysql-connector-java-8.0.11.jar
[INFO] [15:00:01.158] [JavaFX Application Thread] [] com.dingtalk.generator.gui.util.DbUtil.getConnectionUrlWithSchema:222 --> getConnectionUrlWithSchema, connection url: jdbc:mysql://127.0.0.1:3306/temp_utf8?serverTimezone=UTC&useUnicode=true&useSSL=false&characterEncoding=utf8&allowPublicKeyRetrieval=true
[DEBUG] [15:00:01.163] [JavaFX Application Thread] [] org.mybatis.generator.internal.db.DatabaseIntrospector.getColumns:501 --> Retrieving column information for table "temp_utf8.table_two_unique_key"
[DEBUG] [15:00:01.165] [JavaFX Application Thread] [] org.mybatis.generator.internal.db.DatabaseIntrospector.getColumns:559 --> Found column "id", data type -5, in table "temp_utf8..table_two_unique_key"
[DEBUG] [15:00:01.166] [JavaFX Application Thread] [] org.mybatis.generator.internal.db.DatabaseIntrospector.getColumns:559 --> Found column "gmt_create", data type 93, in table "temp_utf8..table_two_unique_key"
[DEBUG] [15:00:01.166] [JavaFX Application Thread] [] org.mybatis.generator.internal.db.DatabaseIntrospector.getColumns:559 --> Found column "gmt_modified", data type 93, in table "temp_utf8..table_two_unique_key"
[DEBUG] [15:00:01.166] [JavaFX Application Thread] [] org.mybatis.generator.internal.db.DatabaseIntrospector.getColumns:559 --> Found column "org_id", data type -5, in table "temp_utf8..table_two_unique_key"
[DEBUG] [15:00:01.167] [JavaFX Application Thread] [] org.mybatis.generator.internal.db.DatabaseIntrospector.getColumns:559 --> Found column "cid", data type 12, in table "temp_utf8..table_two_unique_key"
[DEBUG] [15:00:01.167] [JavaFX Application Thread] [] org.mybatis.generator.internal.db.DatabaseIntrospector.getColumns:559 --> Found column "code", data type 12, in table "temp_utf8..table_two_unique_key"
[INFO] [15:00:07.660] [JavaFX Application Thread] [] com.dingtalk.generator.gui.util.ConfigHelper.findConnectorLibPath:253 --> jar resource: file:/Users/suyin/Documents/MySpace/mybatis-generator-tddl/generator-gui/target/classes/logback.xml
[INFO] [15:00:07.661] [JavaFX Application Thread] [] com.dingtalk.generator.gui.bridge.MybatisGeneratorBridge.generate:78 --> connectorLibPath: /Users/suyin/Documents/MySpace/mybatis-generator-tddl/generator-gui/target/classes/lib/mysql-connector-java-8.0.11.jar
[INFO] [15:00:07.661] [JavaFX Application Thread] [] com.dingtalk.generator.gui.util.DbUtil.getConnectionUrlWithSchema:222 --> getConnectionUrlWithSchema, connection url: jdbc:mysql://127.0.0.1:3306/temp_utf8?serverTimezone=UTC&useUnicode=true&useSSL=false&characterEncoding=utf8&allowPublicKeyRetrieval=true
[DEBUG] [15:00:07.665] [JavaFX Application Thread] [] org.mybatis.generator.internal.db.DatabaseIntrospector.getColumns:501 --> Retrieving column information for table "temp_utf8.table_with_identify"
[DEBUG] [15:00:07.668] [JavaFX Application Thread] [] org.mybatis.generator.internal.db.DatabaseIntrospector.getColumns:559 --> Found column "id", data type -5, in table "temp_utf8..table_with_identify"
[DEBUG] [15:00:07.668] [JavaFX Application Thread] [] org.mybatis.generator.internal.db.DatabaseIntrospector.getColumns:559 --> Found column "gmt_create", data type 93, in table "temp_utf8..table_with_identify"
[DEBUG] [15:00:07.668] [JavaFX Application Thread] [] org.mybatis.generator.internal.db.DatabaseIntrospector.getColumns:559 --> Found column "gmt_modified", data type 93, in table "temp_utf8..table_with_identify"
[DEBUG] [15:00:07.669] [JavaFX Application Thread] [] org.mybatis.generator.internal.db.DatabaseIntrospector.getColumns:559 --> Found column "org_id", data type -5, in table "temp_utf8..table_with_identify"
[DEBUG] [15:00:07.669] [JavaFX Application Thread] [] org.mybatis.generator.internal.db.DatabaseIntrospector.getColumns:559 --> Found column "cid", data type 12, in table "temp_utf8..table_with_identify"
[DEBUG] [15:00:07.669] [JavaFX Application Thread] [] org.mybatis.generator.internal.db.DatabaseIntrospector.getColumns:559 --> Found column "code", data type 12, in table "temp_utf8..table_with_identify"
[INFO] [15:09:13.267] [JavaFX Application Thread] [] com.dingtalk.generator.gui.util.ConnectionManager.getConnection:20 --> database FilePath :/Users/suyin/Documents/MySpace/mybatis-generator-tddl/./config/sqlite3.db
[INFO] [15:09:15.977] [JavaFX Application Thread] [] com.dingtalk.generator.gui.util.ConfigHelper.getAllJDBCDriverJarPaths:276 --> jar lib path: /Users/suyin/Documents/MySpace/mybatis-generator-tddl/src/main/resources/lib
[INFO] [15:09:15.978] [JavaFX Application Thread] [] com.dingtalk.generator.gui.util.DbUtil.loadDbDriver:236 --> load driver class: com.mysql.cj.jdbc.Driver@5e79edc4
[INFO] [15:09:15.978] [JavaFX Application Thread] [] com.dingtalk.generator.gui.util.DbUtil.getConnectionUrlWithSchema:222 --> getConnectionUrlWithSchema, connection url: jdbc:mysql://127.0.0.1:3306/temp_utf8?serverTimezone=UTC&useUnicode=true&useSSL=false&characterEncoding=utf8&allowPublicKeyRetrieval=true
[INFO] [15:09:16.113] [JavaFX Application Thread] [] com.dingtalk.generator.gui.util.DbUtil.getConnection:147 --> getConnection, connection url: com.mysql.cj.jdbc.ConnectionImpl@6cd2f5ea
[INFO] [15:09:17.827] [JavaFX Application Thread] [] com.dingtalk.generator.gui.util.ConnectionManager.getConnection:20 --> database FilePath :/Users/suyin/Documents/MySpace/mybatis-generator-tddl/./config/sqlite3.db
[INFO] [15:09:17.827] [JavaFX Application Thread] [] com.dingtalk.generator.gui.util.ConfigHelper.loadGeneratorConfigs:216 --> sql: SELECT * FROM generator_config
[INFO] [15:09:19.544] [JavaFX Application Thread] [] com.dingtalk.generator.gui.util.ConnectionManager.getConnection:20 --> database FilePath :/Users/suyin/Documents/MySpace/mybatis-generator-tddl/./config/sqlite3.db
[INFO] [15:09:19.545] [JavaFX Application Thread] [] com.dingtalk.generator.gui.util.ConfigHelper.loadGeneratorConfig:187 --> sql: SELECT * FROM generator_config where name='test'
[INFO] [15:09:26.510] [JavaFX Application Thread] [] com.dingtalk.generator.gui.util.DbUtil.getConnectionUrlWithSchema:222 --> getConnectionUrlWithSchema, connection url: jdbc:mysql://127.0.0.1:3306/temp_utf8?serverTimezone=UTC&useUnicode=true&useSSL=false&characterEncoding=utf8&allowPublicKeyRetrieval=true
[INFO] [15:09:26.510] [JavaFX Application Thread] [] com.dingtalk.generator.gui.util.DbUtil.getTableColumns:196 --> getTableColumns, connection url: jdbc:mysql://127.0.0.1:3306/temp_utf8?serverTimezone=UTC&useUnicode=true&useSSL=false&characterEncoding=utf8&allowPublicKeyRetrieval=true
[INFO] [15:09:26.511] [JavaFX Application Thread] [] com.dingtalk.generator.gui.util.DbUtil.getConnectionUrlWithSchema:222 --> getConnectionUrlWithSchema, connection url: jdbc:mysql://127.0.0.1:3306/temp_utf8?serverTimezone=UTC&useUnicode=true&useSSL=false&characterEncoding=utf8&allowPublicKeyRetrieval=true
[INFO] [15:09:26.514] [JavaFX Application Thread] [] com.dingtalk.generator.gui.util.DbUtil.getConnection:147 --> getConnection, connection url: com.mysql.cj.jdbc.ConnectionImpl@6606cde
[INFO] [15:09:32.995] [JavaFX Application Thread] [] com.dingtalk.generator.gui.util.ConfigHelper.findConnectorLibPath:253 --> jar resource: file:/Users/suyin/Documents/MySpace/mybatis-generator-tddl/generator-gui/target/classes/logback.xml
[INFO] [15:09:32.996] [JavaFX Application Thread] [] com.dingtalk.generator.gui.bridge.MybatisGeneratorBridge.generate:78 --> connectorLibPath: /Users/suyin/Documents/MySpace/mybatis-generator-tddl/generator-gui/target/classes/lib/mysql-connector-java-8.0.11.jar
[INFO] [15:09:32.998] [JavaFX Application Thread] [] com.dingtalk.generator.gui.util.DbUtil.getConnectionUrlWithSchema:222 --> getConnectionUrlWithSchema, connection url: jdbc:mysql://127.0.0.1:3306/temp_utf8?serverTimezone=UTC&useUnicode=true&useSSL=false&characterEncoding=utf8&allowPublicKeyRetrieval=true
[DEBUG] [15:09:33.026] [JavaFX Application Thread] [] org.mybatis.generator.logging.LogFactory.setImplementation:105 --> Logging initialized using 'org.mybatis.generator.logging.slf4j.Slf4jLoggingLogFactory@2637b263' adapter.
[DEBUG] [15:09:33.028] [JavaFX Application Thread] [] org.mybatis.generator.internal.db.DatabaseIntrospector.getColumns:501 --> Retrieving column information for table "temp_utf8.table_one_unique_key"
[DEBUG] [15:09:33.033] [JavaFX Application Thread] [] org.mybatis.generator.internal.db.DatabaseIntrospector.getColumns:559 --> Found column "id", data type -5, in table "temp_utf8..table_one_unique_key"
[DEBUG] [15:09:33.034] [JavaFX Application Thread] [] org.mybatis.generator.internal.db.DatabaseIntrospector.getColumns:559 --> Found column "gmt_create", data type 93, in table "temp_utf8..table_one_unique_key"
[DEBUG] [15:09:33.034] [JavaFX Application Thread] [] org.mybatis.generator.internal.db.DatabaseIntrospector.getColumns:559 --> Found column "gmt_modified", data type 93, in table "temp_utf8..table_one_unique_key"
[DEBUG] [15:09:33.035] [JavaFX Application Thread] [] org.mybatis.generator.internal.db.DatabaseIntrospector.getColumns:559 --> Found column "org_id", data type -5, in table "temp_utf8..table_one_unique_key"
[DEBUG] [15:09:33.035] [JavaFX Application Thread] [] org.mybatis.generator.internal.db.DatabaseIntrospector.getColumns:559 --> Found column "cid", data type 12, in table "temp_utf8..table_one_unique_key"
[DEBUG] [15:09:33.035] [JavaFX Application Thread] [] org.mybatis.generator.internal.db.DatabaseIntrospector.getColumns:559 --> Found column "code", data type 12, in table "temp_utf8..table_one_unique_key"
[INFO] [15:09:39.487] [JavaFX Application Thread] [] com.dingtalk.generator.gui.util.ConfigHelper.findConnectorLibPath:253 --> jar resource: file:/Users/suyin/Documents/MySpace/mybatis-generator-tddl/generator-gui/target/classes/logback.xml
[INFO] [15:09:39.487] [JavaFX Application Thread] [] com.dingtalk.generator.gui.bridge.MybatisGeneratorBridge.generate:78 --> connectorLibPath: /Users/suyin/Documents/MySpace/mybatis-generator-tddl/generator-gui/target/classes/lib/mysql-connector-java-8.0.11.jar
[INFO] [15:09:39.488] [JavaFX Application Thread] [] com.dingtalk.generator.gui.util.DbUtil.getConnectionUrlWithSchema:222 --> getConnectionUrlWithSchema, connection url: jdbc:mysql://127.0.0.1:3306/temp_utf8?serverTimezone=UTC&useUnicode=true&useSSL=false&characterEncoding=utf8&allowPublicKeyRetrieval=true
[DEBUG] [15:09:39.491] [JavaFX Application Thread] [] org.mybatis.generator.internal.db.DatabaseIntrospector.getColumns:501 --> Retrieving column information for table "temp_utf8.table_two_unique_key"
[DEBUG] [15:09:39.494] [JavaFX Application Thread] [] org.mybatis.generator.internal.db.DatabaseIntrospector.getColumns:559 --> Found column "id", data type -5, in table "temp_utf8..table_two_unique_key"
[DEBUG] [15:09:39.494] [JavaFX Application Thread] [] org.mybatis.generator.internal.db.DatabaseIntrospector.getColumns:559 --> Found column "gmt_create", data type 93, in table "temp_utf8..table_two_unique_key"
[DEBUG] [15:09:39.494] [JavaFX Application Thread] [] org.mybatis.generator.internal.db.DatabaseIntrospector.getColumns:559 --> Found column "gmt_modified", data type 93, in table "temp_utf8..table_two_unique_key"
[DEBUG] [15:09:39.495] [JavaFX Application Thread] [] org.mybatis.generator.internal.db.DatabaseIntrospector.getColumns:559 --> Found column "org_id", data type -5, in table "temp_utf8..table_two_unique_key"
[DEBUG] [15:09:39.495] [JavaFX Application Thread] [] org.mybatis.generator.internal.db.DatabaseIntrospector.getColumns:559 --> Found column "cid", data type 12, in table "temp_utf8..table_two_unique_key"
[DEBUG] [15:09:39.495] [JavaFX Application Thread] [] org.mybatis.generator.internal.db.DatabaseIntrospector.getColumns:559 --> Found column "code", data type 12, in table "temp_utf8..table_two_unique_key"
[INFO] [15:09:44.221] [JavaFX Application Thread] [] com.dingtalk.generator.gui.util.ConfigHelper.findConnectorLibPath:253 --> jar resource: file:/Users/suyin/Documents/MySpace/mybatis-generator-tddl/generator-gui/target/classes/logback.xml
[INFO] [15:09:44.221] [JavaFX Application Thread] [] com.dingtalk.generator.gui.bridge.MybatisGeneratorBridge.generate:78 --> connectorLibPath: /Users/suyin/Documents/MySpace/mybatis-generator-tddl/generator-gui/target/classes/lib/mysql-connector-java-8.0.11.jar
[INFO] [15:09:44.222] [JavaFX Application Thread] [] com.dingtalk.generator.gui.util.DbUtil.getConnectionUrlWithSchema:222 --> getConnectionUrlWithSchema, connection url: jdbc:mysql://127.0.0.1:3306/temp_utf8?serverTimezone=UTC&useUnicode=true&useSSL=false&characterEncoding=utf8&allowPublicKeyRetrieval=true
[DEBUG] [15:09:44.225] [JavaFX Application Thread] [] org.mybatis.generator.internal.db.DatabaseIntrospector.getColumns:501 --> Retrieving column information for table "temp_utf8.table_with_identify"
[DEBUG] [15:09:44.227] [JavaFX Application Thread] [] org.mybatis.generator.internal.db.DatabaseIntrospector.getColumns:559 --> Found column "id", data type -5, in table "temp_utf8..table_with_identify"
[DEBUG] [15:09:44.228] [JavaFX Application Thread] [] org.mybatis.generator.internal.db.DatabaseIntrospector.getColumns:559 --> Found column "gmt_create", data type 93, in table "temp_utf8..table_with_identify"
[DEBUG] [15:09:44.228] [JavaFX Application Thread] [] org.mybatis.generator.internal.db.DatabaseIntrospector.getColumns:559 --> Found column "gmt_modified", data type 93, in table "temp_utf8..table_with_identify"
[DEBUG] [15:09:44.229] [JavaFX Application Thread] [] org.mybatis.generator.internal.db.DatabaseIntrospector.getColumns:559 --> Found column "org_id", data type -5, in table "temp_utf8..table_with_identify"
[DEBUG] [15:09:44.229] [JavaFX Application Thread] [] org.mybatis.generator.internal.db.DatabaseIntrospector.getColumns:559 --> Found column "cid", data type 12, in table "temp_utf8..table_with_identify"
[DEBUG] [15:09:44.229] [JavaFX Application Thread] [] org.mybatis.generator.internal.db.DatabaseIntrospector.getColumns:559 --> Found column "code", data type 12, in table "temp_utf8..table_with_identify"
[INFO] [15:12:59.654] [JavaFX Application Thread] [] com.dingtalk.generator.gui.util.ConnectionManager.getConnection:20 --> database FilePath :/Users/suyin/Documents/MySpace/mybatis-generator-tddl/./config/sqlite3.db
[INFO] [15:13:02.219] [JavaFX Application Thread] [] com.dingtalk.generator.gui.util.ConfigHelper.getAllJDBCDriverJarPaths:276 --> jar lib path: /Users/suyin/Documents/MySpace/mybatis-generator-tddl/src/main/resources/lib
[INFO] [15:13:02.219] [JavaFX Application Thread] [] com.dingtalk.generator.gui.util.DbUtil.loadDbDriver:236 --> load driver class: com.mysql.cj.jdbc.Driver@5e79edc4
[INFO] [15:13:02.220] [JavaFX Application Thread] [] com.dingtalk.generator.gui.util.DbUtil.getConnectionUrlWithSchema:222 --> getConnectionUrlWithSchema, connection url: jdbc:mysql://127.0.0.1:3306/temp_utf8?serverTimezone=UTC&useUnicode=true&useSSL=false&characterEncoding=utf8&allowPublicKeyRetrieval=true
[INFO] [15:13:02.352] [JavaFX Application Thread] [] com.dingtalk.generator.gui.util.DbUtil.getConnection:147 --> getConnection, connection url: com.mysql.cj.jdbc.ConnectionImpl@6cd2f5ea
[INFO] [15:13:09.004] [JavaFX Application Thread] [] com.dingtalk.generator.gui.util.ConnectionManager.getConnection:20 --> database FilePath :/Users/suyin/Documents/MySpace/mybatis-generator-tddl/./config/sqlite3.db
[INFO] [15:13:09.005] [JavaFX Application Thread] [] com.dingtalk.generator.gui.util.ConfigHelper.loadGeneratorConfigs:216 --> sql: SELECT * FROM generator_config
[INFO] [15:13:10.335] [JavaFX Application Thread] [] com.dingtalk.generator.gui.util.ConnectionManager.getConnection:20 --> database FilePath :/Users/suyin/Documents/MySpace/mybatis-generator-tddl/./config/sqlite3.db
[INFO] [15:13:10.335] [JavaFX Application Thread] [] com.dingtalk.generator.gui.util.ConfigHelper.loadGeneratorConfig:187 --> sql: SELECT * FROM generator_config where name='test'
[INFO] [15:13:14.772] [JavaFX Application Thread] [] com.dingtalk.generator.gui.util.ConfigHelper.findConnectorLibPath:253 --> jar resource: file:/Users/suyin/Documents/MySpace/mybatis-generator-tddl/generator-gui/target/classes/logback.xml
[INFO] [15:13:14.772] [JavaFX Application Thread] [] com.dingtalk.generator.gui.bridge.MybatisGeneratorBridge.generate:78 --> connectorLibPath: /Users/suyin/Documents/MySpace/mybatis-generator-tddl/generator-gui/target/classes/lib/mysql-connector-java-8.0.11.jar
[INFO] [15:13:14.774] [JavaFX Application Thread] [] com.dingtalk.generator.gui.util.DbUtil.getConnectionUrlWithSchema:222 --> getConnectionUrlWithSchema, connection url: jdbc:mysql://127.0.0.1:3306/temp_utf8?serverTimezone=UTC&useUnicode=true&useSSL=false&characterEncoding=utf8&allowPublicKeyRetrieval=true
[DEBUG] [15:13:14.812] [JavaFX Application Thread] [] org.mybatis.generator.logging.LogFactory.setImplementation:105 --> Logging initialized using 'org.mybatis.generator.logging.slf4j.Slf4jLoggingLogFactory@32e58320' adapter.
[DEBUG] [15:13:14.814] [JavaFX Application Thread] [] org.mybatis.generator.internal.db.DatabaseIntrospector.getColumns:501 --> Retrieving column information for table "temp_utf8.table_two_unique_key"
[DEBUG] [15:13:14.820] [JavaFX Application Thread] [] org.mybatis.generator.internal.db.DatabaseIntrospector.getColumns:559 --> Found column "id", data type -5, in table "temp_utf8..table_two_unique_key"
[DEBUG] [15:13:14.821] [JavaFX Application Thread] [] org.mybatis.generator.internal.db.DatabaseIntrospector.getColumns:559 --> Found column "gmt_create", data type 93, in table "temp_utf8..table_two_unique_key"
[DEBUG] [15:13:14.821] [JavaFX Application Thread] [] org.mybatis.generator.internal.db.DatabaseIntrospector.getColumns:559 --> Found column "gmt_modified", data type 93, in table "temp_utf8..table_two_unique_key"
[DEBUG] [15:13:14.821] [JavaFX Application Thread] [] org.mybatis.generator.internal.db.DatabaseIntrospector.getColumns:559 --> Found column "org_id", data type -5, in table "temp_utf8..table_two_unique_key"
[DEBUG] [15:13:14.822] [JavaFX Application Thread] [] org.mybatis.generator.internal.db.DatabaseIntrospector.getColumns:559 --> Found column "cid", data type 12, in table "temp_utf8..table_two_unique_key"
[DEBUG] [15:13:14.822] [JavaFX Application Thread] [] org.mybatis.generator.internal.db.DatabaseIntrospector.getColumns:559 --> Found column "code", data type 12, in table "temp_utf8..table_two_unique_key"
[INFO] [15:13:21.102] [JavaFX Application Thread] [] com.dingtalk.generator.gui.util.ConfigHelper.findConnectorLibPath:253 --> jar resource: file:/Users/suyin/Documents/MySpace/mybatis-generator-tddl/generator-gui/target/classes/logback.xml
[INFO] [15:13:21.103] [JavaFX Application Thread] [] com.dingtalk.generator.gui.bridge.MybatisGeneratorBridge.generate:78 --> connectorLibPath: /Users/suyin/Documents/MySpace/mybatis-generator-tddl/generator-gui/target/classes/lib/mysql-connector-java-8.0.11.jar
[INFO] [15:13:21.103] [JavaFX Application Thread] [] com.dingtalk.generator.gui.util.DbUtil.getConnectionUrlWithSchema:222 --> getConnectionUrlWithSchema, connection url: jdbc:mysql://127.0.0.1:3306/temp_utf8?serverTimezone=UTC&useUnicode=true&useSSL=false&characterEncoding=utf8&allowPublicKeyRetrieval=true
[DEBUG] [15:13:21.107] [JavaFX Application Thread] [] org.mybatis.generator.internal.db.DatabaseIntrospector.getColumns:501 --> Retrieving column information for table "temp_utf8.table_two_unique_key"
[DEBUG] [15:13:21.109] [JavaFX Application Thread] [] org.mybatis.generator.internal.db.DatabaseIntrospector.getColumns:559 --> Found column "id", data type -5, in table "temp_utf8..table_two_unique_key"
[DEBUG] [15:13:21.110] [JavaFX Application Thread] [] org.mybatis.generator.internal.db.DatabaseIntrospector.getColumns:559 --> Found column "gmt_create", data type 93, in table "temp_utf8..table_two_unique_key"
[DEBUG] [15:13:21.110] [JavaFX Application Thread] [] org.mybatis.generator.internal.db.DatabaseIntrospector.getColumns:559 --> Found column "gmt_modified", data type 93, in table "temp_utf8..table_two_unique_key"
[DEBUG] [15:13:21.110] [JavaFX Application Thread] [] org.mybatis.generator.internal.db.DatabaseIntrospector.getColumns:559 --> Found column "org_id", data type -5, in table "temp_utf8..table_two_unique_key"
[DEBUG] [15:13:21.111] [JavaFX Application Thread] [] org.mybatis.generator.internal.db.DatabaseIntrospector.getColumns:559 --> Found column "cid", data type 12, in table "temp_utf8..table_two_unique_key"
[DEBUG] [15:13:21.111] [JavaFX Application Thread] [] org.mybatis.generator.internal.db.DatabaseIntrospector.getColumns:559 --> Found column "code", data type 12, in table "temp_utf8..table_two_unique_key"
[INFO] [15:13:27.248] [JavaFX Application Thread] [] com.dingtalk.generator.gui.util.ConfigHelper.findConnectorLibPath:253 --> jar resource: file:/Users/suyin/Documents/MySpace/mybatis-generator-tddl/generator-gui/target/classes/logback.xml
[INFO] [15:13:27.248] [JavaFX Application Thread] [] com.dingtalk.generator.gui.bridge.MybatisGeneratorBridge.generate:78 --> connectorLibPath: /Users/suyin/Documents/MySpace/mybatis-generator-tddl/generator-gui/target/classes/lib/mysql-connector-java-8.0.11.jar
[INFO] [15:13:27.249] [JavaFX Application Thread] [] com.dingtalk.generator.gui.util.DbUtil.getConnectionUrlWithSchema:222 --> getConnectionUrlWithSchema, connection url: jdbc:mysql://127.0.0.1:3306/temp_utf8?serverTimezone=UTC&useUnicode=true&useSSL=false&characterEncoding=utf8&allowPublicKeyRetrieval=true
[DEBUG] [15:13:27.253] [JavaFX Application Thread] [] org.mybatis.generator.internal.db.DatabaseIntrospector.getColumns:501 --> Retrieving column information for table "temp_utf8.table_with_identify"
[DEBUG] [15:13:27.255] [JavaFX Application Thread] [] org.mybatis.generator.internal.db.DatabaseIntrospector.getColumns:559 --> Found column "id", data type -5, in table "temp_utf8..table_with_identify"
[DEBUG] [15:13:27.256] [JavaFX Application Thread] [] org.mybatis.generator.internal.db.DatabaseIntrospector.getColumns:559 --> Found column "gmt_create", data type 93, in table "temp_utf8..table_with_identify"
[DEBUG] [15:13:27.256] [JavaFX Application Thread] [] org.mybatis.generator.internal.db.DatabaseIntrospector.getColumns:559 --> Found column "gmt_modified", data type 93, in table "temp_utf8..table_with_identify"
[DEBUG] [15:13:27.256] [JavaFX Application Thread] [] org.mybatis.generator.internal.db.DatabaseIntrospector.getColumns:559 --> Found column "org_id", data type -5, in table "temp_utf8..table_with_identify"
[DEBUG] [15:13:27.257] [JavaFX Application Thread] [] org.mybatis.generator.internal.db.DatabaseIntrospector.getColumns:559 --> Found column "cid", data type 12, in table "temp_utf8..table_with_identify"
[DEBUG] [15:13:27.257] [JavaFX Application Thread] [] org.mybatis.generator.internal.db.DatabaseIntrospector.getColumns:559 --> Found column "code", data type 12, in table "temp_utf8..table_with_identify"
[INFO] [15:15:06.301] [JavaFX Application Thread] [] com.dingtalk.generator.gui.util.ConfigHelper.findConnectorLibPath:253 --> jar resource: file:/Users/suyin/Documents/MySpace/mybatis-generator-tddl/generator-gui/target/classes/logback.xml
[INFO] [15:15:06.303] [JavaFX Application Thread] [] com.dingtalk.generator.gui.bridge.MybatisGeneratorBridge.generate:78 --> connectorLibPath: /Users/suyin/Documents/MySpace/mybatis-generator-tddl/generator-gui/target/classes/lib/mysql-connector-java-8.0.11.jar
[INFO] [15:15:06.303] [JavaFX Application Thread] [] com.dingtalk.generator.gui.util.DbUtil.getConnectionUrlWithSchema:222 --> getConnectionUrlWithSchema, connection url: jdbc:mysql://127.0.0.1:3306/temp_utf8?serverTimezone=UTC&useUnicode=true&useSSL=false&characterEncoding=utf8&allowPublicKeyRetrieval=true
[DEBUG] [15:15:06.306] [JavaFX Application Thread] [] org.mybatis.generator.internal.db.DatabaseIntrospector.getColumns:501 --> Retrieving column information for table "temp_utf8.table_one_unique_key"
[DEBUG] [15:15:06.309] [JavaFX Application Thread] [] org.mybatis.generator.internal.db.DatabaseIntrospector.getColumns:559 --> Found column "id", data type -5, in table "temp_utf8..table_one_unique_key"
[DEBUG] [15:15:06.309] [JavaFX Application Thread] [] org.mybatis.generator.internal.db.DatabaseIntrospector.getColumns:559 --> Found column "gmt_create", data type 93, in table "temp_utf8..table_one_unique_key"
[DEBUG] [15:15:06.309] [JavaFX Application Thread] [] org.mybatis.generator.internal.db.DatabaseIntrospector.getColumns:559 --> Found column "gmt_modified", data type 93, in table "temp_utf8..table_one_unique_key"
[DEBUG] [15:15:06.309] [JavaFX Application Thread] [] org.mybatis.generator.internal.db.DatabaseIntrospector.getColumns:559 --> Found column "org_id", data type -5, in table "temp_utf8..table_one_unique_key"
[DEBUG] [15:15:06.310] [JavaFX Application Thread] [] org.mybatis.generator.internal.db.DatabaseIntrospector.getColumns:559 --> Found column "cid", data type 12, in table "temp_utf8..table_one_unique_key"
[DEBUG] [15:15:06.310] [JavaFX Application Thread] [] org.mybatis.generator.internal.db.DatabaseIntrospector.getColumns:559 --> Found column "code", data type 12, in table "temp_utf8..table_one_unique_key"
[INFO] [15:15:11.400] [JavaFX Application Thread] [] com.dingtalk.generator.gui.util.ConfigHelper.findConnectorLibPath:253 --> jar resource: file:/Users/suyin/Documents/MySpace/mybatis-generator-tddl/generator-gui/target/classes/logback.xml
[INFO] [15:15:11.400] [JavaFX Application Thread] [] com.dingtalk.generator.gui.bridge.MybatisGeneratorBridge.generate:78 --> connectorLibPath: /Users/suyin/Documents/MySpace/mybatis-generator-tddl/generator-gui/target/classes/lib/mysql-connector-java-8.0.11.jar
[INFO] [15:15:11.401] [JavaFX Application Thread] [] com.dingtalk.generator.gui.util.DbUtil.getConnectionUrlWithSchema:222 --> getConnectionUrlWithSchema, connection url: jdbc:mysql://127.0.0.1:3306/temp_utf8?serverTimezone=UTC&useUnicode=true&useSSL=false&characterEncoding=utf8&allowPublicKeyRetrieval=true
[DEBUG] [15:15:11.404] [JavaFX Application Thread] [] org.mybatis.generator.internal.db.DatabaseIntrospector.getColumns:501 --> Retrieving column information for table "temp_utf8.table_two_unique_key"
[DEBUG] [15:15:11.406] [JavaFX Application Thread] [] org.mybatis.generator.internal.db.DatabaseIntrospector.getColumns:559 --> Found column "id", data type -5, in table "temp_utf8..table_two_unique_key"
[DEBUG] [15:15:11.406] [JavaFX Application Thread] [] org.mybatis.generator.internal.db.DatabaseIntrospector.getColumns:559 --> Found column "gmt_create", data type 93, in table "temp_utf8..table_two_unique_key"
[DEBUG] [15:15:11.406] [JavaFX Application Thread] [] org.mybatis.generator.internal.db.DatabaseIntrospector.getColumns:559 --> Found column "gmt_modified", data type 93, in table "temp_utf8..table_two_unique_key"
[DEBUG] [15:15:11.407] [JavaFX Application Thread] [] org.mybatis.generator.internal.db.DatabaseIntrospector.getColumns:559 --> Found column "org_id", data type -5, in table "temp_utf8..table_two_unique_key"
[DEBUG] [15:15:11.407] [JavaFX Application Thread] [] org.mybatis.generator.internal.db.DatabaseIntrospector.getColumns:559 --> Found column "cid", data type 12, in table "temp_utf8..table_two_unique_key"
[DEBUG] [15:15:11.407] [JavaFX Application Thread] [] org.mybatis.generator.internal.db.DatabaseIntrospector.getColumns:559 --> Found column "code", data type 12, in table "temp_utf8..table_two_unique_key"
[INFO] [15:15:16.485] [JavaFX Application Thread] [] com.dingtalk.generator.gui.util.ConfigHelper.findConnectorLibPath:253 --> jar resource: file:/Users/suyin/Documents/MySpace/mybatis-generator-tddl/generator-gui/target/classes/logback.xml
[INFO] [15:15:16.486] [JavaFX Application Thread] [] com.dingtalk.generator.gui.bridge.MybatisGeneratorBridge.generate:78 --> connectorLibPath: /Users/suyin/Documents/MySpace/mybatis-generator-tddl/generator-gui/target/classes/lib/mysql-connector-java-8.0.11.jar
[INFO] [15:15:16.486] [JavaFX Application Thread] [] com.dingtalk.generator.gui.util.DbUtil.getConnectionUrlWithSchema:222 --> getConnectionUrlWithSchema, connection url: jdbc:mysql://127.0.0.1:3306/temp_utf8?serverTimezone=UTC&useUnicode=true&useSSL=false&characterEncoding=utf8&allowPublicKeyRetrieval=true
[DEBUG] [15:15:16.490] [JavaFX Application Thread] [] org.mybatis.generator.internal.db.DatabaseIntrospector.getColumns:501 --> Retrieving column information for table "temp_utf8.table_with_identify"
[DEBUG] [15:15:16.492] [JavaFX Application Thread] [] org.mybatis.generator.internal.db.DatabaseIntrospector.getColumns:559 --> Found column "id", data type -5, in table "temp_utf8..table_with_identify"
[DEBUG] [15:15:16.493] [JavaFX Application Thread] [] org.mybatis.generator.internal.db.DatabaseIntrospector.getColumns:559 --> Found column "gmt_create", data type 93, in table "temp_utf8..table_with_identify"
[DEBUG] [15:15:16.493] [JavaFX Application Thread] [] org.mybatis.generator.internal.db.DatabaseIntrospector.getColumns:559 --> Found column "gmt_modified", data type 93, in table "temp_utf8..table_with_identify"
[DEBUG] [15:15:16.493] [JavaFX Application Thread] [] org.mybatis.generator.internal.db.DatabaseIntrospector.getColumns:559 --> Found column "org_id", data type -5, in table "temp_utf8..table_with_identify"
[DEBUG] [15:15:16.493] [JavaFX Application Thread] [] org.mybatis.generator.internal.db.DatabaseIntrospector.getColumns:559 --> Found column "cid", data type 12, in table "temp_utf8..table_with_identify"
[DEBUG] [15:15:16.493] [JavaFX Application Thread] [] org.mybatis.generator.internal.db.DatabaseIntrospector.getColumns:559 --> Found column "code", data type 12, in table "temp_utf8..table_with_identify"
