[INFO] [10:14:34.507] [JavaFX Application Thread] [] com.toolplat.generator.gui.util.ConnectionManager.getConnection:20 --> database FilePath :/Users/suyin/Documents/MySpace/mybatis-generator-tddl/./config/sqlite3.db
[INFO] [10:14:45.740] [JavaFX Application Thread] [] com.toolplat.generator.gui.util.ConnectionManager.getConnection:20 --> database FilePath :/Users/suyin/Documents/MySpace/mybatis-generator-tddl/./config/sqlite3.db
[INFO] [10:14:49.176] [JavaFX Application Thread] [] com.toolplat.generator.gui.util.ConfigHelper.getAllJDBCDriverJarPaths:276 --> jar lib path: /Users/suyin/Documents/MySpace/mybatis-generator-tddl/src/main/resources/lib
[INFO] [10:14:49.178] [JavaFX Application Thread] [] com.toolplat.generator.gui.util.DbUtil.loadDbDriver:237 --> load driver class: com.mysql.cj.jdbc.Driver@32a1f860
[INFO] [10:14:49.179] [JavaFX Application Thread] [] com.toolplat.generator.gui.util.DbUtil.getConnectionUrlWithSchema:223 --> getConnectionUrlWithSchema, connection url: jdbc:mysql://127.0.0.1:3306/temp_utf8?serverTimezone=UTC&useUnicode=true&useSSL=false&characterEncoding=utf8&allowPublicKeyRetrieval=true
[INFO] [10:14:49.377] [JavaFX Application Thread] [] com.toolplat.generator.gui.util.DbUtil.getConnection:148 --> getConnection, connection url: com.mysql.cj.jdbc.ConnectionImpl@3fbed2d4
[INFO] [10:14:50.738] [JavaFX Application Thread] [] com.toolplat.generator.gui.util.ConnectionManager.getConnection:20 --> database FilePath :/Users/suyin/Documents/MySpace/mybatis-generator-tddl/./config/sqlite3.db
[INFO] [10:14:50.739] [JavaFX Application Thread] [] com.toolplat.generator.gui.util.ConfigHelper.loadGeneratorConfigs:216 --> sql: SELECT * FROM generator_config
[INFO] [10:14:51.774] [JavaFX Application Thread] [] com.toolplat.generator.gui.util.ConnectionManager.getConnection:20 --> database FilePath :/Users/suyin/Documents/MySpace/mybatis-generator-tddl/./config/sqlite3.db
[INFO] [10:14:51.775] [JavaFX Application Thread] [] com.toolplat.generator.gui.util.ConfigHelper.loadGeneratorConfig:187 --> sql: SELECT * FROM generator_config where name='test'
[INFO] [10:14:54.513] [JavaFX Application Thread] [] com.toolplat.generator.gui.util.DbUtil.getConnectionUrlWithSchema:223 --> getConnectionUrlWithSchema, connection url: jdbc:mysql://127.0.0.1:3306/temp_utf8?serverTimezone=UTC&useUnicode=true&useSSL=false&characterEncoding=utf8&allowPublicKeyRetrieval=true
[INFO] [10:14:54.513] [JavaFX Application Thread] [] com.toolplat.generator.gui.util.DbUtil.getUniqueKeys:247 --> getTableColumns, connection url: jdbc:mysql://127.0.0.1:3306/temp_utf8?serverTimezone=UTC&useUnicode=true&useSSL=false&characterEncoding=utf8&allowPublicKeyRetrieval=true
[INFO] [10:14:54.513] [JavaFX Application Thread] [] com.toolplat.generator.gui.util.DbUtil.getConnectionUrlWithSchema:223 --> getConnectionUrlWithSchema, connection url: jdbc:mysql://127.0.0.1:3306/temp_utf8?serverTimezone=UTC&useUnicode=true&useSSL=false&characterEncoding=utf8&allowPublicKeyRetrieval=true
[INFO] [10:14:54.517] [JavaFX Application Thread] [] com.toolplat.generator.gui.util.DbUtil.getConnection:148 --> getConnection, connection url: com.mysql.cj.jdbc.ConnectionImpl@602b2ff2
[INFO] [10:15:06.155] [JavaFX Application Thread] [] com.toolplat.generator.gui.util.ConfigHelper.findConnectorLibPath:253 --> jar resource: file:/Users/suyin/Documents/MySpace/mybatis-generator-tddl/generator-gui/target/classes/logback.xml
[INFO] [10:15:06.156] [JavaFX Application Thread] [] com.toolplat.generator.gui.bridge.MybatisGeneratorBridge.generate:80 --> connectorLibPath: /Users/suyin/Documents/MySpace/mybatis-generator-tddl/generator-gui/target/classes/lib/mysql-connector-java-8.0.11.jar
[INFO] [10:15:06.159] [JavaFX Application Thread] [] com.toolplat.generator.gui.util.DbUtil.getConnectionUrlWithSchema:223 --> getConnectionUrlWithSchema, connection url: jdbc:mysql://127.0.0.1:3306/temp_utf8?serverTimezone=UTC&useUnicode=true&useSSL=false&characterEncoding=utf8&allowPublicKeyRetrieval=true
[DEBUG] [10:15:06.200] [JavaFX Application Thread] [] org.mybatis.generator.logging.LogFactory.setImplementation:105 --> Logging initialized using 'org.mybatis.generator.logging.slf4j.Slf4jLoggingLogFactory@5ba4d9f1' adapter.
[DEBUG] [10:15:06.202] [JavaFX Application Thread] [] org.mybatis.generator.internal.db.DatabaseIntrospector.getColumns:501 --> Retrieving column information for table "temp_utf8.table_one_unique_key"
[DEBUG] [10:15:06.208] [JavaFX Application Thread] [] org.mybatis.generator.internal.db.DatabaseIntrospector.getColumns:559 --> Found column "id", data type -5, in table "temp_utf8..table_one_unique_key"
[DEBUG] [10:15:06.209] [JavaFX Application Thread] [] org.mybatis.generator.internal.db.DatabaseIntrospector.getColumns:559 --> Found column "gmt_create", data type 93, in table "temp_utf8..table_one_unique_key"
[DEBUG] [10:15:06.209] [JavaFX Application Thread] [] org.mybatis.generator.internal.db.DatabaseIntrospector.getColumns:559 --> Found column "gmt_modified", data type 93, in table "temp_utf8..table_one_unique_key"
[DEBUG] [10:15:06.210] [JavaFX Application Thread] [] org.mybatis.generator.internal.db.DatabaseIntrospector.getColumns:559 --> Found column "org_id", data type -5, in table "temp_utf8..table_one_unique_key"
[DEBUG] [10:15:06.210] [JavaFX Application Thread] [] org.mybatis.generator.internal.db.DatabaseIntrospector.getColumns:559 --> Found column "cid", data type 12, in table "temp_utf8..table_one_unique_key"
[DEBUG] [10:15:06.210] [JavaFX Application Thread] [] org.mybatis.generator.internal.db.DatabaseIntrospector.getColumns:559 --> Found column "code", data type 12, in table "temp_utf8..table_one_unique_key"
[INFO] [10:15:17.280] [JavaFX Application Thread] [] com.toolplat.generator.gui.util.ConfigHelper.findConnectorLibPath:253 --> jar resource: file:/Users/suyin/Documents/MySpace/mybatis-generator-tddl/generator-gui/target/classes/logback.xml
[INFO] [10:15:17.280] [JavaFX Application Thread] [] com.toolplat.generator.gui.bridge.MybatisGeneratorBridge.generate:80 --> connectorLibPath: /Users/suyin/Documents/MySpace/mybatis-generator-tddl/generator-gui/target/classes/lib/mysql-connector-java-8.0.11.jar
[INFO] [10:15:17.280] [JavaFX Application Thread] [] com.toolplat.generator.gui.util.DbUtil.getConnectionUrlWithSchema:223 --> getConnectionUrlWithSchema, connection url: jdbc:mysql://127.0.0.1:3306/temp_utf8?serverTimezone=UTC&useUnicode=true&useSSL=false&characterEncoding=utf8&allowPublicKeyRetrieval=true
[DEBUG] [10:15:17.284] [JavaFX Application Thread] [] org.mybatis.generator.internal.db.DatabaseIntrospector.getColumns:501 --> Retrieving column information for table "temp_utf8.table_one_unique_key"
[DEBUG] [10:15:17.286] [JavaFX Application Thread] [] org.mybatis.generator.internal.db.DatabaseIntrospector.getColumns:559 --> Found column "id", data type -5, in table "temp_utf8..table_one_unique_key"
[DEBUG] [10:15:17.287] [JavaFX Application Thread] [] org.mybatis.generator.internal.db.DatabaseIntrospector.getColumns:559 --> Found column "gmt_create", data type 93, in table "temp_utf8..table_one_unique_key"
[DEBUG] [10:15:17.287] [JavaFX Application Thread] [] org.mybatis.generator.internal.db.DatabaseIntrospector.getColumns:559 --> Found column "gmt_modified", data type 93, in table "temp_utf8..table_one_unique_key"
[DEBUG] [10:15:17.287] [JavaFX Application Thread] [] org.mybatis.generator.internal.db.DatabaseIntrospector.getColumns:559 --> Found column "org_id", data type -5, in table "temp_utf8..table_one_unique_key"
[DEBUG] [10:15:17.287] [JavaFX Application Thread] [] org.mybatis.generator.internal.db.DatabaseIntrospector.getColumns:559 --> Found column "cid", data type 12, in table "temp_utf8..table_one_unique_key"
[DEBUG] [10:15:17.288] [JavaFX Application Thread] [] org.mybatis.generator.internal.db.DatabaseIntrospector.getColumns:559 --> Found column "code", data type 12, in table "temp_utf8..table_one_unique_key"
[INFO] [10:17:34.463] [JavaFX Application Thread] [] com.toolplat.generator.gui.util.ConfigHelper.findConnectorLibPath:253 --> jar resource: file:/Users/suyin/Documents/MySpace/mybatis-generator-tddl/generator-gui/target/classes/logback.xml
[INFO] [10:17:34.464] [JavaFX Application Thread] [] com.toolplat.generator.gui.bridge.MybatisGeneratorBridge.generate:80 --> connectorLibPath: /Users/suyin/Documents/MySpace/mybatis-generator-tddl/generator-gui/target/classes/lib/mysql-connector-java-8.0.11.jar
[INFO] [10:17:37.802] [JavaFX Application Thread] [] com.toolplat.generator.gui.util.DbUtil.getConnectionUrlWithSchema:223 --> getConnectionUrlWithSchema, connection url: jdbc:mysql://127.0.0.1:3306/temp_utf8?serverTimezone=UTC&useUnicode=true&useSSL=false&characterEncoding=utf8&allowPublicKeyRetrieval=true
[DEBUG] [10:17:37.806] [JavaFX Application Thread] [] org.mybatis.generator.internal.db.DatabaseIntrospector.getColumns:501 --> Retrieving column information for table "temp_utf8.table_one_unique_key"
[DEBUG] [10:17:37.810] [JavaFX Application Thread] [] org.mybatis.generator.internal.db.DatabaseIntrospector.getColumns:559 --> Found column "id", data type -5, in table "temp_utf8..table_one_unique_key"
[DEBUG] [10:17:37.811] [JavaFX Application Thread] [] org.mybatis.generator.internal.db.DatabaseIntrospector.getColumns:559 --> Found column "gmt_create", data type 93, in table "temp_utf8..table_one_unique_key"
[DEBUG] [10:17:37.811] [JavaFX Application Thread] [] org.mybatis.generator.internal.db.DatabaseIntrospector.getColumns:559 --> Found column "gmt_modified", data type 93, in table "temp_utf8..table_one_unique_key"
[DEBUG] [10:17:37.812] [JavaFX Application Thread] [] org.mybatis.generator.internal.db.DatabaseIntrospector.getColumns:559 --> Found column "org_id", data type -5, in table "temp_utf8..table_one_unique_key"
[DEBUG] [10:17:37.812] [JavaFX Application Thread] [] org.mybatis.generator.internal.db.DatabaseIntrospector.getColumns:559 --> Found column "cid", data type 12, in table "temp_utf8..table_one_unique_key"
[DEBUG] [10:17:37.812] [JavaFX Application Thread] [] org.mybatis.generator.internal.db.DatabaseIntrospector.getColumns:559 --> Found column "code", data type 12, in table "temp_utf8..table_one_unique_key"
[INFO] [10:17:47.597] [JavaFX Application Thread] [] com.toolplat.generator.gui.util.ConfigHelper.findConnectorLibPath:253 --> jar resource: file:/Users/suyin/Documents/MySpace/mybatis-generator-tddl/generator-gui/target/classes/logback.xml
[INFO] [10:17:47.598] [JavaFX Application Thread] [] com.toolplat.generator.gui.bridge.MybatisGeneratorBridge.generate:80 --> connectorLibPath: /Users/suyin/Documents/MySpace/mybatis-generator-tddl/generator-gui/target/classes/lib/mysql-connector-java-8.0.11.jar
[INFO] [10:17:47.598] [JavaFX Application Thread] [] com.toolplat.generator.gui.util.DbUtil.getConnectionUrlWithSchema:223 --> getConnectionUrlWithSchema, connection url: jdbc:mysql://127.0.0.1:3306/temp_utf8?serverTimezone=UTC&useUnicode=true&useSSL=false&characterEncoding=utf8&allowPublicKeyRetrieval=true
[DEBUG] [10:17:47.601] [JavaFX Application Thread] [] org.mybatis.generator.internal.db.DatabaseIntrospector.getColumns:501 --> Retrieving column information for table "temp_utf8.table_one_unique_key"
[DEBUG] [10:17:47.603] [JavaFX Application Thread] [] org.mybatis.generator.internal.db.DatabaseIntrospector.getColumns:559 --> Found column "id", data type -5, in table "temp_utf8..table_one_unique_key"
[DEBUG] [10:17:47.603] [JavaFX Application Thread] [] org.mybatis.generator.internal.db.DatabaseIntrospector.getColumns:559 --> Found column "gmt_create", data type 93, in table "temp_utf8..table_one_unique_key"
[DEBUG] [10:17:47.604] [JavaFX Application Thread] [] org.mybatis.generator.internal.db.DatabaseIntrospector.getColumns:559 --> Found column "gmt_modified", data type 93, in table "temp_utf8..table_one_unique_key"
[DEBUG] [10:17:47.604] [JavaFX Application Thread] [] org.mybatis.generator.internal.db.DatabaseIntrospector.getColumns:559 --> Found column "org_id", data type -5, in table "temp_utf8..table_one_unique_key"
[DEBUG] [10:17:47.604] [JavaFX Application Thread] [] org.mybatis.generator.internal.db.DatabaseIntrospector.getColumns:559 --> Found column "cid", data type 12, in table "temp_utf8..table_one_unique_key"
[DEBUG] [10:17:47.604] [JavaFX Application Thread] [] org.mybatis.generator.internal.db.DatabaseIntrospector.getColumns:559 --> Found column "code", data type 12, in table "temp_utf8..table_one_unique_key"
[INFO] [10:18:41.766] [JavaFX Application Thread] [] com.toolplat.generator.gui.util.ConfigHelper.findConnectorLibPath:253 --> jar resource: file:/Users/suyin/Documents/MySpace/mybatis-generator-tddl/generator-gui/target/classes/logback.xml
[INFO] [10:18:41.767] [JavaFX Application Thread] [] com.toolplat.generator.gui.bridge.MybatisGeneratorBridge.generate:80 --> connectorLibPath: /Users/suyin/Documents/MySpace/mybatis-generator-tddl/generator-gui/target/classes/lib/mysql-connector-java-8.0.11.jar
[INFO] [10:18:43.979] [JavaFX Application Thread] [] com.toolplat.generator.gui.util.DbUtil.getConnectionUrlWithSchema:223 --> getConnectionUrlWithSchema, connection url: jdbc:mysql://127.0.0.1:3306/temp_utf8?serverTimezone=UTC&useUnicode=true&useSSL=false&characterEncoding=utf8&allowPublicKeyRetrieval=true
[DEBUG] [10:18:43.982] [JavaFX Application Thread] [] org.mybatis.generator.internal.db.DatabaseIntrospector.getColumns:501 --> Retrieving column information for table "temp_utf8.table_one_unique_key"
[DEBUG] [10:18:43.985] [JavaFX Application Thread] [] org.mybatis.generator.internal.db.DatabaseIntrospector.getColumns:559 --> Found column "id", data type -5, in table "temp_utf8..table_one_unique_key"
[DEBUG] [10:18:43.986] [JavaFX Application Thread] [] org.mybatis.generator.internal.db.DatabaseIntrospector.getColumns:559 --> Found column "gmt_create", data type 93, in table "temp_utf8..table_one_unique_key"
[DEBUG] [10:18:43.986] [JavaFX Application Thread] [] org.mybatis.generator.internal.db.DatabaseIntrospector.getColumns:559 --> Found column "gmt_modified", data type 93, in table "temp_utf8..table_one_unique_key"
[DEBUG] [10:18:43.987] [JavaFX Application Thread] [] org.mybatis.generator.internal.db.DatabaseIntrospector.getColumns:559 --> Found column "org_id", data type -5, in table "temp_utf8..table_one_unique_key"
[DEBUG] [10:18:43.987] [JavaFX Application Thread] [] org.mybatis.generator.internal.db.DatabaseIntrospector.getColumns:559 --> Found column "cid", data type 12, in table "temp_utf8..table_one_unique_key"
[DEBUG] [10:18:43.987] [JavaFX Application Thread] [] org.mybatis.generator.internal.db.DatabaseIntrospector.getColumns:559 --> Found column "code", data type 12, in table "temp_utf8..table_one_unique_key"
[INFO] [10:18:48.542] [JavaFX Application Thread] [] com.toolplat.generator.gui.util.ConfigHelper.findConnectorLibPath:253 --> jar resource: file:/Users/suyin/Documents/MySpace/mybatis-generator-tddl/generator-gui/target/classes/logback.xml
[INFO] [10:18:48.542] [JavaFX Application Thread] [] com.toolplat.generator.gui.bridge.MybatisGeneratorBridge.generate:80 --> connectorLibPath: /Users/suyin/Documents/MySpace/mybatis-generator-tddl/generator-gui/target/classes/lib/mysql-connector-java-8.0.11.jar
[INFO] [10:18:48.543] [JavaFX Application Thread] [] com.toolplat.generator.gui.util.DbUtil.getConnectionUrlWithSchema:223 --> getConnectionUrlWithSchema, connection url: jdbc:mysql://127.0.0.1:3306/temp_utf8?serverTimezone=UTC&useUnicode=true&useSSL=false&characterEncoding=utf8&allowPublicKeyRetrieval=true
[DEBUG] [10:18:48.546] [JavaFX Application Thread] [] org.mybatis.generator.internal.db.DatabaseIntrospector.getColumns:501 --> Retrieving column information for table "temp_utf8.table_one_unique_key"
[DEBUG] [10:18:48.548] [JavaFX Application Thread] [] org.mybatis.generator.internal.db.DatabaseIntrospector.getColumns:559 --> Found column "id", data type -5, in table "temp_utf8..table_one_unique_key"
[DEBUG] [10:18:48.549] [JavaFX Application Thread] [] org.mybatis.generator.internal.db.DatabaseIntrospector.getColumns:559 --> Found column "gmt_create", data type 93, in table "temp_utf8..table_one_unique_key"
[DEBUG] [10:18:48.549] [JavaFX Application Thread] [] org.mybatis.generator.internal.db.DatabaseIntrospector.getColumns:559 --> Found column "gmt_modified", data type 93, in table "temp_utf8..table_one_unique_key"
[DEBUG] [10:18:48.549] [JavaFX Application Thread] [] org.mybatis.generator.internal.db.DatabaseIntrospector.getColumns:559 --> Found column "org_id", data type -5, in table "temp_utf8..table_one_unique_key"
[DEBUG] [10:18:48.549] [JavaFX Application Thread] [] org.mybatis.generator.internal.db.DatabaseIntrospector.getColumns:559 --> Found column "cid", data type 12, in table "temp_utf8..table_one_unique_key"
[DEBUG] [10:18:48.550] [JavaFX Application Thread] [] org.mybatis.generator.internal.db.DatabaseIntrospector.getColumns:559 --> Found column "code", data type 12, in table "temp_utf8..table_one_unique_key"
[INFO] [10:20:24.376] [JavaFX Application Thread] [] com.toolplat.generator.gui.util.ConfigHelper.findConnectorLibPath:253 --> jar resource: file:/Users/suyin/Documents/MySpace/mybatis-generator-tddl/generator-gui/target/classes/logback.xml
[INFO] [10:20:24.377] [JavaFX Application Thread] [] com.toolplat.generator.gui.bridge.MybatisGeneratorBridge.generate:80 --> connectorLibPath: /Users/suyin/Documents/MySpace/mybatis-generator-tddl/generator-gui/target/classes/lib/mysql-connector-java-8.0.11.jar
[INFO] [10:20:29.101] [JavaFX Application Thread] [] com.toolplat.generator.gui.util.DbUtil.getConnectionUrlWithSchema:223 --> getConnectionUrlWithSchema, connection url: jdbc:mysql://127.0.0.1:3306/temp_utf8?serverTimezone=UTC&useUnicode=true&useSSL=false&characterEncoding=utf8&allowPublicKeyRetrieval=true
[DEBUG] [10:20:29.105] [JavaFX Application Thread] [] org.mybatis.generator.internal.db.DatabaseIntrospector.getColumns:501 --> Retrieving column information for table "temp_utf8.table_one_unique_key"
[DEBUG] [10:20:29.108] [JavaFX Application Thread] [] org.mybatis.generator.internal.db.DatabaseIntrospector.getColumns:559 --> Found column "id", data type -5, in table "temp_utf8..table_one_unique_key"
[DEBUG] [10:20:29.108] [JavaFX Application Thread] [] org.mybatis.generator.internal.db.DatabaseIntrospector.getColumns:559 --> Found column "gmt_create", data type 93, in table "temp_utf8..table_one_unique_key"
[DEBUG] [10:20:29.108] [JavaFX Application Thread] [] org.mybatis.generator.internal.db.DatabaseIntrospector.getColumns:559 --> Found column "gmt_modified", data type 93, in table "temp_utf8..table_one_unique_key"
[DEBUG] [10:20:29.109] [JavaFX Application Thread] [] org.mybatis.generator.internal.db.DatabaseIntrospector.getColumns:559 --> Found column "org_id", data type -5, in table "temp_utf8..table_one_unique_key"
[DEBUG] [10:20:29.109] [JavaFX Application Thread] [] org.mybatis.generator.internal.db.DatabaseIntrospector.getColumns:559 --> Found column "cid", data type 12, in table "temp_utf8..table_one_unique_key"
[DEBUG] [10:20:29.109] [JavaFX Application Thread] [] org.mybatis.generator.internal.db.DatabaseIntrospector.getColumns:559 --> Found column "code", data type 12, in table "temp_utf8..table_one_unique_key"
[INFO] [10:24:49.537] [JavaFX Application Thread] [] com.toolplat.generator.gui.util.ConfigHelper.findConnectorLibPath:253 --> jar resource: file:/Users/suyin/Documents/MySpace/mybatis-generator-tddl/generator-gui/target/classes/logback.xml
[INFO] [10:24:49.538] [JavaFX Application Thread] [] com.toolplat.generator.gui.bridge.MybatisGeneratorBridge.generate:80 --> connectorLibPath: /Users/suyin/Documents/MySpace/mybatis-generator-tddl/generator-gui/target/classes/lib/mysql-connector-java-8.0.11.jar
[INFO] [10:24:49.538] [JavaFX Application Thread] [] com.toolplat.generator.gui.util.DbUtil.getConnectionUrlWithSchema:223 --> getConnectionUrlWithSchema, connection url: jdbc:mysql://127.0.0.1:3306/temp_utf8?serverTimezone=UTC&useUnicode=true&useSSL=false&characterEncoding=utf8&allowPublicKeyRetrieval=true
[DEBUG] [10:24:49.541] [JavaFX Application Thread] [] org.mybatis.generator.internal.db.DatabaseIntrospector.getColumns:501 --> Retrieving column information for table "temp_utf8.table_one_unique_key"
[DEBUG] [10:24:49.543] [JavaFX Application Thread] [] org.mybatis.generator.internal.db.DatabaseIntrospector.getColumns:559 --> Found column "id", data type -5, in table "temp_utf8..table_one_unique_key"
[DEBUG] [10:24:49.543] [JavaFX Application Thread] [] org.mybatis.generator.internal.db.DatabaseIntrospector.getColumns:559 --> Found column "gmt_create", data type 93, in table "temp_utf8..table_one_unique_key"
[DEBUG] [10:24:49.544] [JavaFX Application Thread] [] org.mybatis.generator.internal.db.DatabaseIntrospector.getColumns:559 --> Found column "gmt_modified", data type 93, in table "temp_utf8..table_one_unique_key"
[DEBUG] [10:24:49.544] [JavaFX Application Thread] [] org.mybatis.generator.internal.db.DatabaseIntrospector.getColumns:559 --> Found column "org_id", data type -5, in table "temp_utf8..table_one_unique_key"
[DEBUG] [10:24:49.544] [JavaFX Application Thread] [] org.mybatis.generator.internal.db.DatabaseIntrospector.getColumns:559 --> Found column "cid", data type 12, in table "temp_utf8..table_one_unique_key"
[DEBUG] [10:24:49.544] [JavaFX Application Thread] [] org.mybatis.generator.internal.db.DatabaseIntrospector.getColumns:559 --> Found column "code", data type 12, in table "temp_utf8..table_one_unique_key"
[INFO] [10:26:40.441] [JavaFX Application Thread] [] com.toolplat.generator.gui.util.ConfigHelper.findConnectorLibPath:253 --> jar resource: file:/Users/suyin/Documents/MySpace/mybatis-generator-tddl/generator-gui/target/classes/logback.xml
[INFO] [10:26:40.443] [JavaFX Application Thread] [] com.toolplat.generator.gui.bridge.MybatisGeneratorBridge.generate:80 --> connectorLibPath: /Users/suyin/Documents/MySpace/mybatis-generator-tddl/generator-gui/target/classes/lib/mysql-connector-java-8.0.11.jar
[INFO] [10:26:40.443] [JavaFX Application Thread] [] com.toolplat.generator.gui.util.DbUtil.getConnectionUrlWithSchema:223 --> getConnectionUrlWithSchema, connection url: jdbc:mysql://127.0.0.1:3306/temp_utf8?serverTimezone=UTC&useUnicode=true&useSSL=false&characterEncoding=utf8&allowPublicKeyRetrieval=true
[DEBUG] [10:26:40.446] [JavaFX Application Thread] [] org.mybatis.generator.internal.db.DatabaseIntrospector.getColumns:501 --> Retrieving column information for table "temp_utf8.table_one_unique_key"
[DEBUG] [10:26:40.448] [JavaFX Application Thread] [] org.mybatis.generator.internal.db.DatabaseIntrospector.getColumns:559 --> Found column "id", data type -5, in table "temp_utf8..table_one_unique_key"
[DEBUG] [10:26:40.448] [JavaFX Application Thread] [] org.mybatis.generator.internal.db.DatabaseIntrospector.getColumns:559 --> Found column "gmt_create", data type 93, in table "temp_utf8..table_one_unique_key"
[DEBUG] [10:26:40.448] [JavaFX Application Thread] [] org.mybatis.generator.internal.db.DatabaseIntrospector.getColumns:559 --> Found column "gmt_modified", data type 93, in table "temp_utf8..table_one_unique_key"
[DEBUG] [10:26:40.449] [JavaFX Application Thread] [] org.mybatis.generator.internal.db.DatabaseIntrospector.getColumns:559 --> Found column "org_id", data type -5, in table "temp_utf8..table_one_unique_key"
[DEBUG] [10:26:40.449] [JavaFX Application Thread] [] org.mybatis.generator.internal.db.DatabaseIntrospector.getColumns:559 --> Found column "cid", data type 12, in table "temp_utf8..table_one_unique_key"
[DEBUG] [10:26:40.449] [JavaFX Application Thread] [] org.mybatis.generator.internal.db.DatabaseIntrospector.getColumns:559 --> Found column "code", data type 12, in table "temp_utf8..table_one_unique_key"
[INFO] [10:31:29.237] [JavaFX Application Thread] [] com.toolplat.generator.gui.util.ConnectionManager.getConnection:20 --> database FilePath :/Users/suyin/Documents/MySpace/mybatis-generator-tddl/./config/sqlite3.db
[INFO] [10:32:10.071] [JavaFX Application Thread] [] com.toolplat.generator.gui.util.ConnectionManager.getConnection:20 --> database FilePath :/Users/suyin/Documents/MySpace/mybatis-generator-tddl/./config/sqlite3.db
[INFO] [10:32:10.073] [JavaFX Application Thread] [] com.toolplat.generator.gui.util.ConfigHelper.loadGeneratorConfigs:216 --> sql: SELECT * FROM generator_config
[INFO] [10:32:11.182] [JavaFX Application Thread] [] com.toolplat.generator.gui.util.ConnectionManager.getConnection:20 --> database FilePath :/Users/suyin/Documents/MySpace/mybatis-generator-tddl/./config/sqlite3.db
[INFO] [10:32:11.183] [JavaFX Application Thread] [] com.toolplat.generator.gui.util.ConfigHelper.loadGeneratorConfig:187 --> sql: SELECT * FROM generator_config where name='test'
[INFO] [10:32:12.156] [JavaFX Application Thread] [] com.toolplat.generator.gui.util.ConfigHelper.getAllJDBCDriverJarPaths:276 --> jar lib path: /Users/suyin/Documents/MySpace/mybatis-generator-tddl/src/main/resources/lib
[INFO] [10:32:12.157] [JavaFX Application Thread] [] com.toolplat.generator.gui.util.DbUtil.loadDbDriver:237 --> load driver class: com.mysql.cj.jdbc.Driver@62ef0acb
[INFO] [10:32:12.157] [JavaFX Application Thread] [] com.toolplat.generator.gui.util.DbUtil.getConnectionUrlWithSchema:223 --> getConnectionUrlWithSchema, connection url: jdbc:mysql://127.0.0.1:3306/temp_utf8?serverTimezone=UTC&useUnicode=true&useSSL=false&characterEncoding=utf8&allowPublicKeyRetrieval=true
[INFO] [10:32:12.335] [JavaFX Application Thread] [] com.toolplat.generator.gui.util.DbUtil.getConnection:148 --> getConnection, connection url: com.mysql.cj.jdbc.ConnectionImpl@644aa0c
[INFO] [10:32:15.303] [JavaFX Application Thread] [] com.toolplat.generator.gui.util.DbUtil.getConnectionUrlWithSchema:223 --> getConnectionUrlWithSchema, connection url: jdbc:mysql://127.0.0.1:3306/temp_utf8?serverTimezone=UTC&useUnicode=true&useSSL=false&characterEncoding=utf8&allowPublicKeyRetrieval=true
[INFO] [10:32:15.304] [JavaFX Application Thread] [] com.toolplat.generator.gui.util.DbUtil.getUniqueKeys:247 --> getTableColumns, connection url: jdbc:mysql://127.0.0.1:3306/temp_utf8?serverTimezone=UTC&useUnicode=true&useSSL=false&characterEncoding=utf8&allowPublicKeyRetrieval=true
[INFO] [10:32:15.304] [JavaFX Application Thread] [] com.toolplat.generator.gui.util.DbUtil.getConnectionUrlWithSchema:223 --> getConnectionUrlWithSchema, connection url: jdbc:mysql://127.0.0.1:3306/temp_utf8?serverTimezone=UTC&useUnicode=true&useSSL=false&characterEncoding=utf8&allowPublicKeyRetrieval=true
[INFO] [10:32:15.307] [JavaFX Application Thread] [] com.toolplat.generator.gui.util.DbUtil.getConnection:148 --> getConnection, connection url: com.mysql.cj.jdbc.ConnectionImpl@8662941
[INFO] [10:32:19.224] [JavaFX Application Thread] [] com.toolplat.generator.gui.util.ConfigHelper.findConnectorLibPath:253 --> jar resource: file:/Users/suyin/Documents/MySpace/mybatis-generator-tddl/generator-gui/target/classes/logback.xml
[INFO] [10:32:19.224] [JavaFX Application Thread] [] com.toolplat.generator.gui.bridge.MybatisGeneratorBridge.generate:80 --> connectorLibPath: /Users/suyin/Documents/MySpace/mybatis-generator-tddl/generator-gui/target/classes/lib/mysql-connector-java-8.0.11.jar
[INFO] [10:32:19.226] [JavaFX Application Thread] [] com.toolplat.generator.gui.util.DbUtil.getConnectionUrlWithSchema:223 --> getConnectionUrlWithSchema, connection url: jdbc:mysql://127.0.0.1:3306/temp_utf8?serverTimezone=UTC&useUnicode=true&useSSL=false&characterEncoding=utf8&allowPublicKeyRetrieval=true
[DEBUG] [10:32:19.266] [JavaFX Application Thread] [] org.mybatis.generator.logging.LogFactory.setImplementation:105 --> Logging initialized using 'org.mybatis.generator.logging.slf4j.Slf4jLoggingLogFactory@61667de1' adapter.
[DEBUG] [10:32:19.267] [JavaFX Application Thread] [] org.mybatis.generator.internal.db.DatabaseIntrospector.getColumns:501 --> Retrieving column information for table "temp_utf8.table_one_unique_key"
[DEBUG] [10:32:19.272] [JavaFX Application Thread] [] org.mybatis.generator.internal.db.DatabaseIntrospector.getColumns:559 --> Found column "id", data type -5, in table "temp_utf8..table_one_unique_key"
[DEBUG] [10:32:19.273] [JavaFX Application Thread] [] org.mybatis.generator.internal.db.DatabaseIntrospector.getColumns:559 --> Found column "gmt_create", data type 93, in table "temp_utf8..table_one_unique_key"
[DEBUG] [10:32:19.273] [JavaFX Application Thread] [] org.mybatis.generator.internal.db.DatabaseIntrospector.getColumns:559 --> Found column "gmt_modified", data type 93, in table "temp_utf8..table_one_unique_key"
[DEBUG] [10:32:19.274] [JavaFX Application Thread] [] org.mybatis.generator.internal.db.DatabaseIntrospector.getColumns:559 --> Found column "org_id", data type -5, in table "temp_utf8..table_one_unique_key"
[DEBUG] [10:32:19.274] [JavaFX Application Thread] [] org.mybatis.generator.internal.db.DatabaseIntrospector.getColumns:559 --> Found column "cid", data type 12, in table "temp_utf8..table_one_unique_key"
[DEBUG] [10:32:19.274] [JavaFX Application Thread] [] org.mybatis.generator.internal.db.DatabaseIntrospector.getColumns:559 --> Found column "code", data type 12, in table "temp_utf8..table_one_unique_key"
[INFO] [10:33:39.435] [JavaFX Application Thread] [] com.toolplat.generator.gui.util.ConfigHelper.findConnectorLibPath:253 --> jar resource: file:/Users/suyin/Documents/MySpace/mybatis-generator-tddl/generator-gui/target/classes/logback.xml
[INFO] [10:33:39.436] [JavaFX Application Thread] [] com.toolplat.generator.gui.bridge.MybatisGeneratorBridge.generate:80 --> connectorLibPath: /Users/suyin/Documents/MySpace/mybatis-generator-tddl/generator-gui/target/classes/lib/mysql-connector-java-8.0.11.jar
[INFO] [10:33:39.436] [JavaFX Application Thread] [] com.toolplat.generator.gui.util.DbUtil.getConnectionUrlWithSchema:223 --> getConnectionUrlWithSchema, connection url: jdbc:mysql://127.0.0.1:3306/temp_utf8?serverTimezone=UTC&useUnicode=true&useSSL=false&characterEncoding=utf8&allowPublicKeyRetrieval=true
[DEBUG] [10:33:39.440] [JavaFX Application Thread] [] org.mybatis.generator.internal.db.DatabaseIntrospector.getColumns:501 --> Retrieving column information for table "temp_utf8.table_one_unique_key"
[DEBUG] [10:33:39.442] [JavaFX Application Thread] [] org.mybatis.generator.internal.db.DatabaseIntrospector.getColumns:559 --> Found column "id", data type -5, in table "temp_utf8..table_one_unique_key"
[DEBUG] [10:33:39.442] [JavaFX Application Thread] [] org.mybatis.generator.internal.db.DatabaseIntrospector.getColumns:559 --> Found column "gmt_create", data type 93, in table "temp_utf8..table_one_unique_key"
[DEBUG] [10:33:39.443] [JavaFX Application Thread] [] org.mybatis.generator.internal.db.DatabaseIntrospector.getColumns:559 --> Found column "gmt_modified", data type 93, in table "temp_utf8..table_one_unique_key"
[DEBUG] [10:33:39.443] [JavaFX Application Thread] [] org.mybatis.generator.internal.db.DatabaseIntrospector.getColumns:559 --> Found column "org_id", data type -5, in table "temp_utf8..table_one_unique_key"
[DEBUG] [10:33:39.443] [JavaFX Application Thread] [] org.mybatis.generator.internal.db.DatabaseIntrospector.getColumns:559 --> Found column "cid", data type 12, in table "temp_utf8..table_one_unique_key"
[DEBUG] [10:33:39.444] [JavaFX Application Thread] [] org.mybatis.generator.internal.db.DatabaseIntrospector.getColumns:559 --> Found column "code", data type 12, in table "temp_utf8..table_one_unique_key"
[INFO] [10:33:45.309] [JavaFX Application Thread] [] com.toolplat.generator.gui.util.ConfigHelper.findConnectorLibPath:253 --> jar resource: file:/Users/suyin/Documents/MySpace/mybatis-generator-tddl/generator-gui/target/classes/logback.xml
[INFO] [10:33:45.309] [JavaFX Application Thread] [] com.toolplat.generator.gui.bridge.MybatisGeneratorBridge.generate:80 --> connectorLibPath: /Users/suyin/Documents/MySpace/mybatis-generator-tddl/generator-gui/target/classes/lib/mysql-connector-java-8.0.11.jar
[INFO] [10:33:45.310] [JavaFX Application Thread] [] com.toolplat.generator.gui.util.DbUtil.getConnectionUrlWithSchema:223 --> getConnectionUrlWithSchema, connection url: jdbc:mysql://127.0.0.1:3306/temp_utf8?serverTimezone=UTC&useUnicode=true&useSSL=false&characterEncoding=utf8&allowPublicKeyRetrieval=true
[DEBUG] [10:33:45.313] [JavaFX Application Thread] [] org.mybatis.generator.internal.db.DatabaseIntrospector.getColumns:501 --> Retrieving column information for table "temp_utf8.table_one_unique_key"
[DEBUG] [10:33:45.315] [JavaFX Application Thread] [] org.mybatis.generator.internal.db.DatabaseIntrospector.getColumns:559 --> Found column "id", data type -5, in table "temp_utf8..table_one_unique_key"
[DEBUG] [10:33:45.315] [JavaFX Application Thread] [] org.mybatis.generator.internal.db.DatabaseIntrospector.getColumns:559 --> Found column "gmt_create", data type 93, in table "temp_utf8..table_one_unique_key"
[DEBUG] [10:33:45.316] [JavaFX Application Thread] [] org.mybatis.generator.internal.db.DatabaseIntrospector.getColumns:559 --> Found column "gmt_modified", data type 93, in table "temp_utf8..table_one_unique_key"
[DEBUG] [10:33:45.316] [JavaFX Application Thread] [] org.mybatis.generator.internal.db.DatabaseIntrospector.getColumns:559 --> Found column "org_id", data type -5, in table "temp_utf8..table_one_unique_key"
[DEBUG] [10:33:45.316] [JavaFX Application Thread] [] org.mybatis.generator.internal.db.DatabaseIntrospector.getColumns:559 --> Found column "cid", data type 12, in table "temp_utf8..table_one_unique_key"
[DEBUG] [10:33:45.316] [JavaFX Application Thread] [] org.mybatis.generator.internal.db.DatabaseIntrospector.getColumns:559 --> Found column "code", data type 12, in table "temp_utf8..table_one_unique_key"
[INFO] [10:34:47.484] [JavaFX Application Thread] [] com.toolplat.generator.gui.util.ConnectionManager.getConnection:20 --> database FilePath :/Users/suyin/Documents/MySpace/mybatis-generator-tddl/./config/sqlite3.db
[INFO] [10:34:50.132] [JavaFX Application Thread] [] com.toolplat.generator.gui.util.ConnectionManager.getConnection:20 --> database FilePath :/Users/suyin/Documents/MySpace/mybatis-generator-tddl/./config/sqlite3.db
[INFO] [10:34:50.133] [JavaFX Application Thread] [] com.toolplat.generator.gui.util.ConfigHelper.loadGeneratorConfigs:216 --> sql: SELECT * FROM generator_config
[INFO] [10:34:51.216] [JavaFX Application Thread] [] com.toolplat.generator.gui.util.ConnectionManager.getConnection:20 --> database FilePath :/Users/suyin/Documents/MySpace/mybatis-generator-tddl/./config/sqlite3.db
[INFO] [10:34:51.216] [JavaFX Application Thread] [] com.toolplat.generator.gui.util.ConfigHelper.loadGeneratorConfig:187 --> sql: SELECT * FROM generator_config where name='test'
[INFO] [10:34:52.719] [JavaFX Application Thread] [] com.toolplat.generator.gui.util.ConfigHelper.getAllJDBCDriverJarPaths:276 --> jar lib path: /Users/suyin/Documents/MySpace/mybatis-generator-tddl/src/main/resources/lib
[INFO] [10:34:52.720] [JavaFX Application Thread] [] com.toolplat.generator.gui.util.DbUtil.loadDbDriver:237 --> load driver class: com.mysql.cj.jdbc.Driver@3d3e3b91
[INFO] [10:34:52.720] [JavaFX Application Thread] [] com.toolplat.generator.gui.util.DbUtil.getConnectionUrlWithSchema:223 --> getConnectionUrlWithSchema, connection url: jdbc:mysql://127.0.0.1:3306/temp_utf8?serverTimezone=UTC&useUnicode=true&useSSL=false&characterEncoding=utf8&allowPublicKeyRetrieval=true
[INFO] [10:34:52.871] [JavaFX Application Thread] [] com.toolplat.generator.gui.util.DbUtil.getConnection:148 --> getConnection, connection url: com.mysql.cj.jdbc.ConnectionImpl@73e2efb0
[INFO] [10:34:55.350] [JavaFX Application Thread] [] com.toolplat.generator.gui.util.DbUtil.getConnectionUrlWithSchema:223 --> getConnectionUrlWithSchema, connection url: jdbc:mysql://127.0.0.1:3306/temp_utf8?serverTimezone=UTC&useUnicode=true&useSSL=false&characterEncoding=utf8&allowPublicKeyRetrieval=true
[INFO] [10:34:55.350] [JavaFX Application Thread] [] com.toolplat.generator.gui.util.DbUtil.getUniqueKeys:247 --> getTableColumns, connection url: jdbc:mysql://127.0.0.1:3306/temp_utf8?serverTimezone=UTC&useUnicode=true&useSSL=false&characterEncoding=utf8&allowPublicKeyRetrieval=true
[INFO] [10:34:55.351] [JavaFX Application Thread] [] com.toolplat.generator.gui.util.DbUtil.getConnectionUrlWithSchema:223 --> getConnectionUrlWithSchema, connection url: jdbc:mysql://127.0.0.1:3306/temp_utf8?serverTimezone=UTC&useUnicode=true&useSSL=false&characterEncoding=utf8&allowPublicKeyRetrieval=true
[INFO] [10:34:55.354] [JavaFX Application Thread] [] com.toolplat.generator.gui.util.DbUtil.getConnection:148 --> getConnection, connection url: com.mysql.cj.jdbc.ConnectionImpl@119b4060
[INFO] [10:34:58.214] [JavaFX Application Thread] [] com.toolplat.generator.gui.util.ConfigHelper.findConnectorLibPath:253 --> jar resource: file:/Users/suyin/Documents/MySpace/mybatis-generator-tddl/generator-gui/target/classes/logback.xml
[INFO] [10:34:58.214] [JavaFX Application Thread] [] com.toolplat.generator.gui.bridge.MybatisGeneratorBridge.generate:80 --> connectorLibPath: /Users/suyin/Documents/MySpace/mybatis-generator-tddl/generator-gui/target/classes/lib/mysql-connector-java-8.0.11.jar
[INFO] [10:34:58.216] [JavaFX Application Thread] [] com.toolplat.generator.gui.util.DbUtil.getConnectionUrlWithSchema:223 --> getConnectionUrlWithSchema, connection url: jdbc:mysql://127.0.0.1:3306/temp_utf8?serverTimezone=UTC&useUnicode=true&useSSL=false&characterEncoding=utf8&allowPublicKeyRetrieval=true
[DEBUG] [10:34:58.246] [JavaFX Application Thread] [] org.mybatis.generator.logging.LogFactory.setImplementation:105 --> Logging initialized using 'org.mybatis.generator.logging.slf4j.Slf4jLoggingLogFactory@e931a55' adapter.
[DEBUG] [10:34:58.248] [JavaFX Application Thread] [] org.mybatis.generator.internal.db.DatabaseIntrospector.getColumns:501 --> Retrieving column information for table "temp_utf8.table_one_unique_key"
[DEBUG] [10:34:58.254] [JavaFX Application Thread] [] org.mybatis.generator.internal.db.DatabaseIntrospector.getColumns:559 --> Found column "id", data type -5, in table "temp_utf8..table_one_unique_key"
[DEBUG] [10:34:58.254] [JavaFX Application Thread] [] org.mybatis.generator.internal.db.DatabaseIntrospector.getColumns:559 --> Found column "gmt_create", data type 93, in table "temp_utf8..table_one_unique_key"
[DEBUG] [10:34:58.255] [JavaFX Application Thread] [] org.mybatis.generator.internal.db.DatabaseIntrospector.getColumns:559 --> Found column "gmt_modified", data type 93, in table "temp_utf8..table_one_unique_key"
[DEBUG] [10:34:58.255] [JavaFX Application Thread] [] org.mybatis.generator.internal.db.DatabaseIntrospector.getColumns:559 --> Found column "org_id", data type -5, in table "temp_utf8..table_one_unique_key"
[DEBUG] [10:34:58.256] [JavaFX Application Thread] [] org.mybatis.generator.internal.db.DatabaseIntrospector.getColumns:559 --> Found column "cid", data type 12, in table "temp_utf8..table_one_unique_key"
[DEBUG] [10:34:58.256] [JavaFX Application Thread] [] org.mybatis.generator.internal.db.DatabaseIntrospector.getColumns:559 --> Found column "code", data type 12, in table "temp_utf8..table_one_unique_key"
[INFO] [11:03:47.010] [JavaFX Application Thread] [] com.toolplat.generator.gui.util.ConnectionManager.getConnection:20 --> database FilePath :/Users/suyin/Documents/MySpace/mybatis-generator-tddl/./config/sqlite3.db
[INFO] [11:04:07.189] [JavaFX Application Thread] [] com.toolplat.generator.gui.util.ConnectionManager.getConnection:20 --> database FilePath :/Users/suyin/Documents/MySpace/mybatis-generator-tddl/./config/sqlite3.db
[INFO] [11:04:07.191] [JavaFX Application Thread] [] com.toolplat.generator.gui.util.ConfigHelper.loadGeneratorConfigs:216 --> sql: SELECT * FROM generator_config
[INFO] [11:04:08.262] [JavaFX Application Thread] [] com.toolplat.generator.gui.util.ConnectionManager.getConnection:20 --> database FilePath :/Users/suyin/Documents/MySpace/mybatis-generator-tddl/./config/sqlite3.db
[INFO] [11:04:08.263] [JavaFX Application Thread] [] com.toolplat.generator.gui.util.ConfigHelper.loadGeneratorConfig:187 --> sql: SELECT * FROM generator_config where name='test'
[INFO] [11:04:09.409] [JavaFX Application Thread] [] com.toolplat.generator.gui.util.ConfigHelper.getAllJDBCDriverJarPaths:276 --> jar lib path: /Users/suyin/Documents/MySpace/mybatis-generator-tddl/src/main/resources/lib
[INFO] [11:04:09.410] [JavaFX Application Thread] [] com.toolplat.generator.gui.util.DbUtil.loadDbDriver:237 --> load driver class: com.mysql.cj.jdbc.Driver@5223108
[INFO] [11:04:09.411] [JavaFX Application Thread] [] com.toolplat.generator.gui.util.DbUtil.getConnectionUrlWithSchema:223 --> getConnectionUrlWithSchema, connection url: jdbc:mysql://127.0.0.1:3306/temp_utf8?serverTimezone=UTC&useUnicode=true&useSSL=false&characterEncoding=utf8&allowPublicKeyRetrieval=true
[INFO] [11:04:09.680] [JavaFX Application Thread] [] com.toolplat.generator.gui.util.DbUtil.getConnection:148 --> getConnection, connection url: com.mysql.cj.jdbc.ConnectionImpl@1ba9c9d9
[INFO] [11:04:11.773] [JavaFX Application Thread] [] com.toolplat.generator.gui.util.DbUtil.getConnectionUrlWithSchema:223 --> getConnectionUrlWithSchema, connection url: jdbc:mysql://127.0.0.1:3306/temp_utf8?serverTimezone=UTC&useUnicode=true&useSSL=false&characterEncoding=utf8&allowPublicKeyRetrieval=true
[INFO] [11:04:11.774] [JavaFX Application Thread] [] com.toolplat.generator.gui.util.DbUtil.getUniqueKeys:247 --> getTableColumns, connection url: jdbc:mysql://127.0.0.1:3306/temp_utf8?serverTimezone=UTC&useUnicode=true&useSSL=false&characterEncoding=utf8&allowPublicKeyRetrieval=true
[INFO] [11:04:11.774] [JavaFX Application Thread] [] com.toolplat.generator.gui.util.DbUtil.getConnectionUrlWithSchema:223 --> getConnectionUrlWithSchema, connection url: jdbc:mysql://127.0.0.1:3306/temp_utf8?serverTimezone=UTC&useUnicode=true&useSSL=false&characterEncoding=utf8&allowPublicKeyRetrieval=true
[INFO] [11:04:11.779] [JavaFX Application Thread] [] com.toolplat.generator.gui.util.DbUtil.getConnection:148 --> getConnection, connection url: com.mysql.cj.jdbc.ConnectionImpl@102c9ac8
[INFO] [11:04:15.064] [JavaFX Application Thread] [] com.toolplat.generator.gui.util.ConfigHelper.findConnectorLibPath:253 --> jar resource: file:/Users/suyin/Documents/MySpace/mybatis-generator-tddl/generator-gui/target/classes/logback.xml
[INFO] [11:04:15.065] [JavaFX Application Thread] [] com.toolplat.generator.gui.bridge.MybatisGeneratorBridge.generate:80 --> connectorLibPath: /Users/suyin/Documents/MySpace/mybatis-generator-tddl/generator-gui/target/classes/lib/mysql-connector-java-8.0.11.jar
[INFO] [11:04:15.068] [JavaFX Application Thread] [] com.toolplat.generator.gui.util.DbUtil.getConnectionUrlWithSchema:223 --> getConnectionUrlWithSchema, connection url: jdbc:mysql://127.0.0.1:3306/temp_utf8?serverTimezone=UTC&useUnicode=true&useSSL=false&characterEncoding=utf8&allowPublicKeyRetrieval=true
[DEBUG] [11:04:15.118] [JavaFX Application Thread] [] org.mybatis.generator.logging.LogFactory.setImplementation:105 --> Logging initialized using 'org.mybatis.generator.logging.slf4j.Slf4jLoggingLogFactory@d272d7f' adapter.
[DEBUG] [11:04:15.121] [JavaFX Application Thread] [] org.mybatis.generator.internal.db.DatabaseIntrospector.getColumns:501 --> Retrieving column information for table "temp_utf8.table_one_unique_key"
[DEBUG] [11:04:15.130] [JavaFX Application Thread] [] org.mybatis.generator.internal.db.DatabaseIntrospector.getColumns:559 --> Found column "id", data type -5, in table "temp_utf8..table_one_unique_key"
[DEBUG] [11:04:15.130] [JavaFX Application Thread] [] org.mybatis.generator.internal.db.DatabaseIntrospector.getColumns:559 --> Found column "gmt_create", data type 93, in table "temp_utf8..table_one_unique_key"
[DEBUG] [11:04:15.131] [JavaFX Application Thread] [] org.mybatis.generator.internal.db.DatabaseIntrospector.getColumns:559 --> Found column "gmt_modified", data type 93, in table "temp_utf8..table_one_unique_key"
[DEBUG] [11:04:15.132] [JavaFX Application Thread] [] org.mybatis.generator.internal.db.DatabaseIntrospector.getColumns:559 --> Found column "org_id", data type -5, in table "temp_utf8..table_one_unique_key"
[DEBUG] [11:04:15.132] [JavaFX Application Thread] [] org.mybatis.generator.internal.db.DatabaseIntrospector.getColumns:559 --> Found column "cid", data type 12, in table "temp_utf8..table_one_unique_key"
[DEBUG] [11:04:15.133] [JavaFX Application Thread] [] org.mybatis.generator.internal.db.DatabaseIntrospector.getColumns:559 --> Found column "code", data type 12, in table "temp_utf8..table_one_unique_key"
[INFO] [11:05:15.405] [JavaFX Application Thread] [] com.toolplat.generator.gui.util.ConfigHelper.findConnectorLibPath:253 --> jar resource: file:/Users/suyin/Documents/MySpace/mybatis-generator-tddl/generator-gui/target/classes/logback.xml
[INFO] [11:05:15.406] [JavaFX Application Thread] [] com.toolplat.generator.gui.bridge.MybatisGeneratorBridge.generate:80 --> connectorLibPath: /Users/suyin/Documents/MySpace/mybatis-generator-tddl/generator-gui/target/classes/lib/mysql-connector-java-8.0.11.jar
[INFO] [11:05:15.406] [JavaFX Application Thread] [] com.toolplat.generator.gui.util.DbUtil.getConnectionUrlWithSchema:223 --> getConnectionUrlWithSchema, connection url: jdbc:mysql://127.0.0.1:3306/temp_utf8?serverTimezone=UTC&useUnicode=true&useSSL=false&characterEncoding=utf8&allowPublicKeyRetrieval=true
[DEBUG] [11:05:15.410] [JavaFX Application Thread] [] org.mybatis.generator.internal.db.DatabaseIntrospector.getColumns:501 --> Retrieving column information for table "temp_utf8.table_one_unique_key"
[DEBUG] [11:05:15.413] [JavaFX Application Thread] [] org.mybatis.generator.internal.db.DatabaseIntrospector.getColumns:559 --> Found column "id", data type -5, in table "temp_utf8..table_one_unique_key"
[DEBUG] [11:05:15.414] [JavaFX Application Thread] [] org.mybatis.generator.internal.db.DatabaseIntrospector.getColumns:559 --> Found column "gmt_create", data type 93, in table "temp_utf8..table_one_unique_key"
[DEBUG] [11:05:15.414] [JavaFX Application Thread] [] org.mybatis.generator.internal.db.DatabaseIntrospector.getColumns:559 --> Found column "gmt_modified", data type 93, in table "temp_utf8..table_one_unique_key"
[DEBUG] [11:05:15.414] [JavaFX Application Thread] [] org.mybatis.generator.internal.db.DatabaseIntrospector.getColumns:559 --> Found column "org_id", data type -5, in table "temp_utf8..table_one_unique_key"
[DEBUG] [11:05:15.414] [JavaFX Application Thread] [] org.mybatis.generator.internal.db.DatabaseIntrospector.getColumns:559 --> Found column "cid", data type 12, in table "temp_utf8..table_one_unique_key"
[DEBUG] [11:05:15.415] [JavaFX Application Thread] [] org.mybatis.generator.internal.db.DatabaseIntrospector.getColumns:559 --> Found column "code", data type 12, in table "temp_utf8..table_one_unique_key"
[INFO] [11:06:08.761] [JavaFX Application Thread] [] com.toolplat.generator.gui.util.ConfigHelper.findConnectorLibPath:253 --> jar resource: file:/Users/suyin/Documents/MySpace/mybatis-generator-tddl/generator-gui/target/classes/logback.xml
[INFO] [11:06:08.762] [JavaFX Application Thread] [] com.toolplat.generator.gui.bridge.MybatisGeneratorBridge.generate:80 --> connectorLibPath: /Users/suyin/Documents/MySpace/mybatis-generator-tddl/generator-gui/target/classes/lib/mysql-connector-java-8.0.11.jar
[INFO] [11:06:08.762] [JavaFX Application Thread] [] com.toolplat.generator.gui.util.DbUtil.getConnectionUrlWithSchema:223 --> getConnectionUrlWithSchema, connection url: jdbc:mysql://127.0.0.1:3306/temp_utf8?serverTimezone=UTC&useUnicode=true&useSSL=false&characterEncoding=utf8&allowPublicKeyRetrieval=true
[DEBUG] [11:06:08.766] [JavaFX Application Thread] [] org.mybatis.generator.internal.db.DatabaseIntrospector.getColumns:501 --> Retrieving column information for table "temp_utf8.table_one_unique_key"
[DEBUG] [11:06:08.768] [JavaFX Application Thread] [] org.mybatis.generator.internal.db.DatabaseIntrospector.getColumns:559 --> Found column "id", data type -5, in table "temp_utf8..table_one_unique_key"
[DEBUG] [11:06:08.769] [JavaFX Application Thread] [] org.mybatis.generator.internal.db.DatabaseIntrospector.getColumns:559 --> Found column "gmt_create", data type 93, in table "temp_utf8..table_one_unique_key"
[DEBUG] [11:06:08.769] [JavaFX Application Thread] [] org.mybatis.generator.internal.db.DatabaseIntrospector.getColumns:559 --> Found column "gmt_modified", data type 93, in table "temp_utf8..table_one_unique_key"
[DEBUG] [11:06:08.769] [JavaFX Application Thread] [] org.mybatis.generator.internal.db.DatabaseIntrospector.getColumns:559 --> Found column "org_id", data type -5, in table "temp_utf8..table_one_unique_key"
[DEBUG] [11:06:08.770] [JavaFX Application Thread] [] org.mybatis.generator.internal.db.DatabaseIntrospector.getColumns:559 --> Found column "cid", data type 12, in table "temp_utf8..table_one_unique_key"
[DEBUG] [11:06:08.770] [JavaFX Application Thread] [] org.mybatis.generator.internal.db.DatabaseIntrospector.getColumns:559 --> Found column "code", data type 12, in table "temp_utf8..table_one_unique_key"
[INFO] [11:07:57.204] [JavaFX Application Thread] [] com.toolplat.generator.gui.util.ConfigHelper.findConnectorLibPath:253 --> jar resource: file:/Users/suyin/Documents/MySpace/mybatis-generator-tddl/generator-gui/target/classes/logback.xml
[INFO] [11:07:57.205] [JavaFX Application Thread] [] com.toolplat.generator.gui.bridge.MybatisGeneratorBridge.generate:80 --> connectorLibPath: /Users/suyin/Documents/MySpace/mybatis-generator-tddl/generator-gui/target/classes/lib/mysql-connector-java-8.0.11.jar
[INFO] [11:07:57.206] [JavaFX Application Thread] [] com.toolplat.generator.gui.util.DbUtil.getConnectionUrlWithSchema:223 --> getConnectionUrlWithSchema, connection url: jdbc:mysql://127.0.0.1:3306/temp_utf8?serverTimezone=UTC&useUnicode=true&useSSL=false&characterEncoding=utf8&allowPublicKeyRetrieval=true
[DEBUG] [11:07:57.209] [JavaFX Application Thread] [] org.mybatis.generator.internal.db.DatabaseIntrospector.getColumns:501 --> Retrieving column information for table "temp_utf8.table_one_unique_key"
[DEBUG] [11:07:57.211] [JavaFX Application Thread] [] org.mybatis.generator.internal.db.DatabaseIntrospector.getColumns:559 --> Found column "id", data type -5, in table "temp_utf8..table_one_unique_key"
[DEBUG] [11:07:57.211] [JavaFX Application Thread] [] org.mybatis.generator.internal.db.DatabaseIntrospector.getColumns:559 --> Found column "gmt_create", data type 93, in table "temp_utf8..table_one_unique_key"
[DEBUG] [11:07:57.211] [JavaFX Application Thread] [] org.mybatis.generator.internal.db.DatabaseIntrospector.getColumns:559 --> Found column "gmt_modified", data type 93, in table "temp_utf8..table_one_unique_key"
[DEBUG] [11:07:57.211] [JavaFX Application Thread] [] org.mybatis.generator.internal.db.DatabaseIntrospector.getColumns:559 --> Found column "org_id", data type -5, in table "temp_utf8..table_one_unique_key"
[DEBUG] [11:07:57.212] [JavaFX Application Thread] [] org.mybatis.generator.internal.db.DatabaseIntrospector.getColumns:559 --> Found column "cid", data type 12, in table "temp_utf8..table_one_unique_key"
[DEBUG] [11:07:57.212] [JavaFX Application Thread] [] org.mybatis.generator.internal.db.DatabaseIntrospector.getColumns:559 --> Found column "code", data type 12, in table "temp_utf8..table_one_unique_key"
[INFO] [11:09:45.296] [JavaFX Application Thread] [] com.toolplat.generator.gui.util.ConfigHelper.findConnectorLibPath:253 --> jar resource: file:/Users/suyin/Documents/MySpace/mybatis-generator-tddl/generator-gui/target/classes/logback.xml
[INFO] [11:09:45.297] [JavaFX Application Thread] [] com.toolplat.generator.gui.bridge.MybatisGeneratorBridge.generate:80 --> connectorLibPath: /Users/suyin/Documents/MySpace/mybatis-generator-tddl/generator-gui/target/classes/lib/mysql-connector-java-8.0.11.jar
[INFO] [11:09:45.297] [JavaFX Application Thread] [] com.toolplat.generator.gui.util.DbUtil.getConnectionUrlWithSchema:223 --> getConnectionUrlWithSchema, connection url: jdbc:mysql://127.0.0.1:3306/temp_utf8?serverTimezone=UTC&useUnicode=true&useSSL=false&characterEncoding=utf8&allowPublicKeyRetrieval=true
[DEBUG] [11:09:45.300] [JavaFX Application Thread] [] org.mybatis.generator.internal.db.DatabaseIntrospector.getColumns:501 --> Retrieving column information for table "temp_utf8.table_one_unique_key"
[DEBUG] [11:09:45.302] [JavaFX Application Thread] [] org.mybatis.generator.internal.db.DatabaseIntrospector.getColumns:559 --> Found column "id", data type -5, in table "temp_utf8..table_one_unique_key"
[DEBUG] [11:09:45.303] [JavaFX Application Thread] [] org.mybatis.generator.internal.db.DatabaseIntrospector.getColumns:559 --> Found column "gmt_create", data type 93, in table "temp_utf8..table_one_unique_key"
[DEBUG] [11:09:45.303] [JavaFX Application Thread] [] org.mybatis.generator.internal.db.DatabaseIntrospector.getColumns:559 --> Found column "gmt_modified", data type 93, in table "temp_utf8..table_one_unique_key"
[DEBUG] [11:09:45.303] [JavaFX Application Thread] [] org.mybatis.generator.internal.db.DatabaseIntrospector.getColumns:559 --> Found column "org_id", data type -5, in table "temp_utf8..table_one_unique_key"
[DEBUG] [11:09:45.303] [JavaFX Application Thread] [] org.mybatis.generator.internal.db.DatabaseIntrospector.getColumns:559 --> Found column "cid", data type 12, in table "temp_utf8..table_one_unique_key"
[DEBUG] [11:09:45.304] [JavaFX Application Thread] [] org.mybatis.generator.internal.db.DatabaseIntrospector.getColumns:559 --> Found column "code", data type 12, in table "temp_utf8..table_one_unique_key"
[INFO] [11:32:00.286] [JavaFX Application Thread] [] com.toolplat.generator.gui.util.ConfigHelper.findConnectorLibPath:253 --> jar resource: file:/Users/suyin/Documents/MySpace/mybatis-generator-tddl/generator-gui/target/classes/logback.xml
[INFO] [11:32:00.287] [JavaFX Application Thread] [] com.toolplat.generator.gui.bridge.MybatisGeneratorBridge.generate:80 --> connectorLibPath: /Users/suyin/Documents/MySpace/mybatis-generator-tddl/generator-gui/target/classes/lib/mysql-connector-java-8.0.11.jar
[INFO] [11:32:00.288] [JavaFX Application Thread] [] com.toolplat.generator.gui.util.DbUtil.getConnectionUrlWithSchema:223 --> getConnectionUrlWithSchema, connection url: jdbc:mysql://127.0.0.1:3306/temp_utf8?serverTimezone=UTC&useUnicode=true&useSSL=false&characterEncoding=utf8&allowPublicKeyRetrieval=true
[DEBUG] [11:32:00.291] [JavaFX Application Thread] [] org.mybatis.generator.internal.db.DatabaseIntrospector.getColumns:501 --> Retrieving column information for table "temp_utf8.table_one_unique_key"
[DEBUG] [11:32:00.293] [JavaFX Application Thread] [] org.mybatis.generator.internal.db.DatabaseIntrospector.getColumns:559 --> Found column "id", data type -5, in table "temp_utf8..table_one_unique_key"
[DEBUG] [11:32:00.293] [JavaFX Application Thread] [] org.mybatis.generator.internal.db.DatabaseIntrospector.getColumns:559 --> Found column "gmt_create", data type 93, in table "temp_utf8..table_one_unique_key"
[DEBUG] [11:32:00.294] [JavaFX Application Thread] [] org.mybatis.generator.internal.db.DatabaseIntrospector.getColumns:559 --> Found column "gmt_modified", data type 93, in table "temp_utf8..table_one_unique_key"
[DEBUG] [11:32:00.294] [JavaFX Application Thread] [] org.mybatis.generator.internal.db.DatabaseIntrospector.getColumns:559 --> Found column "org_id", data type -5, in table "temp_utf8..table_one_unique_key"
[DEBUG] [11:32:00.294] [JavaFX Application Thread] [] org.mybatis.generator.internal.db.DatabaseIntrospector.getColumns:559 --> Found column "cid", data type 12, in table "temp_utf8..table_one_unique_key"
[DEBUG] [11:32:00.294] [JavaFX Application Thread] [] org.mybatis.generator.internal.db.DatabaseIntrospector.getColumns:559 --> Found column "code", data type 12, in table "temp_utf8..table_one_unique_key"
[INFO] [11:34:38.870] [JavaFX Application Thread] [] com.toolplat.generator.gui.util.ConnectionManager.getConnection:20 --> database FilePath :/Users/suyin/Documents/MySpace/mybatis-generator-tddl/./config/sqlite3.db
[INFO] [11:34:41.450] [JavaFX Application Thread] [] com.toolplat.generator.gui.util.ConnectionManager.getConnection:20 --> database FilePath :/Users/suyin/Documents/MySpace/mybatis-generator-tddl/./config/sqlite3.db
[INFO] [11:34:41.451] [JavaFX Application Thread] [] com.toolplat.generator.gui.util.ConfigHelper.loadGeneratorConfigs:216 --> sql: SELECT * FROM generator_config
[INFO] [11:34:42.535] [JavaFX Application Thread] [] com.toolplat.generator.gui.util.ConnectionManager.getConnection:20 --> database FilePath :/Users/suyin/Documents/MySpace/mybatis-generator-tddl/./config/sqlite3.db
[INFO] [11:34:42.536] [JavaFX Application Thread] [] com.toolplat.generator.gui.util.ConfigHelper.loadGeneratorConfig:187 --> sql: SELECT * FROM generator_config where name='test'
[INFO] [11:34:43.819] [JavaFX Application Thread] [] com.toolplat.generator.gui.util.ConfigHelper.getAllJDBCDriverJarPaths:276 --> jar lib path: /Users/suyin/Documents/MySpace/mybatis-generator-tddl/src/main/resources/lib
[INFO] [11:34:43.821] [JavaFX Application Thread] [] com.toolplat.generator.gui.util.DbUtil.loadDbDriver:237 --> load driver class: com.mysql.cj.jdbc.Driver@64105da7
[INFO] [11:34:43.821] [JavaFX Application Thread] [] com.toolplat.generator.gui.util.DbUtil.getConnectionUrlWithSchema:223 --> getConnectionUrlWithSchema, connection url: jdbc:mysql://127.0.0.1:3306/temp_utf8?serverTimezone=UTC&useUnicode=true&useSSL=false&characterEncoding=utf8&allowPublicKeyRetrieval=true
[INFO] [11:34:43.968] [JavaFX Application Thread] [] com.toolplat.generator.gui.util.DbUtil.getConnection:148 --> getConnection, connection url: com.mysql.cj.jdbc.ConnectionImpl@4669c14c
[INFO] [11:34:45.178] [JavaFX Application Thread] [] com.toolplat.generator.gui.util.DbUtil.getConnectionUrlWithSchema:223 --> getConnectionUrlWithSchema, connection url: jdbc:mysql://127.0.0.1:3306/temp_utf8?serverTimezone=UTC&useUnicode=true&useSSL=false&characterEncoding=utf8&allowPublicKeyRetrieval=true
[INFO] [11:34:45.178] [JavaFX Application Thread] [] com.toolplat.generator.gui.util.DbUtil.getUniqueKeys:247 --> getTableColumns, connection url: jdbc:mysql://127.0.0.1:3306/temp_utf8?serverTimezone=UTC&useUnicode=true&useSSL=false&characterEncoding=utf8&allowPublicKeyRetrieval=true
[INFO] [11:34:45.179] [JavaFX Application Thread] [] com.toolplat.generator.gui.util.DbUtil.getConnectionUrlWithSchema:223 --> getConnectionUrlWithSchema, connection url: jdbc:mysql://127.0.0.1:3306/temp_utf8?serverTimezone=UTC&useUnicode=true&useSSL=false&characterEncoding=utf8&allowPublicKeyRetrieval=true
[INFO] [11:34:45.182] [JavaFX Application Thread] [] com.toolplat.generator.gui.util.DbUtil.getConnection:148 --> getConnection, connection url: com.mysql.cj.jdbc.ConnectionImpl@9211889
[INFO] [11:34:46.661] [JavaFX Application Thread] [] com.toolplat.generator.gui.util.ConfigHelper.findConnectorLibPath:253 --> jar resource: file:/Users/suyin/Documents/MySpace/mybatis-generator-tddl/generator-gui/target/classes/logback.xml
[INFO] [11:34:46.662] [JavaFX Application Thread] [] com.toolplat.generator.gui.bridge.MybatisGeneratorBridge.generate:80 --> connectorLibPath: /Users/suyin/Documents/MySpace/mybatis-generator-tddl/generator-gui/target/classes/lib/mysql-connector-java-8.0.11.jar
[INFO] [11:34:46.664] [JavaFX Application Thread] [] com.toolplat.generator.gui.util.DbUtil.getConnectionUrlWithSchema:223 --> getConnectionUrlWithSchema, connection url: jdbc:mysql://127.0.0.1:3306/temp_utf8?serverTimezone=UTC&useUnicode=true&useSSL=false&characterEncoding=utf8&allowPublicKeyRetrieval=true
[DEBUG] [11:34:46.696] [JavaFX Application Thread] [] org.mybatis.generator.logging.LogFactory.setImplementation:105 --> Logging initialized using 'org.mybatis.generator.logging.slf4j.Slf4jLoggingLogFactory@32fb6fb4' adapter.
[DEBUG] [11:34:46.698] [JavaFX Application Thread] [] org.mybatis.generator.internal.db.DatabaseIntrospector.getColumns:501 --> Retrieving column information for table "temp_utf8.table_one_unique_key"
[DEBUG] [11:34:46.703] [JavaFX Application Thread] [] org.mybatis.generator.internal.db.DatabaseIntrospector.getColumns:559 --> Found column "id", data type -5, in table "temp_utf8..table_one_unique_key"
[DEBUG] [11:34:46.704] [JavaFX Application Thread] [] org.mybatis.generator.internal.db.DatabaseIntrospector.getColumns:559 --> Found column "gmt_create", data type 93, in table "temp_utf8..table_one_unique_key"
[DEBUG] [11:34:46.704] [JavaFX Application Thread] [] org.mybatis.generator.internal.db.DatabaseIntrospector.getColumns:559 --> Found column "gmt_modified", data type 93, in table "temp_utf8..table_one_unique_key"
[DEBUG] [11:34:46.704] [JavaFX Application Thread] [] org.mybatis.generator.internal.db.DatabaseIntrospector.getColumns:559 --> Found column "org_id", data type -5, in table "temp_utf8..table_one_unique_key"
[DEBUG] [11:34:46.705] [JavaFX Application Thread] [] org.mybatis.generator.internal.db.DatabaseIntrospector.getColumns:559 --> Found column "cid", data type 12, in table "temp_utf8..table_one_unique_key"
[DEBUG] [11:34:46.705] [JavaFX Application Thread] [] org.mybatis.generator.internal.db.DatabaseIntrospector.getColumns:559 --> Found column "code", data type 12, in table "temp_utf8..table_one_unique_key"
[INFO] [11:35:02.390] [JavaFX Application Thread] [] com.toolplat.generator.gui.util.ConfigHelper.findConnectorLibPath:253 --> jar resource: file:/Users/suyin/Documents/MySpace/mybatis-generator-tddl/generator-gui/target/classes/logback.xml
[INFO] [11:35:02.391] [JavaFX Application Thread] [] com.toolplat.generator.gui.bridge.MybatisGeneratorBridge.generate:80 --> connectorLibPath: /Users/suyin/Documents/MySpace/mybatis-generator-tddl/generator-gui/target/classes/lib/mysql-connector-java-8.0.11.jar
[INFO] [11:35:02.391] [JavaFX Application Thread] [] com.toolplat.generator.gui.util.DbUtil.getConnectionUrlWithSchema:223 --> getConnectionUrlWithSchema, connection url: jdbc:mysql://127.0.0.1:3306/temp_utf8?serverTimezone=UTC&useUnicode=true&useSSL=false&characterEncoding=utf8&allowPublicKeyRetrieval=true
[DEBUG] [11:35:02.394] [JavaFX Application Thread] [] org.mybatis.generator.internal.db.DatabaseIntrospector.getColumns:501 --> Retrieving column information for table "temp_utf8.table_one_unique_key"
[DEBUG] [11:35:02.397] [JavaFX Application Thread] [] org.mybatis.generator.internal.db.DatabaseIntrospector.getColumns:559 --> Found column "id", data type -5, in table "temp_utf8..table_one_unique_key"
[DEBUG] [11:35:02.397] [JavaFX Application Thread] [] org.mybatis.generator.internal.db.DatabaseIntrospector.getColumns:559 --> Found column "gmt_create", data type 93, in table "temp_utf8..table_one_unique_key"
[DEBUG] [11:35:02.397] [JavaFX Application Thread] [] org.mybatis.generator.internal.db.DatabaseIntrospector.getColumns:559 --> Found column "gmt_modified", data type 93, in table "temp_utf8..table_one_unique_key"
[DEBUG] [11:35:02.398] [JavaFX Application Thread] [] org.mybatis.generator.internal.db.DatabaseIntrospector.getColumns:559 --> Found column "org_id", data type -5, in table "temp_utf8..table_one_unique_key"
[DEBUG] [11:35:02.398] [JavaFX Application Thread] [] org.mybatis.generator.internal.db.DatabaseIntrospector.getColumns:559 --> Found column "cid", data type 12, in table "temp_utf8..table_one_unique_key"
[DEBUG] [11:35:02.398] [JavaFX Application Thread] [] org.mybatis.generator.internal.db.DatabaseIntrospector.getColumns:559 --> Found column "code", data type 12, in table "temp_utf8..table_one_unique_key"
[INFO] [11:35:13.216] [JavaFX Application Thread] [] com.toolplat.generator.gui.util.ConfigHelper.findConnectorLibPath:253 --> jar resource: file:/Users/suyin/Documents/MySpace/mybatis-generator-tddl/generator-gui/target/classes/logback.xml
[INFO] [11:35:13.217] [JavaFX Application Thread] [] com.toolplat.generator.gui.bridge.MybatisGeneratorBridge.generate:80 --> connectorLibPath: /Users/suyin/Documents/MySpace/mybatis-generator-tddl/generator-gui/target/classes/lib/mysql-connector-java-8.0.11.jar
[INFO] [11:35:13.217] [JavaFX Application Thread] [] com.toolplat.generator.gui.util.DbUtil.getConnectionUrlWithSchema:223 --> getConnectionUrlWithSchema, connection url: jdbc:mysql://127.0.0.1:3306/temp_utf8?serverTimezone=UTC&useUnicode=true&useSSL=false&characterEncoding=utf8&allowPublicKeyRetrieval=true
[DEBUG] [11:35:13.220] [JavaFX Application Thread] [] org.mybatis.generator.internal.db.DatabaseIntrospector.getColumns:501 --> Retrieving column information for table "temp_utf8.table_one_unique_key"
[DEBUG] [11:35:13.223] [JavaFX Application Thread] [] org.mybatis.generator.internal.db.DatabaseIntrospector.getColumns:559 --> Found column "id", data type -5, in table "temp_utf8..table_one_unique_key"
[DEBUG] [11:35:13.223] [JavaFX Application Thread] [] org.mybatis.generator.internal.db.DatabaseIntrospector.getColumns:559 --> Found column "gmt_create", data type 93, in table "temp_utf8..table_one_unique_key"
[DEBUG] [11:35:13.223] [JavaFX Application Thread] [] org.mybatis.generator.internal.db.DatabaseIntrospector.getColumns:559 --> Found column "gmt_modified", data type 93, in table "temp_utf8..table_one_unique_key"
[DEBUG] [11:35:13.224] [JavaFX Application Thread] [] org.mybatis.generator.internal.db.DatabaseIntrospector.getColumns:559 --> Found column "org_id", data type -5, in table "temp_utf8..table_one_unique_key"
[DEBUG] [11:35:13.224] [JavaFX Application Thread] [] org.mybatis.generator.internal.db.DatabaseIntrospector.getColumns:559 --> Found column "cid", data type 12, in table "temp_utf8..table_one_unique_key"
[DEBUG] [11:35:13.225] [JavaFX Application Thread] [] org.mybatis.generator.internal.db.DatabaseIntrospector.getColumns:559 --> Found column "code", data type 12, in table "temp_utf8..table_one_unique_key"
[INFO] [11:35:38.229] [JavaFX Application Thread] [] com.toolplat.generator.gui.util.ConfigHelper.findConnectorLibPath:253 --> jar resource: file:/Users/suyin/Documents/MySpace/mybatis-generator-tddl/generator-gui/target/classes/logback.xml
[INFO] [11:35:38.230] [JavaFX Application Thread] [] com.toolplat.generator.gui.bridge.MybatisGeneratorBridge.generate:80 --> connectorLibPath: /Users/suyin/Documents/MySpace/mybatis-generator-tddl/generator-gui/target/classes/lib/mysql-connector-java-8.0.11.jar
[INFO] [11:35:38.231] [JavaFX Application Thread] [] com.toolplat.generator.gui.util.DbUtil.getConnectionUrlWithSchema:223 --> getConnectionUrlWithSchema, connection url: jdbc:mysql://127.0.0.1:3306/temp_utf8?serverTimezone=UTC&useUnicode=true&useSSL=false&characterEncoding=utf8&allowPublicKeyRetrieval=true
[DEBUG] [11:35:38.234] [JavaFX Application Thread] [] org.mybatis.generator.internal.db.DatabaseIntrospector.getColumns:501 --> Retrieving column information for table "temp_utf8.table_one_unique_key"
[DEBUG] [11:35:38.236] [JavaFX Application Thread] [] org.mybatis.generator.internal.db.DatabaseIntrospector.getColumns:559 --> Found column "id", data type -5, in table "temp_utf8..table_one_unique_key"
[DEBUG] [11:35:38.237] [JavaFX Application Thread] [] org.mybatis.generator.internal.db.DatabaseIntrospector.getColumns:559 --> Found column "gmt_create", data type 93, in table "temp_utf8..table_one_unique_key"
[DEBUG] [11:35:38.237] [JavaFX Application Thread] [] org.mybatis.generator.internal.db.DatabaseIntrospector.getColumns:559 --> Found column "gmt_modified", data type 93, in table "temp_utf8..table_one_unique_key"
[DEBUG] [11:35:38.237] [JavaFX Application Thread] [] org.mybatis.generator.internal.db.DatabaseIntrospector.getColumns:559 --> Found column "org_id", data type -5, in table "temp_utf8..table_one_unique_key"
[DEBUG] [11:35:38.237] [JavaFX Application Thread] [] org.mybatis.generator.internal.db.DatabaseIntrospector.getColumns:559 --> Found column "cid", data type 12, in table "temp_utf8..table_one_unique_key"
[DEBUG] [11:35:38.237] [JavaFX Application Thread] [] org.mybatis.generator.internal.db.DatabaseIntrospector.getColumns:559 --> Found column "code", data type 12, in table "temp_utf8..table_one_unique_key"
[INFO] [11:35:40.804] [JavaFX Application Thread] [] com.toolplat.generator.gui.util.DbUtil.getConnectionUrlWithSchema:223 --> getConnectionUrlWithSchema, connection url: jdbc:mysql://127.0.0.1:3306/temp_utf8?serverTimezone=UTC&useUnicode=true&useSSL=false&characterEncoding=utf8&allowPublicKeyRetrieval=true
[INFO] [11:35:40.804] [JavaFX Application Thread] [] com.toolplat.generator.gui.util.DbUtil.getUniqueKeys:247 --> getTableColumns, connection url: jdbc:mysql://127.0.0.1:3306/temp_utf8?serverTimezone=UTC&useUnicode=true&useSSL=false&characterEncoding=utf8&allowPublicKeyRetrieval=true
[INFO] [11:35:40.804] [JavaFX Application Thread] [] com.toolplat.generator.gui.util.DbUtil.getConnectionUrlWithSchema:223 --> getConnectionUrlWithSchema, connection url: jdbc:mysql://127.0.0.1:3306/temp_utf8?serverTimezone=UTC&useUnicode=true&useSSL=false&characterEncoding=utf8&allowPublicKeyRetrieval=true
[INFO] [11:35:40.807] [JavaFX Application Thread] [] com.toolplat.generator.gui.util.DbUtil.getConnection:148 --> getConnection, connection url: com.mysql.cj.jdbc.ConnectionImpl@1bbd466
[INFO] [11:35:41.997] [JavaFX Application Thread] [] com.toolplat.generator.gui.util.ConfigHelper.findConnectorLibPath:253 --> jar resource: file:/Users/suyin/Documents/MySpace/mybatis-generator-tddl/generator-gui/target/classes/logback.xml
[INFO] [11:35:41.997] [JavaFX Application Thread] [] com.toolplat.generator.gui.bridge.MybatisGeneratorBridge.generate:80 --> connectorLibPath: /Users/suyin/Documents/MySpace/mybatis-generator-tddl/generator-gui/target/classes/lib/mysql-connector-java-8.0.11.jar
[INFO] [11:35:41.998] [JavaFX Application Thread] [] com.toolplat.generator.gui.util.DbUtil.getConnectionUrlWithSchema:223 --> getConnectionUrlWithSchema, connection url: jdbc:mysql://127.0.0.1:3306/temp_utf8?serverTimezone=UTC&useUnicode=true&useSSL=false&characterEncoding=utf8&allowPublicKeyRetrieval=true
[ERROR] [11:35:42.004] [JavaFX Application Thread] [] com.toolplat.generator.gui.view.AlertUtil.showErrorAlert:27 --> 
[INFO] [11:35:47.587] [JavaFX Application Thread] [] com.toolplat.generator.gui.util.ConfigHelper.findConnectorLibPath:253 --> jar resource: file:/Users/suyin/Documents/MySpace/mybatis-generator-tddl/generator-gui/target/classes/logback.xml
[INFO] [11:35:47.587] [JavaFX Application Thread] [] com.toolplat.generator.gui.bridge.MybatisGeneratorBridge.generate:80 --> connectorLibPath: /Users/suyin/Documents/MySpace/mybatis-generator-tddl/generator-gui/target/classes/lib/mysql-connector-java-8.0.11.jar
[INFO] [11:35:47.588] [JavaFX Application Thread] [] com.toolplat.generator.gui.util.DbUtil.getConnectionUrlWithSchema:223 --> getConnectionUrlWithSchema, connection url: jdbc:mysql://127.0.0.1:3306/temp_utf8?serverTimezone=UTC&useUnicode=true&useSSL=false&characterEncoding=utf8&allowPublicKeyRetrieval=true
[DEBUG] [11:35:47.590] [JavaFX Application Thread] [] org.mybatis.generator.internal.db.DatabaseIntrospector.getColumns:501 --> Retrieving column information for table "temp_utf8.table_two_unique_key"
[DEBUG] [11:35:47.593] [JavaFX Application Thread] [] org.mybatis.generator.internal.db.DatabaseIntrospector.getColumns:559 --> Found column "id", data type -5, in table "temp_utf8..table_two_unique_key"
[DEBUG] [11:35:47.593] [JavaFX Application Thread] [] org.mybatis.generator.internal.db.DatabaseIntrospector.getColumns:559 --> Found column "gmt_create", data type 93, in table "temp_utf8..table_two_unique_key"
[DEBUG] [11:35:47.594] [JavaFX Application Thread] [] org.mybatis.generator.internal.db.DatabaseIntrospector.getColumns:559 --> Found column "gmt_modified", data type 93, in table "temp_utf8..table_two_unique_key"
[DEBUG] [11:35:47.594] [JavaFX Application Thread] [] org.mybatis.generator.internal.db.DatabaseIntrospector.getColumns:559 --> Found column "org_id", data type -5, in table "temp_utf8..table_two_unique_key"
[DEBUG] [11:35:47.594] [JavaFX Application Thread] [] org.mybatis.generator.internal.db.DatabaseIntrospector.getColumns:559 --> Found column "cid", data type 12, in table "temp_utf8..table_two_unique_key"
[DEBUG] [11:35:47.594] [JavaFX Application Thread] [] org.mybatis.generator.internal.db.DatabaseIntrospector.getColumns:559 --> Found column "code", data type 12, in table "temp_utf8..table_two_unique_key"
[INFO] [11:35:49.713] [JavaFX Application Thread] [] com.toolplat.generator.gui.util.DbUtil.getConnectionUrlWithSchema:223 --> getConnectionUrlWithSchema, connection url: jdbc:mysql://127.0.0.1:3306/temp_utf8?serverTimezone=UTC&useUnicode=true&useSSL=false&characterEncoding=utf8&allowPublicKeyRetrieval=true
[INFO] [11:35:49.713] [JavaFX Application Thread] [] com.toolplat.generator.gui.util.DbUtil.getUniqueKeys:247 --> getTableColumns, connection url: jdbc:mysql://127.0.0.1:3306/temp_utf8?serverTimezone=UTC&useUnicode=true&useSSL=false&characterEncoding=utf8&allowPublicKeyRetrieval=true
[INFO] [11:35:49.714] [JavaFX Application Thread] [] com.toolplat.generator.gui.util.DbUtil.getConnectionUrlWithSchema:223 --> getConnectionUrlWithSchema, connection url: jdbc:mysql://127.0.0.1:3306/temp_utf8?serverTimezone=UTC&useUnicode=true&useSSL=false&characterEncoding=utf8&allowPublicKeyRetrieval=true
[INFO] [11:35:49.716] [JavaFX Application Thread] [] com.toolplat.generator.gui.util.DbUtil.getConnection:148 --> getConnection, connection url: com.mysql.cj.jdbc.ConnectionImpl@68bb1034
[INFO] [11:35:50.749] [JavaFX Application Thread] [] com.toolplat.generator.gui.util.ConfigHelper.findConnectorLibPath:253 --> jar resource: file:/Users/suyin/Documents/MySpace/mybatis-generator-tddl/generator-gui/target/classes/logback.xml
[INFO] [11:35:50.749] [JavaFX Application Thread] [] com.toolplat.generator.gui.bridge.MybatisGeneratorBridge.generate:80 --> connectorLibPath: /Users/suyin/Documents/MySpace/mybatis-generator-tddl/generator-gui/target/classes/lib/mysql-connector-java-8.0.11.jar
[INFO] [11:35:50.749] [JavaFX Application Thread] [] com.toolplat.generator.gui.util.DbUtil.getConnectionUrlWithSchema:223 --> getConnectionUrlWithSchema, connection url: jdbc:mysql://127.0.0.1:3306/temp_utf8?serverTimezone=UTC&useUnicode=true&useSSL=false&characterEncoding=utf8&allowPublicKeyRetrieval=true
[DEBUG] [11:35:50.752] [JavaFX Application Thread] [] org.mybatis.generator.internal.db.DatabaseIntrospector.getColumns:501 --> Retrieving column information for table "temp_utf8.table_with_identify"
[DEBUG] [11:35:50.754] [JavaFX Application Thread] [] org.mybatis.generator.internal.db.DatabaseIntrospector.getColumns:559 --> Found column "id", data type -5, in table "temp_utf8..table_with_identify"
[DEBUG] [11:35:50.755] [JavaFX Application Thread] [] org.mybatis.generator.internal.db.DatabaseIntrospector.getColumns:559 --> Found column "gmt_create", data type 93, in table "temp_utf8..table_with_identify"
[DEBUG] [11:35:50.755] [JavaFX Application Thread] [] org.mybatis.generator.internal.db.DatabaseIntrospector.getColumns:559 --> Found column "gmt_modified", data type 93, in table "temp_utf8..table_with_identify"
[DEBUG] [11:35:50.755] [JavaFX Application Thread] [] org.mybatis.generator.internal.db.DatabaseIntrospector.getColumns:559 --> Found column "org_id", data type -5, in table "temp_utf8..table_with_identify"
[DEBUG] [11:35:50.755] [JavaFX Application Thread] [] org.mybatis.generator.internal.db.DatabaseIntrospector.getColumns:559 --> Found column "cid", data type 12, in table "temp_utf8..table_with_identify"
[DEBUG] [11:35:50.756] [JavaFX Application Thread] [] org.mybatis.generator.internal.db.DatabaseIntrospector.getColumns:559 --> Found column "code", data type 12, in table "temp_utf8..table_with_identify"
